2019-05-31 13:58:36[app.js] info: "App is running on port: 8080"
2019-05-31 13:58:36[app.js] info: "Connected to database mongodb://localhost:27017/small-node-js-project"
2019-05-31 14:21:38[app.js] info: "POST /api/signup 404 150 - 2.291 ms\n"
2019-05-31 14:21:55[app.js] info: "POST /api/authentication/signup 400 64 - 378.141 ms\n"
2019-05-31 14:22:12[app.js] info: "POST /api/authentication/signup 200 335 - 303.940 ms\n"
2019-05-31 14:22:47[app.js] info: "POST /api/authentication/signup 400 53 - 10.182 ms\n"
2019-05-31 14:23:27[app.js] info: "POST /api/authentication/signin 400 64 - 1.368 ms\n"
2019-05-31 14:23:39[app.js] info: "POST /api/authentication/signin 200 246 - 66.858 ms\n"
2019-05-31 14:24:00[app.js] info: "POST /api/authentication/signup 400 53 - 2.640 ms\n"
2019-05-31 14:24:08[app.js] info: "POST /api/authentication/signup 200 336 - 68.431 ms\n"
2019-05-31 15:27:10[app.js] info: "POST /localhost:8080/api/authentication/signin 404 180 - 1.161 ms\n"
2019-05-31 15:27:25[app.js] info: "POST /authentication/signin 404 161 - 0.221 ms\n"
2019-05-31 15:31:02[app.js] info: "POST /localhost:8080/api/authentication/signin 404 180 - 0.176 ms\n"
2019-05-31 15:45:26[app.js] info: "GET /app.js 404 145 - 0.666 ms\n"
2019-05-31 15:45:26[app.js] info: "GET /favicon.ico 404 150 - 0.175 ms\n"
2019-05-31 15:55:46[app.js] info: "POST /api/authentication/signin 200 246 - 426.968 ms\n"
2019-05-31 16:36:04[app.js] info: "App is running on port: 8080"
2019-05-31 16:36:04[app.js] info: "Connected to database mongodb://localhost:27017/small-node-js-project"
2019-05-31 17:34:14[app.js] info: "POST /api/authentication/signin 400 51 - 5.884 ms\n"
2019-05-31 17:34:47[app.js] info: "App is running on port: 8080"
2019-05-31 17:34:47[app.js] info: "Connected to database mongodb://localhost:27017/small-node-js-project"
2019-05-31 17:34:49[app.js] info: "POST /api/authentication/signin 400 51 - 6.355 ms\n"
2019-05-31 19:03:25[app.js] info: "App is running on port: 8080"
2019-05-31 19:03:25[app.js] info: "Connected to database mongodb://localhost:27017/small-node-js-project"
2019-05-31 19:08:55[app.js] info: "POST /api/authentication/signin 400 51 - 7.000 ms\n"
2019-05-31 19:10:38[app.js] info: "POST /api/authentication/signin 400 51 - 1.099 ms\n"
2019-05-31 19:12:56[app.js] info: "POST /api/authentication/signin 400 51 - 0.651 ms\n"
2019-05-31 19:15:30[app.js] info: "POST /api/authentication/signin 400 51 - 0.793 ms\n"
2019-05-31 19:15:41[app.js] info: "POST /api/authentication/signin 400 61 - 216.214 ms\n"
2019-05-31 19:20:13[app.js] info: "POST /api/authentication/signin 400 49 - 233.191 ms\n"
2019-05-31 19:20:33[app.js] info: "POST /api/authentication/signin 200 246 - 80.727 ms\n"
2019-05-31 19:21:54[app.js] info: "POST /api/authentication/signin 200 246 - 68.391 ms\n"
2019-05-31 19:24:53[app.js] info: "POST /api/authentication/signin 400 49 - 67.652 ms\n"
2019-05-31 19:25:17[app.js] info: "POST /api/authentication/signin 200 246 - 68.029 ms\n"
2019-05-31 19:46:42[app.js] info: "POST /api/authentication/signin 400 49 - 66.703 ms\n"
2019-05-31 19:46:55[app.js] info: "POST /api/authentication/signin 200 246 - 64.483 ms\n"
2019-05-31 20:00:51[app.js] info: "POST /api/authentication/signin 200 246 - 69.575 ms\n"
2019-05-31 20:22:48[app.js] info: "GET /api/user/info 404 152 - 3.328 ms\n"
2019-05-31 20:22:48[app.js] info: "GET /api/user/info?token= 404 152 - 0.208 ms\n"
2019-05-31 20:22:48[app.js] info: "GET /api/user/info?token= 404 152 - 0.148 ms\n"
2019-05-31 20:22:48[app.js] info: "GET /api/user/info?token= 404 152 - 0.193 ms\n"
2019-05-31 20:22:48[app.js] info: "GET /api/user/info?token= 404 152 - 0.120 ms\n"
2019-05-31 20:22:48[app.js] info: "GET /api/user/info?token= 404 152 - 0.144 ms\n"
2019-05-31 20:22:48[app.js] info: "GET /api/user/info?token= 404 152 - 0.212 ms\n"
2019-05-31 20:22:48[app.js] info: "GET /api/user/info?token= 404 152 - 0.151 ms\n"
2019-05-31 20:22:48[app.js] info: "GET /api/user/info?token= 404 152 - 0.110 ms\n"
2019-05-31 20:22:48[app.js] info: "GET /api/user/info?token= 404 152 - 0.138 ms\n"
2019-05-31 20:22:48[app.js] info: "GET /api/user/info?token= 404 152 - 0.151 ms\n"
2019-05-31 20:22:48[app.js] info: "GET /api/user/info?token= 404 152 - 0.153 ms\n"
2019-05-31 20:22:48[app.js] info: "GET /api/user/info?token= 404 152 - 0.609 ms\n"
2019-05-31 20:22:48[app.js] info: "GET /api/user/info?token= 404 152 - 0.131 ms\n"
2019-05-31 20:22:48[app.js] info: "GET /api/user/info?token= 404 152 - 0.313 ms\n"
2019-05-31 20:22:48[app.js] info: "GET /api/user/info?token= 404 152 - 0.111 ms\n"
2019-05-31 20:22:48[app.js] info: "GET /api/user/info?token= 404 152 - 0.182 ms\n"
2019-05-31 20:22:49[app.js] info: "GET /api/user/info?token= 404 152 - 0.277 ms\n"
2019-05-31 20:22:49[app.js] info: "GET /api/user/info?token= 404 152 - 0.658 ms\n"
2019-05-31 20:22:49[app.js] info: "GET /api/user/info?token= 404 152 - 0.173 ms\n"
2019-05-31 20:22:49[app.js] info: "GET /api/user/info?token= 404 152 - 0.159 ms\n"
2019-05-31 20:22:49[app.js] info: "GET /api/user/info?token= 404 152 - 0.175 ms\n"
2019-05-31 20:22:49[app.js] info: "GET /api/user/info?token= 404 152 - 0.109 ms\n"
2019-05-31 20:22:49[app.js] info: "GET /api/user/info?token= 404 152 - 0.205 ms\n"
2019-05-31 20:22:49[app.js] info: "GET /api/user/info?token= 404 152 - 0.138 ms\n"
2019-05-31 20:22:49[app.js] info: "GET /api/user/info?token= 404 152 - 0.147 ms\n"
2019-05-31 20:22:49[app.js] info: "GET /api/user/info?token= 404 152 - 0.191 ms\n"
2019-05-31 20:22:49[app.js] info: "GET /api/user/info?token= 404 152 - 0.114 ms\n"
2019-05-31 20:22:49[app.js] info: "GET /api/user/info?token= 404 152 - 0.133 ms\n"
2019-05-31 20:22:50[app.js] info: "GET /api/user/info?token= 404 152 - 0.156 ms\n"
2019-05-31 20:22:50[app.js] info: "GET /api/user/info?token= 404 152 - 0.115 ms\n"
2019-05-31 20:22:50[app.js] info: "GET /api/user/info?token= 404 152 - 0.111 ms\n"
2019-05-31 20:22:50[app.js] info: "GET /api/user/info?token= 404 152 - 0.202 ms\n"
2019-05-31 20:22:50[app.js] info: "GET /api/user/info?token= 404 152 - 0.119 ms\n"
2019-05-31 20:22:50[app.js] info: "GET /api/user/info?token= 404 152 - 0.130 ms\n"
2019-05-31 20:22:50[app.js] info: "GET /api/user/info?token= 404 152 - 0.105 ms\n"
2019-05-31 20:22:50[app.js] info: "GET /api/user/info?token= 404 152 - 0.106 ms\n"
2019-05-31 20:22:50[app.js] info: "GET /api/user/info?token= 404 152 - 0.125 ms\n"
2019-05-31 20:22:50[app.js] info: "GET /api/user/info?token= 404 152 - 0.151 ms\n"
2019-05-31 20:22:50[app.js] info: "GET /api/user/info?token= 404 152 - 0.241 ms\n"
2019-05-31 20:22:50[app.js] info: "GET /api/user/info?token= 404 152 - 0.194 ms\n"
2019-05-31 20:22:50[app.js] info: "GET /api/user/info?token= 404 152 - 0.154 ms\n"
2019-05-31 20:22:50[app.js] info: "GET /api/user/info?token= 404 152 - 0.144 ms\n"
2019-05-31 20:22:50[app.js] info: "GET /api/user/info?token= 404 152 - 0.141 ms\n"
2019-05-31 20:22:51[app.js] info: "GET /api/user/info?token= 404 152 - 0.117 ms\n"
2019-05-31 20:22:51[app.js] info: "GET /api/user/info?token= 404 152 - 0.261 ms\n"
2019-05-31 20:22:51[app.js] info: "GET /api/user/info?token= 404 152 - 0.158 ms\n"
2019-05-31 20:22:51[app.js] info: "GET /api/user/info?token= 404 152 - 0.108 ms\n"
2019-05-31 20:22:51[app.js] info: "GET /api/user/info?token= 404 152 - 0.208 ms\n"
2019-05-31 20:22:51[app.js] info: "GET /api/user/info?token= 404 152 - 0.109 ms\n"
2019-05-31 20:22:51[app.js] info: "GET /api/user/info?token= 404 152 - 0.104 ms\n"
2019-05-31 20:22:51[app.js] info: "GET /api/user/info?token= 404 152 - 0.129 ms\n"
2019-05-31 20:22:51[app.js] info: "GET /api/user/info?token= 404 152 - 0.109 ms\n"
2019-05-31 20:22:51[app.js] info: "GET /api/user/info?token= 404 152 - 0.112 ms\n"
2019-05-31 20:22:51[app.js] info: "GET /api/user/info?token= 404 152 - 0.104 ms\n"
2019-05-31 20:22:51[app.js] info: "GET /api/user/info?token= 404 152 - 0.139 ms\n"
2019-05-31 20:22:51[app.js] info: "GET /api/user/info?token= 404 152 - 0.200 ms\n"
2019-05-31 20:22:52[app.js] info: "GET /api/user/info?token= 404 152 - 0.190 ms\n"
2019-05-31 20:22:52[app.js] info: "GET /api/user/info?token= 404 152 - 0.145 ms\n"
2019-05-31 20:22:52[app.js] info: "GET /api/user/info?token= 404 152 - 0.159 ms\n"
2019-05-31 20:22:52[app.js] info: "GET /api/user/info?token= 404 152 - 0.129 ms\n"
2019-05-31 20:22:52[app.js] info: "GET /api/user/info?token= 404 152 - 0.116 ms\n"
2019-05-31 20:22:52[app.js] info: "GET /api/user/info?token= 404 152 - 0.151 ms\n"
2019-05-31 20:22:52[app.js] info: "GET /api/user/info?token= 404 152 - 0.140 ms\n"
2019-05-31 20:22:52[app.js] info: "GET /api/user/info?token= 404 152 - 0.193 ms\n"
2019-05-31 20:22:52[app.js] info: "GET /api/user/info?token= 404 152 - 0.406 ms\n"
2019-05-31 20:22:52[app.js] info: "GET /api/user/info?token= 404 152 - 0.350 ms\n"
2019-05-31 20:22:52[app.js] info: "GET /api/user/info?token= 404 152 - 0.150 ms\n"
2019-05-31 20:22:52[app.js] info: "GET /api/user/info?token= 404 152 - 0.122 ms\n"
2019-05-31 20:22:53[app.js] info: "GET /api/user/info?token= 404 152 - 0.265 ms\n"
2019-05-31 20:22:53[app.js] info: "GET /api/user/info?token= 404 152 - 0.103 ms\n"
2019-05-31 20:22:53[app.js] info: "GET /api/user/info?token= 404 152 - 0.179 ms\n"
2019-05-31 20:22:53[app.js] info: "GET /api/user/info?token= 404 152 - 0.182 ms\n"
2019-05-31 20:22:53[app.js] info: "GET /api/user/info?token= 404 152 - 0.124 ms\n"
2019-05-31 20:22:53[app.js] info: "GET /api/user/info?token= 404 152 - 0.197 ms\n"
2019-05-31 20:22:53[app.js] info: "GET /api/user/info?token= 404 152 - 0.163 ms\n"
2019-05-31 20:22:53[app.js] info: "GET /api/user/info?token= 404 152 - 0.120 ms\n"
2019-05-31 20:22:53[app.js] info: "GET /api/user/info?token= 404 152 - 0.158 ms\n"
2019-05-31 20:22:53[app.js] info: "GET /api/user/info?token= 404 152 - 0.128 ms\n"
2019-05-31 20:22:53[app.js] info: "GET /api/user/info?token= 404 152 - 0.115 ms\n"
2019-05-31 20:22:53[app.js] info: "GET /api/user/info?token= 404 152 - 0.110 ms\n"
2019-05-31 20:22:53[app.js] info: "GET /api/user/info?token= 404 152 - 0.129 ms\n"
2019-05-31 20:22:54[app.js] info: "GET /api/user/info?token= 404 152 - 0.145 ms\n"
2019-05-31 20:22:54[app.js] info: "GET /api/user/info?token= 404 152 - 0.119 ms\n"
2019-05-31 20:22:54[app.js] info: "GET /api/user/info?token= 404 152 - 0.495 ms\n"
2019-05-31 20:22:54[app.js] info: "GET /api/user/info?token= 404 152 - 0.109 ms\n"
2019-05-31 20:22:54[app.js] info: "GET /api/user/info?token= 404 152 - 0.192 ms\n"
2019-05-31 20:22:54[app.js] info: "GET /api/user/info?token= 404 152 - 0.107 ms\n"
2019-05-31 20:22:54[app.js] info: "GET /api/user/info?token= 404 152 - 0.137 ms\n"
2019-05-31 20:22:54[app.js] info: "GET /api/user/info?token= 404 152 - 0.107 ms\n"
2019-05-31 20:22:54[app.js] info: "GET /api/user/info?token= 404 152 - 0.102 ms\n"
2019-05-31 20:22:54[app.js] info: "GET /api/user/info?token= 404 152 - 0.144 ms\n"
2019-05-31 20:22:54[app.js] info: "GET /api/user/info?token= 404 152 - 0.111 ms\n"
2019-05-31 20:22:54[app.js] info: "GET /api/user/info?token= 404 152 - 0.144 ms\n"
2019-05-31 20:22:54[app.js] info: "GET /api/user/info?token= 404 152 - 0.135 ms\n"
2019-05-31 20:22:55[app.js] info: "GET /api/user/info?token= 404 152 - 0.168 ms\n"
2019-05-31 20:22:55[app.js] info: "GET /api/user/info?token= 404 152 - 0.114 ms\n"
2019-05-31 20:22:55[app.js] info: "GET /api/user/info?token= 404 152 - 0.140 ms\n"
2019-05-31 20:22:55[app.js] info: "GET /api/user/info?token= 404 152 - 0.117 ms\n"
2019-05-31 20:22:55[app.js] info: "GET /api/user/info?token= 404 152 - 0.153 ms\n"
2019-05-31 20:22:55[app.js] info: "GET /api/user/info?token= 404 152 - 0.177 ms\n"
2019-05-31 20:22:55[app.js] info: "GET /api/user/info?token= 404 152 - 0.123 ms\n"
2019-05-31 20:22:55[app.js] info: "GET /api/user/info?token= 404 152 - 0.125 ms\n"
2019-05-31 20:22:55[app.js] info: "GET /api/user/info?token= 404 152 - 0.203 ms\n"
2019-05-31 20:22:55[app.js] info: "GET /api/user/info?token= 404 152 - 0.098 ms\n"
2019-05-31 20:22:55[app.js] info: "GET /api/user/info?token= 404 152 - 0.201 ms\n"
2019-05-31 20:22:55[app.js] info: "GET /api/user/info?token= 404 152 - 0.248 ms\n"
2019-05-31 20:22:56[app.js] info: "GET /api/user/info?token= 404 152 - 0.126 ms\n"
2019-05-31 20:22:56[app.js] info: "GET /api/user/info?token= 404 152 - 0.187 ms\n"
2019-05-31 20:22:56[app.js] info: "GET /api/user/info?token= 404 152 - 0.133 ms\n"
2019-05-31 20:22:56[app.js] info: "GET /api/user/info?token= 404 152 - 0.110 ms\n"
2019-05-31 20:22:56[app.js] info: "GET /api/user/info?token= 404 152 - 0.119 ms\n"
2019-05-31 20:22:56[app.js] info: "GET /api/user/info?token= 404 152 - 0.102 ms\n"
2019-05-31 20:22:56[app.js] info: "GET /api/user/info?token= 404 152 - 0.113 ms\n"
2019-05-31 20:22:56[app.js] info: "GET /api/user/info?token= 404 152 - 0.102 ms\n"
2019-05-31 20:22:56[app.js] info: "GET /api/user/info?token= 404 152 - 0.116 ms\n"
2019-05-31 20:22:56[app.js] info: "GET /api/user/info?token= 404 152 - 0.166 ms\n"
2019-05-31 20:22:56[app.js] info: "GET /api/user/info?token= 404 152 - 0.201 ms\n"
2019-05-31 20:22:56[app.js] info: "GET /api/user/info?token= 404 152 - 0.171 ms\n"
2019-05-31 20:22:57[app.js] info: "GET /api/user/info?token= 404 152 - 0.177 ms\n"
2019-05-31 20:22:57[app.js] info: "GET /api/user/info?token= 404 152 - 0.133 ms\n"
2019-05-31 20:22:57[app.js] info: "GET /api/user/info?token= 404 152 - 0.113 ms\n"
2019-05-31 20:22:57[app.js] info: "GET /api/user/info?token= 404 152 - 0.118 ms\n"
2019-05-31 20:22:57[app.js] info: "GET /api/user/info?token= 404 152 - 0.118 ms\n"
2019-05-31 20:22:57[app.js] info: "GET /api/user/info?token= 404 152 - 0.133 ms\n"
2019-05-31 20:22:57[app.js] info: "GET /api/user/info?token= 404 152 - 0.154 ms\n"
2019-05-31 20:22:57[app.js] info: "GET /api/user/info?token= 404 152 - 0.145 ms\n"
2019-05-31 20:22:57[app.js] info: "GET /api/user/info?token= 404 152 - 0.105 ms\n"
2019-05-31 20:22:57[app.js] info: "GET /api/user/info?token= 404 152 - 0.130 ms\n"
2019-05-31 20:22:57[app.js] info: "GET /api/user/info?token= 404 152 - 0.119 ms\n"
2019-05-31 20:22:57[app.js] info: "GET /api/user/info?token= 404 152 - 0.111 ms\n"
2019-05-31 20:22:57[app.js] info: "GET /api/user/info?token= 404 152 - 0.169 ms\n"
2019-05-31 20:22:57[app.js] info: "GET /api/user/info?token= 404 152 - 0.150 ms\n"
2019-05-31 20:22:58[app.js] info: "GET /api/user/info?token= 404 152 - 0.122 ms\n"
2019-05-31 20:22:58[app.js] info: "GET /api/user/info?token= 404 152 - 0.208 ms\n"
2019-05-31 20:22:58[app.js] info: "GET /api/user/info?token= 404 152 - 0.097 ms\n"
2019-05-31 20:22:58[app.js] info: "GET /api/user/info?token= 404 152 - 0.223 ms\n"
2019-05-31 20:22:58[app.js] info: "GET /api/user/info?token= 404 152 - 0.129 ms\n"
2019-05-31 20:22:58[app.js] info: "GET /api/user/info?token= 404 152 - 0.118 ms\n"
2019-05-31 20:22:58[app.js] info: "GET /api/user/info?token= 404 152 - 0.180 ms\n"
2019-05-31 20:22:58[app.js] info: "GET /api/user/info?token= 404 152 - 0.106 ms\n"
2019-05-31 20:22:58[app.js] info: "GET /api/user/info?token= 404 152 - 0.118 ms\n"
2019-05-31 20:22:58[app.js] info: "GET /api/user/info?token= 404 152 - 0.113 ms\n"
2019-05-31 20:22:58[app.js] info: "GET /api/user/info?token= 404 152 - 0.113 ms\n"
2019-05-31 20:22:58[app.js] info: "GET /api/user/info?token= 404 152 - 0.146 ms\n"
2019-05-31 20:22:58[app.js] info: "GET /api/user/info?token= 404 152 - 0.140 ms\n"
2019-05-31 20:22:59[app.js] info: "GET /api/user/info?token= 404 152 - 0.174 ms\n"
2019-05-31 20:22:59[app.js] info: "GET /api/user/info?token= 404 152 - 0.172 ms\n"
2019-05-31 20:22:59[app.js] info: "GET /api/user/info?token= 404 152 - 0.126 ms\n"
2019-05-31 20:22:59[app.js] info: "GET /api/user/info?token= 404 152 - 0.144 ms\n"
2019-05-31 20:22:59[app.js] info: "GET /api/user/info?token= 404 152 - 0.248 ms\n"
2019-05-31 20:22:59[app.js] info: "GET /api/user/info?token= 404 152 - 0.140 ms\n"
2019-05-31 20:22:59[app.js] info: "GET /api/user/info?token= 404 152 - 0.150 ms\n"
2019-05-31 20:22:59[app.js] info: "GET /api/user/info?token= 404 152 - 0.124 ms\n"
2019-05-31 20:22:59[app.js] info: "GET /api/user/info?token= 404 152 - 0.166 ms\n"
2019-05-31 20:22:59[app.js] info: "GET /api/user/info?token= 404 152 - 0.136 ms\n"
2019-05-31 20:22:59[app.js] info: "GET /api/user/info?token= 404 152 - 0.337 ms\n"
2019-05-31 20:23:00[app.js] info: "GET /api/user/info?token= 404 152 - 0.213 ms\n"
2019-05-31 20:23:00[app.js] info: "GET /api/user/info?token= 404 152 - 0.306 ms\n"
2019-05-31 20:23:00[app.js] info: "GET /api/user/info?token= 404 152 - 0.115 ms\n"
2019-05-31 20:23:00[app.js] info: "GET /api/user/info?token= 404 152 - 0.153 ms\n"
2019-05-31 20:23:00[app.js] info: "GET /api/user/info?token= 404 152 - 0.121 ms\n"
2019-05-31 20:23:00[app.js] info: "GET /api/user/info?token= 404 152 - 0.111 ms\n"
2019-05-31 20:23:00[app.js] info: "GET /api/user/info?token= 404 152 - 0.103 ms\n"
2019-05-31 20:23:00[app.js] info: "GET /api/user/info?token= 404 152 - 0.144 ms\n"
2019-05-31 20:23:00[app.js] info: "GET /api/user/info?token= 404 152 - 0.143 ms\n"
2019-05-31 20:23:00[app.js] info: "GET /api/user/info?token= 404 152 - 0.118 ms\n"
2019-05-31 20:23:00[app.js] info: "GET /api/user/info?token= 404 152 - 0.127 ms\n"
2019-05-31 20:23:00[app.js] info: "GET /api/user/info?token= 404 152 - 0.127 ms\n"
2019-05-31 20:23:00[app.js] info: "GET /api/user/info?token= 404 152 - 0.139 ms\n"
2019-05-31 20:23:01[app.js] info: "GET /api/user/info?token= 404 152 - 0.148 ms\n"
2019-05-31 20:23:01[app.js] info: "GET /api/user/info?token= 404 152 - 0.101 ms\n"
2019-05-31 20:23:01[app.js] info: "GET /api/user/info?token= 404 152 - 0.128 ms\n"
2019-05-31 20:23:01[app.js] info: "GET /api/user/info?token= 404 152 - 0.118 ms\n"
2019-05-31 20:23:01[app.js] info: "GET /api/user/info?token= 404 152 - 0.167 ms\n"
2019-05-31 20:23:01[app.js] info: "GET /api/user/info?token= 404 152 - 0.100 ms\n"
2019-05-31 20:23:01[app.js] info: "GET /api/user/info?token= 404 152 - 0.112 ms\n"
2019-05-31 20:23:01[app.js] info: "GET /api/user/info?token= 404 152 - 0.106 ms\n"
2019-05-31 20:23:01[app.js] info: "GET /api/user/info?token= 404 152 - 0.144 ms\n"
2019-05-31 20:23:01[app.js] info: "GET /api/user/info?token= 404 152 - 0.194 ms\n"
2019-05-31 20:23:01[app.js] info: "GET /api/user/info?token= 404 152 - 0.102 ms\n"
2019-05-31 20:23:01[app.js] info: "GET /api/user/info?token= 404 152 - 0.158 ms\n"
2019-05-31 20:23:02[app.js] info: "GET /api/user/info?token= 404 152 - 0.248 ms\n"
2019-05-31 20:23:02[app.js] info: "GET /api/user/info?token= 404 152 - 0.182 ms\n"
2019-05-31 20:23:02[app.js] info: "GET /api/user/info?token= 404 152 - 0.104 ms\n"
2019-05-31 20:23:02[app.js] info: "GET /api/user/info?token= 404 152 - 0.097 ms\n"
2019-05-31 20:23:02[app.js] info: "GET /api/user/info?token= 404 152 - 0.106 ms\n"
2019-05-31 20:23:02[app.js] info: "GET /api/user/info?token= 404 152 - 0.098 ms\n"
2019-05-31 20:23:02[app.js] info: "GET /api/user/info?token= 404 152 - 0.126 ms\n"
2019-05-31 20:23:02[app.js] info: "GET /api/user/info?token= 404 152 - 0.133 ms\n"
2019-05-31 20:23:02[app.js] info: "GET /api/user/info?token= 404 152 - 0.112 ms\n"
2019-05-31 20:23:02[app.js] info: "GET /api/user/info?token= 404 152 - 0.128 ms\n"
2019-05-31 20:23:02[app.js] info: "GET /api/user/info?token= 404 152 - 0.114 ms\n"
2019-05-31 20:23:02[app.js] info: "GET /api/user/info?token= 404 152 - 0.130 ms\n"
2019-05-31 20:23:02[app.js] info: "GET /api/user/info?token= 404 152 - 0.164 ms\n"
2019-05-31 20:23:03[app.js] info: "GET /api/user/info?token= 404 152 - 0.163 ms\n"
2019-05-31 20:23:03[app.js] info: "GET /api/user/info?token= 404 152 - 0.118 ms\n"
2019-05-31 20:23:03[app.js] info: "GET /api/user/info?token= 404 152 - 0.190 ms\n"
2019-05-31 20:23:03[app.js] info: "GET /api/user/info?token= 404 152 - 0.132 ms\n"
2019-05-31 20:23:03[app.js] info: "GET /api/user/info?token= 404 152 - 0.111 ms\n"
2019-05-31 20:23:03[app.js] info: "GET /api/user/info?token= 404 152 - 0.140 ms\n"
2019-05-31 20:23:03[app.js] info: "GET /api/user/info?token= 404 152 - 0.149 ms\n"
2019-05-31 20:23:03[app.js] info: "GET /api/user/info?token= 404 152 - 0.175 ms\n"
2019-05-31 20:23:03[app.js] info: "GET /api/user/info?token= 404 152 - 0.100 ms\n"
2019-05-31 20:23:03[app.js] info: "GET /api/user/info?token= 404 152 - 0.203 ms\n"
2019-05-31 20:23:03[app.js] info: "GET /api/user/info?token= 404 152 - 0.163 ms\n"
2019-05-31 20:23:03[app.js] info: "GET /api/user/info?token= 404 152 - 0.147 ms\n"
2019-05-31 20:23:04[app.js] info: "GET /api/user/info?token= 404 152 - 0.199 ms\n"
2019-05-31 20:23:04[app.js] info: "GET /api/user/info?token= 404 152 - 0.114 ms\n"
2019-05-31 20:23:04[app.js] info: "GET /api/user/info?token= 404 152 - 0.117 ms\n"
2019-05-31 20:23:04[app.js] info: "GET /api/user/info?token= 404 152 - 0.116 ms\n"
2019-05-31 20:23:04[app.js] info: "GET /api/user/info?token= 404 152 - 0.136 ms\n"
2019-05-31 20:23:04[app.js] info: "GET /api/user/info?token= 404 152 - 0.151 ms\n"
2019-05-31 20:23:04[app.js] info: "GET /api/user/info?token= 404 152 - 0.103 ms\n"
2019-05-31 20:23:04[app.js] info: "GET /api/user/info?token= 404 152 - 0.146 ms\n"
2019-05-31 20:23:04[app.js] info: "GET /api/user/info?token= 404 152 - 0.113 ms\n"
2019-05-31 20:23:04[app.js] info: "GET /api/user/info?token= 404 152 - 0.133 ms\n"
2019-05-31 20:23:04[app.js] info: "GET /api/user/info?token= 404 152 - 0.132 ms\n"
2019-05-31 20:23:04[app.js] info: "GET /api/user/info?token= 404 152 - 0.335 ms\n"
2019-05-31 20:23:04[app.js] info: "GET /api/user/info?token= 404 152 - 0.107 ms\n"
2019-05-31 20:23:04[app.js] info: "GET /api/user/info?token= 404 152 - 0.173 ms\n"
2019-05-31 20:23:05[app.js] info: "GET /api/user/info?token= 404 152 - 0.152 ms\n"
2019-05-31 20:23:05[app.js] info: "GET /api/user/info?token= 404 152 - 0.102 ms\n"
2019-05-31 20:23:05[app.js] info: "GET /api/user/info?token= 404 152 - 0.104 ms\n"
2019-05-31 20:23:05[app.js] info: "GET /api/user/info?token= 404 152 - 0.101 ms\n"
2019-05-31 20:23:05[app.js] info: "GET /api/user/info?token= 404 152 - 0.200 ms\n"
2019-05-31 20:23:05[app.js] info: "GET /api/user/info?token= 404 152 - 0.114 ms\n"
2019-05-31 20:23:05[app.js] info: "GET /api/user/info?token= 404 152 - 0.103 ms\n"
2019-05-31 20:23:05[app.js] info: "GET /api/user/info?token= 404 152 - 0.163 ms\n"
2019-05-31 20:23:05[app.js] info: "GET /api/user/info?token= 404 152 - 0.249 ms\n"
2019-05-31 20:23:06[app.js] info: "GET /api/user/info?token= 404 152 - 0.125 ms\n"
2019-05-31 20:23:06[app.js] info: "GET /api/user/info?token= 404 152 - 0.131 ms\n"
2019-05-31 20:23:06[app.js] info: "GET /api/user/info?token= 404 152 - 0.100 ms\n"
2019-05-31 20:23:06[app.js] info: "GET /api/user/info?token= 404 152 - 0.109 ms\n"
2019-05-31 20:23:06[app.js] info: "GET /api/user/info?token= 404 152 - 0.115 ms\n"
2019-05-31 20:23:06[app.js] info: "GET /api/user/info?token= 404 152 - 0.270 ms\n"
2019-05-31 20:23:06[app.js] info: "GET /api/user/info?token= 404 152 - 0.117 ms\n"
2019-05-31 20:23:06[app.js] info: "GET /api/user/info?token= 404 152 - 0.207 ms\n"
2019-05-31 20:23:06[app.js] info: "GET /api/user/info?token= 404 152 - 0.177 ms\n"
2019-05-31 20:23:06[app.js] info: "GET /api/user/info?token= 404 152 - 0.109 ms\n"
2019-05-31 20:23:06[app.js] info: "GET /api/user/info?token= 404 152 - 0.119 ms\n"
2019-05-31 20:23:06[app.js] info: "GET /api/user/info?token= 404 152 - 0.170 ms\n"
2019-05-31 20:23:06[app.js] info: "GET /api/user/info?token= 404 152 - 0.254 ms\n"
2019-05-31 20:23:07[app.js] info: "GET /api/user/info?token= 404 152 - 0.167 ms\n"
2019-05-31 20:23:07[app.js] info: "GET /api/user/info?token= 404 152 - 0.158 ms\n"
2019-05-31 20:23:07[app.js] info: "GET /api/user/info?token= 404 152 - 0.153 ms\n"
2019-05-31 20:23:07[app.js] info: "GET /api/user/info?token= 404 152 - 0.116 ms\n"
2019-05-31 20:23:07[app.js] info: "GET /api/user/info?token= 404 152 - 0.127 ms\n"
2019-05-31 20:23:07[app.js] info: "GET /api/user/info?token= 404 152 - 0.223 ms\n"
2019-05-31 20:23:07[app.js] info: "GET /api/user/info?token= 404 152 - 0.103 ms\n"
2019-05-31 20:23:07[app.js] info: "GET /api/user/info?token= 404 152 - 0.143 ms\n"
2019-05-31 20:23:07[app.js] info: "GET /api/user/info?token= 404 152 - 0.127 ms\n"
2019-05-31 20:23:07[app.js] info: "GET /api/user/info?token= 404 152 - 0.106 ms\n"
2019-05-31 20:23:07[app.js] info: "GET /api/user/info?token= 404 152 - 0.127 ms\n"
2019-05-31 20:23:07[app.js] info: "GET /api/user/info?token= 404 152 - 0.158 ms\n"
2019-05-31 20:23:07[app.js] info: "GET /api/user/info?token= 404 152 - 0.105 ms\n"
2019-05-31 20:23:08[app.js] info: "GET /api/user/info?token= 404 152 - 0.144 ms\n"
2019-05-31 20:23:08[app.js] info: "GET /api/user/info?token= 404 152 - 0.114 ms\n"
2019-05-31 20:23:08[app.js] info: "GET /api/user/info?token= 404 152 - 0.124 ms\n"
2019-05-31 20:23:08[app.js] info: "GET /api/user/info?token= 404 152 - 0.150 ms\n"
2019-05-31 20:23:08[app.js] info: "GET /api/user/info?token= 404 152 - 0.152 ms\n"
2019-05-31 20:23:08[app.js] info: "GET /api/user/info?token= 404 152 - 0.160 ms\n"
2019-05-31 20:23:08[app.js] info: "GET /api/user/info?token= 404 152 - 0.122 ms\n"
2019-05-31 20:23:08[app.js] info: "GET /api/user/info?token= 404 152 - 0.174 ms\n"
2019-05-31 20:23:08[app.js] info: "GET /api/user/info?token= 404 152 - 0.207 ms\n"
2019-05-31 20:23:08[app.js] info: "GET /api/user/info?token= 404 152 - 0.137 ms\n"
2019-05-31 20:23:08[app.js] info: "GET /api/user/info?token= 404 152 - 0.197 ms\n"
2019-05-31 20:23:09[app.js] info: "GET /api/user/info?token= 404 152 - 0.172 ms\n"
2019-05-31 20:23:09[app.js] info: "GET /api/user/info?token= 404 152 - 0.230 ms\n"
2019-05-31 20:23:09[app.js] info: "GET /api/user/info?token= 404 152 - 0.150 ms\n"
2019-05-31 20:23:09[app.js] info: "GET /api/user/info?token= 404 152 - 0.155 ms\n"
2019-05-31 20:23:09[app.js] info: "GET /api/user/info?token= 404 152 - 0.121 ms\n"
2019-05-31 20:23:09[app.js] info: "GET /api/user/info?token= 404 152 - 0.127 ms\n"
2019-05-31 20:23:09[app.js] info: "GET /api/user/info?token= 404 152 - 0.144 ms\n"
2019-05-31 20:23:09[app.js] info: "GET /api/user/info?token= 404 152 - 0.184 ms\n"
2019-05-31 20:23:09[app.js] info: "GET /api/user/info?token= 404 152 - 1.235 ms\n"
2019-05-31 20:23:09[app.js] info: "GET /api/user/info?token= 404 152 - 0.155 ms\n"
2019-05-31 20:23:09[app.js] info: "GET /api/user/info?token= 404 152 - 0.124 ms\n"
2019-05-31 20:23:10[app.js] info: "GET /api/user/info?token= 404 152 - 0.483 ms\n"
2019-05-31 20:23:10[app.js] info: "GET /api/user/info?token= 404 152 - 0.208 ms\n"
2019-05-31 20:23:10[app.js] info: "GET /api/user/info?token= 404 152 - 0.139 ms\n"
2019-05-31 20:23:10[app.js] info: "GET /api/user/info?token= 404 152 - 0.141 ms\n"
2019-05-31 20:23:10[app.js] info: "GET /api/user/info?token= 404 152 - 0.143 ms\n"
2019-05-31 20:23:10[app.js] info: "GET /api/user/info?token= 404 152 - 0.150 ms\n"
2019-05-31 20:23:10[app.js] info: "GET /api/user/info?token= 404 152 - 0.162 ms\n"
2019-05-31 20:23:10[app.js] info: "GET /api/user/info?token= 404 152 - 0.685 ms\n"
2019-05-31 20:23:10[app.js] info: "GET /api/user/info?token= 404 152 - 0.193 ms\n"
2019-05-31 20:23:10[app.js] info: "GET /api/user/info?token= 404 152 - 0.126 ms\n"
2019-05-31 20:23:11[app.js] info: "GET /api/user/info?token= 404 152 - 0.164 ms\n"
2019-05-31 20:23:11[app.js] info: "GET /api/user/info?token= 404 152 - 0.161 ms\n"
2019-05-31 20:23:11[app.js] info: "GET /api/user/info?token= 404 152 - 0.148 ms\n"
2019-05-31 20:23:11[app.js] info: "GET /api/user/info?token= 404 152 - 0.148 ms\n"
2019-05-31 20:23:11[app.js] info: "GET /api/user/info?token= 404 152 - 0.124 ms\n"
2019-05-31 20:23:11[app.js] info: "GET /api/user/info?token= 404 152 - 0.203 ms\n"
2019-05-31 20:23:11[app.js] info: "GET /api/user/info?token= 404 152 - 0.244 ms\n"
2019-05-31 20:23:12[app.js] info: "GET /api/user/info?token= 404 152 - 0.235 ms\n"
2019-05-31 20:23:12[app.js] info: "GET /api/user/info?token= 404 152 - 0.145 ms\n"
2019-05-31 20:23:12[app.js] info: "GET /api/user/info?token= 404 152 - 0.132 ms\n"
2019-05-31 20:23:12[app.js] info: "GET /api/user/info?token= 404 152 - 0.138 ms\n"
2019-05-31 20:23:12[app.js] info: "GET /api/user/info?token= 404 152 - 0.217 ms\n"
2019-05-31 20:23:12[app.js] info: "GET /api/user/info?token= 404 152 - 0.181 ms\n"
2019-05-31 20:23:12[app.js] info: "GET /api/user/info?token= 404 152 - 0.202 ms\n"
2019-05-31 20:23:12[app.js] info: "GET /api/user/info?token= 404 152 - 0.194 ms\n"
2019-05-31 20:23:13[app.js] info: "GET /api/user/info?token= 404 152 - 0.233 ms\n"
2019-05-31 20:23:13[app.js] info: "GET /api/user/info?token= 404 152 - 0.176 ms\n"
2019-05-31 20:23:13[app.js] info: "GET /api/user/info?token= 404 152 - 0.158 ms\n"
2019-05-31 20:23:13[app.js] info: "GET /api/user/info?token= 404 152 - 0.123 ms\n"
2019-05-31 20:23:13[app.js] info: "GET /api/user/info?token= 404 152 - 0.496 ms\n"
2019-05-31 20:23:13[app.js] info: "GET /api/user/info?token= 404 152 - 0.186 ms\n"
2019-05-31 20:23:13[app.js] info: "GET /api/user/info?token= 404 152 - 0.163 ms\n"
2019-05-31 20:23:13[app.js] info: "GET /api/user/info?token= 404 152 - 0.218 ms\n"
2019-05-31 20:23:13[app.js] info: "GET /api/user/info?token= 404 152 - 0.164 ms\n"
2019-05-31 20:23:13[app.js] info: "GET /api/user/info?token= 404 152 - 0.162 ms\n"
2019-05-31 20:23:14[app.js] info: "GET /api/user/info?token= 404 152 - 0.173 ms\n"
2019-05-31 20:23:14[app.js] info: "GET /api/user/info?token= 404 152 - 0.125 ms\n"
2019-05-31 20:23:14[app.js] info: "GET /api/user/info?token= 404 152 - 0.129 ms\n"
2019-05-31 20:23:14[app.js] info: "GET /api/user/info?token= 404 152 - 0.118 ms\n"
2019-05-31 20:25:19[app.js] info: "POST /api/authentication/signin 400 61 - 1.027 ms\n"
2019-05-31 20:28:05[app.js] info: "App is running on port: 8080"
2019-05-31 20:28:05[app.js] info: "Connected to database mongodb://localhost:27017/small-node-js-project"
