2019-06-03 09:05:55[app.js] info: "App is running on port: 8080"
2019-06-03 09:06:00[app.js] info: "Connected to database mongodb://caralertservice:caralertservicepassword12345@ds231377.mlab.com:31377/car-alert-service"
2019-06-03 09:06:50[app.js] info: "App is running on port: 8080"
2019-06-03 09:06:51[app.js] info: "Connected to database mongodb://caralertservice:caralertservicepassword12345@ds231377.mlab.com:31377/car-alert-service"
2019-06-03 09:09:27[app.js] info: "App is running on port: 8080"
2019-06-03 09:09:30[app.js] info: "App is running on port: 8080"
2019-06-03 09:09:32[app.js] info: "Connected to database mongodb://caralertservice:caralertservicepassword12345@ds231377.mlab.com:31377/car-alert-service"
2019-06-03 09:09:37[app.js] info: "App is running on port: 8080"
2019-06-03 09:09:38[app.js] info: "Connected to database mongodb://caralertservice:caralertservicepassword12345@ds231377.mlab.com:31377/car-alert-service"
2019-06-03 09:10:53[app.js] info: "App is running on port: 8080"
2019-06-03 09:10:55[app.js] info: "Connected to database mongodb://caralertservice:caralertservicepassword12345@ds231377.mlab.com:31377/car-alert-service"
2019-06-03 09:13:12[app.js] info: "App is running on port: 8080"
2019-06-03 09:13:13[app.js] info: "Connected to database mongodb://caralertservice:caralertservicepassword12345@ds231377.mlab.com:31377/car-alert-service"
2019-06-03 09:26:48[app.js] info: "App is running on port: 8080"
2019-06-03 09:26:50[app.js] info: "Connected to database mongodb://caralertservice:caralertservicepassword12345@ds231377.mlab.com:31377/car-alert-service"
2019-06-03 09:27:06[app.js] info: "App is running on port: 8080"
2019-06-03 09:27:07[app.js] info: "Connected to database mongodb://caralertservice:caralertservicepassword12345@ds231377.mlab.com:31377/car-alert-service"
2019-06-03 09:27:46[app.js] info: "App is running on port: 8080"
2019-06-03 09:27:47[app.js] info: "Connected to database mongodb://caralertservice:caralertservicepassword12345@ds231377.mlab.com:31377/car-alert-service"
2019-06-03 09:28:04[app.js] info: "POST /api/authentication/signin 200 345 - 429.964 ms\n"
2019-06-03 09:29:05[app.js] info: "App is running on port: 8080"
2019-06-03 09:29:07[app.js] info: "Connected to database mongodb://caralertservice:caralertservicepassword12345@ds231377.mlab.com:31377/car-alert-service"
2019-06-03 09:29:28[app.js] info: "App is running on port: 8080"
2019-06-03 09:29:30[app.js] info: "Connected to database mongodb://caralertservice:caralertservicepassword12345@ds231377.mlab.com:31377/car-alert-service"
2019-06-03 09:29:35[app.js] info: "App is running on port: 8080"
2019-06-03 09:29:36[app.js] info: "Connected to database mongodb://caralertservice:caralertservicepassword12345@ds231377.mlab.com:31377/car-alert-service"
2019-06-03 09:29:45[app.js] info: "App is running on port: 8080"
2019-06-03 09:29:46[app.js] info: "Connected to database mongodb://caralertservice:caralertservicepassword12345@ds231377.mlab.com:31377/car-alert-service"
2019-06-03 09:30:19[app.js] info: "App is running on port: 8080"
2019-06-03 09:30:21[app.js] info: "Connected to database mongodb://caralertservice:caralertservicepassword12345@ds231377.mlab.com:31377/car-alert-service"
2019-06-03 09:30:27[app.js] info: "App is running on port: 8080"
2019-06-03 09:30:29[app.js] info: "Connected to database mongodb://caralertservice:caralertservicepassword12345@ds231377.mlab.com:31377/car-alert-service"
2019-06-03 09:31:16[app.js] info: "App is running on port: 8080"
2019-06-03 09:31:18[app.js] info: "Connected to database mongodb://caralertservice:caralertservicepassword12345@ds231377.mlab.com:31377/car-alert-service"
2019-06-03 09:31:28[app.js] info: "GET / 404 236 - 3.843 ms\n"
2019-06-03 09:31:42[app.js] info: "App is running on port: 8080"
2019-06-03 09:31:44[app.js] info: "Connected to database mongodb://caralertservice:caralertservicepassword12345@ds231377.mlab.com:31377/car-alert-service"
2019-06-03 09:33:11[app.js] info: "App is running on port: 8080"
2019-06-03 09:33:15[app.js] info: "Connected to database mongodb://caralertservice:caralertservicepassword12345@ds231377.mlab.com:31377/car-alert-service"
2019-06-03 09:33:30[app.js] info: "App is running on port: 8080"
2019-06-03 09:33:31[app.js] info: "Connected to database mongodb://caralertservice:caralertservicepassword12345@ds231377.mlab.com:31377/car-alert-service"
2019-06-03 09:33:43[app.js] info: "App is running on port: 8080"
2019-06-03 09:33:44[app.js] info: "App is running on port: 8080"
2019-06-03 09:33:45[app.js] info: "Connected to database mongodb://caralertservice:caralertservicepassword12345@ds231377.mlab.com:31377/car-alert-service"
2019-06-03 09:33:48[app.js] info: "App is running on port: 8080"
2019-06-03 09:33:50[app.js] info: "Connected to database mongodb://caralertservice:caralertservicepassword12345@ds231377.mlab.com:31377/car-alert-service"
2019-06-03 09:35:02[app.js] info: "App is running on port: 8080"
2019-06-03 09:35:05[app.js] info: "Connected to database mongodb://caralertservice:caralertservicepassword12345@ds231377.mlab.com:31377/car-alert-service"
2019-06-03 09:35:40[app.js] info: "App is running on port: 8080"
2019-06-03 09:35:41[app.js] info: "Connected to database mongodb://caralertservice:caralertservicepassword12345@ds231377.mlab.com:31377/car-alert-service"
2019-06-03 09:36:00[app.js] info: "POST /api/authentication/signin 200 330 - 350.791 ms\n"
2019-06-03 09:36:33[app.js] info: "POST /api/authentication/signin 200 345 - 339.096 ms\n"
2019-06-03 09:36:39[app.js] info: "GET /api/userList/get-regular-users 304 - - 277.721 ms\n"
2019-06-03 09:36:41[app.js] info: "GET /api/userList/get-admin-users 200 287 - 273.423 ms\n"
2019-06-03 09:44:44[app.js] info: "App is running on port: 8080"
2019-06-03 09:44:46[app.js] info: "Connected to database mongodb://caralertservice:caralertservicepassword12345@ds231377.mlab.com:31377/car-alert-service"
2019-06-03 09:44:54[app.js] info: "App is running on port: 8080"
2019-06-03 09:44:56[app.js] info: "Connected to database mongodb://caralertservice:caralertservicepassword12345@ds231377.mlab.com:31377/car-alert-service"
2019-06-03 09:59:47[app.js] info: "App is running on port: 8080"
2019-06-03 09:59:51[app.js] info: "Connected to database mongodb://caralertservice:caralertservicepassword12345@ds231377.mlab.com:31377/car-alert-service"
2019-06-03 11:13:51[app.js] info: "App is running on port: 8080"
2019-06-03 11:13:53[app.js] info: "Connected to database mongodb://caralertservice:caralertservicepassword12345@ds231377.mlab.com:31377/car-alert-service"
2019-06-03 11:14:00[app.js] info: "App is running on port: 8080"
2019-06-03 11:14:02[app.js] info: "Connected to database mongodb://caralertservice:caralertservicepassword12345@ds231377.mlab.com:31377/car-alert-service"
2019-06-03 11:14:27[app.js] info: "POST /api/authentication/signin 200 330 - 429.268 ms\n"
2019-06-03 11:14:36[app.js] info: "GET /api/cars/get-cars 304 - - 271.697 ms\n"
2019-06-03 11:14:37[app.js] info: "GET /api/userList/get-regular-users 304 - - 263.543 ms\n"
2019-06-03 11:15:24[app.js] info: "POST /api/authentication/signup 200 413 - 621.164 ms\n"
2019-06-03 11:15:38[app.js] info: "POST /api/authentication/signin 200 330 - 329.215 ms\n"
2019-06-03 11:16:05[app.js] info: "POST /api/authentication/signin 200 345 - 326.980 ms\n"
2019-06-03 11:16:08[app.js] info: "GET /api/userList/get-regular-users 200 287 - 274.939 ms\n"
2019-06-03 11:16:11[app.js] info: "GET /api/userList/get-admin-users 304 - - 1152.255 ms\n"
2019-06-03 11:18:32[app.js] info: "GET /api/userList/get-admin-users 304 - - 262.232 ms\n"
2019-06-03 11:21:00[app.js] info: "GET /api/userList/get-regular-users 304 - - 265.664 ms\n"
2019-06-03 11:22:40[app.js] info: "App is running on port: 8080"
2019-06-03 11:22:41[app.js] info: "Connected to database mongodb://caralertservice:caralertservicepassword12345@ds231377.mlab.com:31377/car-alert-service"
2019-06-03 11:23:28[app.js] info: "App is running on port: 8080"
2019-06-03 11:23:29[app.js] info: "Connected to database mongodb://caralertservice:caralertservicepassword12345@ds231377.mlab.com:31377/car-alert-service"
2019-06-03 11:24:42[app.js] info: "App is running on port: 8080"
2019-06-03 11:24:43[app.js] info: "Connected to database mongodb://caralertservice:caralertservicepassword12345@ds231377.mlab.com:31377/car-alert-service"
2019-06-03 11:24:44[app.js] info: "GET /api/userList/get-regular-users 304 - - 977.799 ms\n"
2019-06-03 11:25:28[app.js] info: "App is running on port: 8080"
2019-06-03 11:25:29[app.js] info: "Connected to database mongodb://caralertservice:caralertservicepassword12345@ds231377.mlab.com:31377/car-alert-service"
2019-06-03 11:25:29[app.js] info: "GET /api/userList/get-regular-users 304 - - 792.859 ms\n"
2019-06-03 11:26:05[app.js] info: "GET /api/userList/get-regular-users 304 - - 270.134 ms\n"
2019-06-03 11:27:37[app.js] info: "GET /api/userList/get-regular-users 304 - - 264.324 ms\n"
2019-06-03 11:27:52[app.js] error: "no connection available for operation and number of stored operation > 0"
2019-06-03 11:27:52[app.js] info: "GET /api/userList/get-regular-users 500 257 - 7.109 ms\n"
2019-06-03 11:27:58[app.js] error: "no connection available for operation and number of stored operation > 0"
2019-06-03 11:27:58[app.js] info: "GET /api/userList/get-admin-users 500 257 - 1.776 ms\n"
2019-06-03 11:27:59[app.js] error: "no connection available for operation and number of stored operation > 0"
2019-06-03 11:27:59[app.js] info: "GET /api/userList/get-regular-users 500 257 - 2.027 ms\n"
2019-06-03 11:28:05[app.js] error: "no connection available for operation and number of stored operation > 0"
2019-06-03 11:28:05[app.js] info: "GET /api/userList/get-admin-users 500 257 - 2.065 ms\n"
2019-06-03 11:28:42[app.js] info: "App is running on port: 8080"
2019-06-03 11:53:58[app.js] info: "App is running on port: 8080"
2019-06-03 11:54:00[app.js] info: "Connected to database mongodb://caralertservice:caralertservicepassword12345@ds231377.mlab.com:31377/car-alert-service"
2019-06-03 11:54:06[app.js] info: "GET /api/userList/get-regular-users 200 287 - 292.406 ms\n"
2019-06-03 11:54:08[app.js] info: "GET /api/userList/get-admin-users 200 287 - 266.422 ms\n"
2019-06-03 11:54:13[app.js] info: "GET /api/userList/get-regular-users 304 - - 269.401 ms\n"
2019-06-03 11:56:06[app.js] info: "App is running on port: 8080"
2019-06-03 11:56:08[app.js] info: "Connected to database mongodb://caralertservice:caralertservicepassword12345@ds231377.mlab.com:31377/car-alert-service"
2019-06-03 11:57:54[app.js] info: "App is running on port: 8080"
2019-06-03 11:57:56[app.js] info: "App is running on port: 8080"
2019-06-03 11:57:57[app.js] info: "Connected to database mongodb://caralertservice:caralertservicepassword12345@ds231377.mlab.com:31377/car-alert-service"
2019-06-03 11:58:05[app.js] info: "App is running on port: 8080"
2019-06-03 11:58:06[app.js] info: "Connected to database mongodb://caralertservice:caralertservicepassword12345@ds231377.mlab.com:31377/car-alert-service"
2019-06-03 11:58:20[app.js] info: "App is running on port: 8080"
2019-06-03 11:58:22[app.js] info: "Connected to database mongodb://caralertservice:caralertservicepassword12345@ds231377.mlab.com:31377/car-alert-service"
2019-06-03 11:58:32[app.js] info: "App is running on port: 8080"
2019-06-03 11:58:33[app.js] info: "Connected to database mongodb://caralertservice:caralertservicepassword12345@ds231377.mlab.com:31377/car-alert-service"
2019-06-03 11:58:36[app.js] info: "App is running on port: 8080"
2019-06-03 11:58:37[app.js] info: "Connected to database mongodb://caralertservice:caralertservicepassword12345@ds231377.mlab.com:31377/car-alert-service"
2019-06-03 11:58:41[app.js] info: "App is running on port: 8080"
2019-06-03 11:58:43[app.js] info: "Connected to database mongodb://caralertservice:caralertservicepassword12345@ds231377.mlab.com:31377/car-alert-service"
2019-06-03 11:58:52[app.js] info: "DELETE /api/userList//5cf4acec38c6510f9464d738 200 4588 - 4.415 ms\n"
2019-06-03 11:58:56[app.js] info: "GET /api/userList/get-admin-users 304 - - 283.167 ms\n"
2019-06-03 12:01:02[app.js] info: "App is running on port: 8080"
2019-06-03 12:01:05[app.js] info: "Connected to database mongodb://caralertservice:caralertservicepassword12345@ds231377.mlab.com:31377/car-alert-service"
2019-06-03 12:01:16[app.js] info: "App is running on port: 8080"
2019-06-03 12:01:17[app.js] info: "Connected to database mongodb://caralertservice:caralertservicepassword12345@ds231377.mlab.com:31377/car-alert-service"
2019-06-03 12:01:57[app.js] info: "App is running on port: 8080"
2019-06-03 12:01:59[app.js] info: "Connected to database mongodb://caralertservice:caralertservicepassword12345@ds231377.mlab.com:31377/car-alert-service"
2019-06-03 12:02:40[app.js] info: "App is running on port: 8080"
2019-06-03 12:02:42[app.js] info: "Connected to database mongodb://caralertservice:caralertservicepassword12345@ds231377.mlab.com:31377/car-alert-service"
2019-06-03 12:02:42[app.js] info: "GET /api/userList/get-admin-users 304 - - 1137.243 ms\n"
2019-06-03 12:02:53[app.js] info: "App is running on port: 8080"
2019-06-03 12:02:54[app.js] info: "Connected to database mongodb://caralertservice:caralertservicepassword12345@ds231377.mlab.com:31377/car-alert-service"
2019-06-03 12:02:54[app.js] info: "GET /api/userList/get-admin-users 304 - - 881.825 ms\n"
2019-06-03 12:03:05[app.js] info: "App is running on port: 8080"
2019-06-03 12:03:07[app.js] info: "Connected to database mongodb://caralertservice:caralertservicepassword12345@ds231377.mlab.com:31377/car-alert-service"
2019-06-03 12:03:07[app.js] info: "GET /api/userList/get-admin-users 304 - - 938.707 ms\n"
2019-06-03 12:03:18[app.js] info: "App is running on port: 8080"
2019-06-03 12:03:19[app.js] info: "Connected to database mongodb://caralertservice:caralertservicepassword12345@ds231377.mlab.com:31377/car-alert-service"
2019-06-03 12:03:19[app.js] info: "GET /api/userList/get-admin-users 304 - - 875.976 ms\n"
2019-06-03 12:05:26[app.js] info: "GET /api/userList/get-admin-users 304 - - 448.691 ms\n"
2019-06-03 12:05:57[app.js] info: "GET /api/userList/get-admin-users 304 - - 273.805 ms\n"
2019-06-03 12:06:05[app.js] info: "GET /api/userList/get-regular-users 304 - - 274.802 ms\n"
2019-06-03 12:06:23[app.js] info: "GET /api/userList/get-admin-users 304 - - 272.966 ms\n"
2019-06-03 12:06:52[app.js] info: "GET /api/userList/get-admin-users 304 - - 267.738 ms\n"
2019-06-03 12:07:15[app.js] info: "GET /api/userList/get-admin-users 304 - - 268.073 ms\n"
2019-06-03 12:07:29[app.js] info: "GET /api/userList/get-admin-users 304 - - 267.856 ms\n"
2019-06-03 12:07:30[app.js] info: "DELETE /api/userList/make-admin-to-user/5cf3d22e9fc7ef2faca1c2e4 200 4588 - 2.681 ms\n"
2019-06-03 12:07:33[app.js] info: "GET /api/userList/get-regular-users 304 - - 266.709 ms\n"
2019-06-03 12:07:54[app.js] info: "GET /api/userList/get-regular-users 304 - - 267.584 ms\n"
2019-06-03 12:07:55[app.js] info: "DELETE /api/userList/make-user-to-admin/5cf4acec38c6510f9464d738 200 4588 - 0.840 ms\n"
2019-06-03 12:07:59[app.js] info: "GET /api/userList/get-admin-users 304 - - 270.135 ms\n"
2019-06-03 12:08:03[app.js] info: "DELETE /api/userList/make-admin-to-user/5cf3d22e9fc7ef2faca1c2e4 200 4588 - 0.596 ms\n"
2019-06-03 12:08:05[app.js] info: "GET /api/userList/get-regular-users 304 - - 268.371 ms\n"
2019-06-03 12:08:09[app.js] info: "GET /api/userList/get-admin-users 304 - - 268.525 ms\n"
2019-06-03 12:08:13[app.js] info: "DELETE /api/userList/make-admin-to-user/5cf3d22e9fc7ef2faca1c2e4 200 4588 - 0.893 ms\n"
2019-06-03 12:08:22[app.js] info: "GET /api/userList/get-admin-users 304 - - 271.680 ms\n"
2019-06-03 12:08:25[app.js] info: "DELETE /api/userList/make-admin-to-user/5cf3d22e9fc7ef2faca1c2e4 200 4588 - 0.619 ms\n"
2019-06-03 12:08:45[app.js] info: "App is running on port: 8080"
2019-06-03 12:08:47[app.js] info: "Connected to database mongodb://caralertservice:caralertservicepassword12345@ds231377.mlab.com:31377/car-alert-service"
2019-06-03 12:08:47[app.js] info: "GET /api/userList/get-admin-users 304 - - 911.148 ms\n"
2019-06-03 12:08:53[app.js] info: "GET /api/userList/make-admin-to-user/5cf3d22e9fc7ef2faca1c2e4 200 42 - 295.356 ms\n"
2019-06-03 12:09:02[app.js] info: "GET /api/userList/get-regular-users 304 - - 283.207 ms\n"
2019-06-03 12:09:04[app.js] info: "GET /api/userList/get-admin-users 304 - - 287.052 ms\n"
2019-06-03 12:09:37[app.js] info: "GET /api/userList/get-admin-users 304 - - 279.366 ms\n"
2019-06-03 12:09:40[app.js] info: "GET /api/userList/make-admin-to-user/5cf3d22e9fc7ef2faca1c2e4 304 - - 373.405 ms\n"
2019-06-03 12:09:50[app.js] info: "GET /api/userList/get-regular-users 304 - - 274.507 ms\n"
2019-06-03 12:09:50[app.js] info: "GET /api/userList/get-admin-users 304 - - 388.601 ms\n"
2019-06-03 12:09:55[app.js] info: "GET /api/userList/get-admin-users 304 - - 275.870 ms\n"
2019-06-03 12:12:03[app.js] info: "App is running on port: 8080"
2019-06-03 12:12:05[app.js] info: "Connected to database mongodb://caralertservice:caralertservicepassword12345@ds231377.mlab.com:31377/car-alert-service"
2019-06-03 12:12:10[app.js] info: "App is running on port: 8080"
2019-06-03 12:12:12[app.js] info: "Connected to database mongodb://caralertservice:caralertservicepassword12345@ds231377.mlab.com:31377/car-alert-service"
2019-06-03 12:12:48[app.js] info: "App is running on port: 8080"
2019-06-03 12:12:49[app.js] info: "Connected to database mongodb://caralertservice:caralertservicepassword12345@ds231377.mlab.com:31377/car-alert-service"
2019-06-03 12:12:53[app.js] info: {"isSuperAdmin":false,"isAdmin":true,"isOwner":false,"_id":"5cf3d22e9fc7ef2faca1c2e4","name":"admin","email":"admin@mail.com","mobileNo":"1234567890","password":"$2b$10$LoiuQlh4xEBVmm8B37AXz.E1RRoAAvYp19eLO52LI.hePBETzzX8u","authenticationType":"local","__v":0}
2019-06-03 12:12:53[app.js] info: "GET /api/userList/make-admin-to-user/5cf3d22e9fc7ef2faca1c2e4 304 - - 310.203 ms\n"
2019-06-03 12:12:53[app.js] info: {"isSuperAdmin":false,"isAdmin":true,"isOwner":false,"_id":"5cf3d22e9fc7ef2faca1c2e4","name":"admin","email":"admin@mail.com","mobileNo":"1234567890","password":"$2b$10$LoiuQlh4xEBVmm8B37AXz.E1RRoAAvYp19eLO52LI.hePBETzzX8u","authenticationType":"local","__v":0}
2019-06-03 12:12:53[app.js] info: "GET /api/userList/make-admin-to-user/5cf3d22e9fc7ef2faca1c2e4 304 - - 279.318 ms\n"
2019-06-03 12:13:26[app.js] info: "App is running on port: 8080"
2019-06-03 12:13:27[app.js] info: "Connected to database mongodb://caralertservice:caralertservicepassword12345@ds231377.mlab.com:31377/car-alert-service"
2019-06-03 12:13:36[app.js] info: "GET /api/userList/get-admin-users 304 - - 290.420 ms\n"
2019-06-03 12:14:12[app.js] info: "App is running on port: 8080"
2019-06-03 12:14:14[app.js] info: "Connected to database mongodb://caralertservice:caralertservicepassword12345@ds231377.mlab.com:31377/car-alert-service"
2019-06-03 12:14:27[app.js] info: "App is running on port: 8080"
2019-06-03 12:14:28[app.js] info: "Connected to database mongodb://caralertservice:caralertservicepassword12345@ds231377.mlab.com:31377/car-alert-service"
2019-06-03 12:14:38[app.js] info: {"isSuperAdmin":false,"isAdmin":true,"isOwner":false,"_id":"5cf3d22e9fc7ef2faca1c2e4","name":"admin","email":"admin@mail.com","mobileNo":"1234567890","password":"$2b$10$LoiuQlh4xEBVmm8B37AXz.E1RRoAAvYp19eLO52LI.hePBETzzX8u","authenticationType":"local","__v":0}
2019-06-03 12:14:38[app.js] info: "GET /api/userList/make-admin-to-user/5cf3d22e9fc7ef2faca1c2e4 304 - - 306.968 ms\n"
2019-06-03 12:14:48[app.js] info: "App is running on port: 8080"
2019-06-03 12:14:49[app.js] info: "Connected to database mongodb://caralertservice:caralertservicepassword12345@ds231377.mlab.com:31377/car-alert-service"
2019-06-03 12:15:39[app.js] info: "GET /api/userList/get-admin-users 304 - - 297.137 ms\n"
2019-06-03 12:15:43[app.js] info: {"isSuperAdmin":false,"isAdmin":true,"isOwner":false,"_id":"5cf3d22e9fc7ef2faca1c2e4","name":"admin","email":"admin@mail.com","mobileNo":"1234567890","password":"$2b$10$LoiuQlh4xEBVmm8B37AXz.E1RRoAAvYp19eLO52LI.hePBETzzX8u","authenticationType":"local","__v":0}
2019-06-03 12:15:43[app.js] info: "GET /api/userList/make-admin-to-user/5cf3d22e9fc7ef2faca1c2e4 304 - - 283.993 ms\n"
2019-06-03 12:16:16[app.js] info: "App is running on port: 8080"
2019-06-03 12:16:18[app.js] info: "Connected to database mongodb://caralertservice:caralertservicepassword12345@ds231377.mlab.com:31377/car-alert-service"
2019-06-03 12:16:20[app.js] info: "GET /api/userList/get-admin-users 304 - - 316.862 ms\n"
2019-06-03 12:16:22[app.js] info: "Previous"
2019-06-03 12:16:22[app.js] info: {"isSuperAdmin":false,"isAdmin":true,"isOwner":false,"_id":"5cf3d22e9fc7ef2faca1c2e4","name":"admin","email":"admin@mail.com","mobileNo":"1234567890","password":"$2b$10$LoiuQlh4xEBVmm8B37AXz.E1RRoAAvYp19eLO52LI.hePBETzzX8u","authenticationType":"local","__v":0}
2019-06-03 12:16:22[app.js] info: "After"
2019-06-03 12:16:22[app.js] info: {"isSuperAdmin":false,"isAdmin":false,"isOwner":true,"_id":"5cf3d22e9fc7ef2faca1c2e4","name":"admin","email":"admin@mail.com","mobileNo":"1234567890","password":"$2b$10$LoiuQlh4xEBVmm8B37AXz.E1RRoAAvYp19eLO52LI.hePBETzzX8u","authenticationType":"local","__v":0}
2019-06-03 12:16:22[app.js] info: "GET /api/userList/make-admin-to-user/5cf3d22e9fc7ef2faca1c2e4 200 44 - 584.169 ms\n"
2019-06-03 12:16:24[app.js] info: "GET /api/userList/get-regular-users 200 549 - 279.733 ms\n"
2019-06-03 12:16:26[app.js] info: "GET /api/userList/get-admin-users 200 26 - 280.815 ms\n"
2019-06-03 12:16:28[app.js] info: "GET /api/userList/get-regular-users 304 - - 278.119 ms\n"
2019-06-03 12:16:31[app.js] info: {"isSuperAdmin":false,"isAdmin":true,"isOwner":false,"_id":"5cf3d22e9fc7ef2faca1c2e4","name":"admin","email":"admin@mail.com","mobileNo":"1234567890","password":"$2b$10$LoiuQlh4xEBVmm8B37AXz.E1RRoAAvYp19eLO52LI.hePBETzzX8u","authenticationType":"local","__v":0}
2019-06-03 12:16:31[app.js] info: "GET /api/userList/make-user-to-admin/5cf3d22e9fc7ef2faca1c2e4 200 42 - 558.440 ms\n"
2019-06-03 12:16:33[app.js] info: {"isSuperAdmin":false,"isAdmin":true,"isOwner":false,"_id":"5cf4acec38c6510f9464d738","name":"user1","email":"user1@mail.com","mobileNo":"234567890","password":"$2b$10$0tQz6qHCjmbMXKAxl9pp5eiZaj.TY1uVVR0M6vnBzRWgT841YFyGm","authenticationType":"local","__v":0}
2019-06-03 12:16:33[app.js] info: "GET /api/userList/make-user-to-admin/5cf4acec38c6510f9464d738 200 42 - 567.962 ms\n"
2019-06-03 12:16:34[app.js] info: "GET /api/userList/get-admin-users 200 548 - 278.574 ms\n"
2019-06-03 12:16:37[app.js] info: "Previous"
2019-06-03 12:16:37[app.js] info: {"isSuperAdmin":false,"isAdmin":true,"isOwner":false,"_id":"5cf4acec38c6510f9464d738","name":"user1","email":"user1@mail.com","mobileNo":"234567890","password":"$2b$10$0tQz6qHCjmbMXKAxl9pp5eiZaj.TY1uVVR0M6vnBzRWgT841YFyGm","authenticationType":"local","__v":0}
2019-06-03 12:16:37[app.js] info: "After"
2019-06-03 12:16:37[app.js] info: {"isSuperAdmin":false,"isAdmin":false,"isOwner":true,"_id":"5cf4acec38c6510f9464d738","name":"user1","email":"user1@mail.com","mobileNo":"234567890","password":"$2b$10$0tQz6qHCjmbMXKAxl9pp5eiZaj.TY1uVVR0M6vnBzRWgT841YFyGm","authenticationType":"local","__v":0}
2019-06-03 12:16:37[app.js] info: "GET /api/userList/make-admin-to-user/5cf4acec38c6510f9464d738 200 44 - 557.586 ms\n"
2019-06-03 12:18:01[app.js] info: "App is running on port: 8080"
2019-06-03 12:18:02[app.js] info: "Connected to database mongodb://caralertservice:caralertservicepassword12345@ds231377.mlab.com:31377/car-alert-service"
2019-06-03 12:18:03[app.js] info: "GET /api/userList/get-regular-users 200 286 - 296.492 ms\n"
2019-06-03 12:18:05[app.js] info: "GET /api/userList/get-admin-users 200 287 - 1672.693 ms\n"
2019-06-03 12:18:06[app.js] info: "GET /api/userList/get-regular-users 304 - - 278.884 ms\n"
2019-06-03 12:18:17[app.js] info: "POST /api/authentication/signin 200 330 - 367.772 ms\n"
2019-06-03 12:18:22[app.js] info: "GET /api/userList/get-regular-users 304 - - 281.463 ms\n"
2019-06-03 12:18:23[app.js] info: "GET /api/cars/get-cars 304 - - 275.811 ms\n"
2019-06-03 12:18:28[app.js] info: "GET /api/cars/get-car/5cf3d3e3724d253fd4d0ef72 200 232 - 280.297 ms\n"
2019-06-03 12:18:30[app.js] info: "PATCH /api/cars/update-car/5cf3d3e3724d253fd4d0ef72 200 232 - 280.225 ms\n"
2019-06-03 12:18:30[app.js] info: "GET /api/cars/get-cars 304 - - 279.621 ms\n"
2019-06-03 12:18:34[app.js] info: "GET /api/cars/get-car/5cf3d3e3724d253fd4d0ef72 304 - - 278.123 ms\n"
2019-06-03 12:18:39[app.js] info: "PATCH /api/cars/update-car/5cf3d3e3724d253fd4d0ef72 200 239 - 568.412 ms\n"
2019-06-03 12:18:40[app.js] info: "GET /api/cars/get-cars 200 241 - 281.737 ms\n"
2019-06-03 12:22:21[app.js] info: "App is running on port: 8080"
2019-06-03 12:22:23[app.js] info: "Connected to database mongodb://caralertservice:caralertservicepassword12345@ds231377.mlab.com:31377/car-alert-service"
2019-06-03 12:24:21[app.js] info: "App is running on port: 8080"
2019-06-03 12:24:22[app.js] info: "Connected to database mongodb://caralertservice:caralertservicepassword12345@ds231377.mlab.com:31377/car-alert-service"
2019-06-03 12:24:36[app.js] info: "App is running on port: 8080"
2019-06-03 12:24:37[app.js] info: "Connected to database mongodb://caralertservice:caralertservicepassword12345@ds231377.mlab.com:31377/car-alert-service"
2019-06-03 12:24:45[app.js] info: "App is running on port: 8080"
2019-06-03 12:24:47[app.js] info: "Connected to database mongodb://caralertservice:caralertservicepassword12345@ds231377.mlab.com:31377/car-alert-service"
2019-06-03 12:25:08[app.js] info: "GET /login 200 4513 - 2.020 ms\n"
2019-06-03 12:25:28[app.js] info: "App is running on port: 8080"
2019-06-03 12:25:29[app.js] info: "Connected to database mongodb://caralertservice:caralertservicepassword12345@ds231377.mlab.com:31377/car-alert-service"
2019-06-03 12:25:43[app.js] info: "App is running on port: 8080"
2019-06-03 12:25:44[app.js] info: "Connected to database mongodb://caralertservice:caralertservicepassword12345@ds231377.mlab.com:31377/car-alert-service"
2019-06-03 12:26:00[app.js] info: "App is running on port: 8080"
2019-06-03 12:26:02[app.js] info: "Connected to database mongodb://caralertservice:caralertservicepassword12345@ds231377.mlab.com:31377/car-alert-service"
2019-06-03 12:26:29[app.js] info: "App is running on port: 8080"
2019-06-03 12:26:31[app.js] info: "Connected to database mongodb://caralertservice:caralertservicepassword12345@ds231377.mlab.com:31377/car-alert-service"
2019-06-03 12:26:40[app.js] info: "App is running on port: 8080"
2019-06-03 12:26:42[app.js] info: "Connected to database mongodb://caralertservice:caralertservicepassword12345@ds231377.mlab.com:31377/car-alert-service"
2019-06-03 12:26:45[app.js] info: "App is running on port: 8080"
2019-06-03 12:26:47[app.js] info: "Connected to database mongodb://caralertservice:caralertservicepassword12345@ds231377.mlab.com:31377/car-alert-service"
2019-06-03 12:27:29[app.js] info: "App is running on port: 8080"
2019-06-03 12:27:30[app.js] info: "Connected to database mongodb://caralertservice:caralertservicepassword12345@ds231377.mlab.com:31377/car-alert-service"
2019-06-03 12:28:14[app.js] info: "App is running on port: 8080"
2019-06-03 12:28:15[app.js] info: "Connected to database mongodb://caralertservice:caralertservicepassword12345@ds231377.mlab.com:31377/car-alert-service"
2019-06-03 12:40:36[app.js] info: "App is running on port: 8080"
2019-06-03 12:40:38[app.js] info: "Connected to database mongodb://caralertservice:caralertservicepassword12345@ds231377.mlab.com:31377/car-alert-service"
2019-06-03 12:43:28[app.js] info: "App is running on port: 8080"
2019-06-03 12:43:29[app.js] info: "App is running on port: 8080"
2019-06-03 12:43:31[app.js] info: "Connected to database mongodb://caralertservice:caralertservicepassword12345@ds231377.mlab.com:31377/car-alert-service"
2019-06-03 12:43:35[app.js] info: "App is running on port: 8080"
2019-06-03 12:43:36[app.js] info: "Connected to database mongodb://caralertservice:caralertservicepassword12345@ds231377.mlab.com:31377/car-alert-service"
2019-06-03 12:43:48[app.js] info: "App is running on port: 8080"
2019-06-03 12:43:50[app.js] info: "Connected to database mongodb://caralertservice:caralertservicepassword12345@ds231377.mlab.com:31377/car-alert-service"
2019-06-03 18:18:01[app.js] info: undefined
2019-06-03 18:18:01[app.js] info: undefined
2019-06-03 18:18:05[app.js] info: undefined
2019-06-03 18:18:05[app.js] info: undefined
2019-06-03 18:18:17[app.js] info: "e9bcddadc61782377921a30b325efb1a"
2019-06-03 18:18:17[app.js] info: "sandboxf0524bf7cb564ded9d097334d53a02e9.mailgun.org"
2019-06-03 18:20:03[app.js] info: "e9bcddadc61782377921a30b325efb1a"
2019-06-03 18:20:03[app.js] info: "sandboxf0524bf7cb564ded9d097334d53a02e9.mailgun.org"
2019-06-03 18:20:03[app.js] info: "App is running on port: 8080"
2019-06-03 18:20:06[app.js] info: "Connected to database mongodb://caralertservice:caralertservicepassword12345@ds231377.mlab.com:31377/car-alert-service"
2019-06-03 18:20:11[app.js] info: "GET /api/alert/signupalert-user 200 4513 - 4.962 ms\n"
2019-06-03 18:20:23[app.js] info: "GET /api/alertsignupalert-user 200 4513 - 0.782 ms\n"
2019-06-03 18:20:31[app.js] error: "Forbidden"
2019-06-03 18:20:31[app.js] info: "GET /api/alert/alert-user 500 177 - 1626.194 ms\n"
2019-06-03 18:34:16[app.js] error: "Forbidden"
2019-06-03 18:34:16[app.js] info: "GET /api/alert/alert-user 500 177 - 1299.957 ms\n"
2019-06-03 18:34:34[app.js] info: "87cdd773-a72e730e"
2019-06-03 18:34:34[app.js] info: "sandbox434e785782b24c63b6768bcc4c3b874c.mailgun.org"
2019-06-03 18:34:34[app.js] info: "App is running on port: 8080"
2019-06-03 18:34:37[app.js] info: "Connected to database mongodb://caralertservice:caralertservicepassword12345@ds231377.mlab.com:31377/car-alert-service"
2019-06-03 18:34:37[app.js] error: "Forbidden"
2019-06-03 18:34:37[app.js] info: "GET /api/alert/alert-user 500 177 - 1289.976 ms\n"
2019-06-03 18:34:43[app.js] info: "87cdd773-a72e730e"
2019-06-03 18:34:43[app.js] info: "sandbox434e785782b24c63b6768bcc4c3b874c.mailgun.org"
2019-06-03 18:34:43[app.js] info: "App is running on port: 8080"
2019-06-03 18:34:45[app.js] info: "Connected to database mongodb://caralertservice:caralertservicepassword12345@ds231377.mlab.com:31377/car-alert-service"
2019-06-03 18:34:51[app.js] error: "Forbidden"
2019-06-03 18:34:51[app.js] info: "GET /api/alert/alert-user 500 177 - 1370.009 ms\n"
2019-06-03 18:36:17[app.js] info: "87cdd773-a72e730e"
2019-06-03 18:36:17[app.js] info: "sandbox434e785782b24c63b6768bcc4c3b874c.mailgun.org"
2019-06-03 18:36:17[app.js] info: "App is running on port: 8080"
2019-06-03 18:36:19[app.js] info: "87cdd773-a72e730e"
2019-06-03 18:36:19[app.js] info: "sandbox434e785782b24c63b6768bcc4c3b874c.mailgun.org"
2019-06-03 18:36:19[app.js] info: "App is running on port: 8080"
2019-06-03 18:36:21[app.js] info: "Connected to database mongodb://caralertservice:caralertservicepassword12345@ds231377.mlab.com:31377/car-alert-service"
2019-06-03 18:37:23[app.js] info: "87cdd773-a72e730e"
2019-06-03 18:37:23[app.js] info: "sandbox434e785782b24c63b6768bcc4c3b874c.mailgun.org"
2019-06-03 18:37:23[app.js] info: "App is running on port: 8080"
2019-06-03 18:37:26[app.js] info: "Connected to database mongodb://caralertservice:caralertservicepassword12345@ds231377.mlab.com:31377/car-alert-service"
2019-06-03 18:37:29[app.js] info: "87cdd773-a72e730e"
2019-06-03 18:37:29[app.js] info: "sandbox434e785782b24c63b6768bcc4c3b874c.mailgun.org"
2019-06-03 18:37:29[app.js] info: "App is running on port: 8080"
2019-06-03 18:37:32[app.js] info: "Connected to database mongodb://caralertservice:caralertservicepassword12345@ds231377.mlab.com:31377/car-alert-service"
2019-06-03 18:37:42[app.js] info: "87cdd773-a72e730e"
2019-06-03 18:37:42[app.js] info: "sandbox434e785782b24c63b6768bcc4c3b874c.mailgun.org"
2019-06-03 18:37:42[app.js] info: "App is running on port: 8080"
2019-06-03 18:37:45[app.js] info: "Connected to database mongodb://caralertservice:caralertservicepassword12345@ds231377.mlab.com:31377/car-alert-service"
2019-06-03 18:37:51[app.js] info: "87cdd773-a72e730e"
2019-06-03 18:37:51[app.js] info: "sandbox434e785782b24c63b6768bcc4c3b874c.mailgun.org"
2019-06-03 18:37:51[app.js] info: "App is running on port: 8080"
2019-06-03 18:37:53[app.js] info: "Connected to database mongodb://caralertservice:caralertservicepassword12345@ds231377.mlab.com:31377/car-alert-service"
2019-06-03 18:39:14[app.js] info: "87cdd773-a72e730e"
2019-06-03 18:39:14[app.js] info: "sandbox434e785782b24c63b6768bcc4c3b874c.mailgun.org"
2019-06-03 18:39:14[app.js] info: "App is running on port: 8080"
2019-06-03 18:39:16[app.js] info: "Connected to database mongodb://caralertservice:caralertservicepassword12345@ds231377.mlab.com:31377/car-alert-service"
2019-06-03 18:40:26[app.js] info: "87cdd773-a72e730e"
2019-06-03 18:40:26[app.js] info: "sandbox434e785782b24c63b6768bcc4c3b874c.mailgun.org"
2019-06-03 18:40:26[app.js] info: "App is running on port: 8080"
2019-06-03 18:40:28[app.js] info: "Connected to database mongodb://caralertservice:caralertservicepassword12345@ds231377.mlab.com:31377/car-alert-service"
2019-06-03 18:40:48[app.js] info: "87cdd773-a72e730e"
2019-06-03 18:40:48[app.js] info: "sandbox434e785782b24c63b6768bcc4c3b874c.mailgun.org"
2019-06-03 18:40:48[app.js] info: "App is running on port: 8080"
2019-06-03 18:40:50[app.js] info: "Connected to database mongodb://caralertservice:caralertservicepassword12345@ds231377.mlab.com:31377/car-alert-service"
2019-06-03 18:40:52[app.js] info: "87cdd773-a72e730e"
2019-06-03 18:40:52[app.js] info: "sandbox434e785782b24c63b6768bcc4c3b874c.mailgun.org"
2019-06-03 18:40:52[app.js] info: "App is running on port: 8080"
2019-06-03 18:40:54[app.js] info: "Connected to database mongodb://caralertservice:caralertservicepassword12345@ds231377.mlab.com:31377/car-alert-service"
2019-06-03 18:41:08[app.js] info: "Forbidden"
2019-06-03 18:41:08[app.js] info: undefined
2019-06-03 18:41:39[app.js] info: "87cdd773-a72e730e"
2019-06-03 18:41:39[app.js] info: "sandbox434e785782b24c63b6768bcc4c3b874c.mailgun.org"
2019-06-03 18:41:40[app.js] info: "App is running on port: 8080"
2019-06-03 18:41:42[app.js] info: "Connected to database mongodb://caralertservice:caralertservicepassword12345@ds231377.mlab.com:31377/car-alert-service"
2019-06-03 18:41:48[app.js] info: "error"
2019-06-03 18:41:48[app.js] info: "Forbidden"
2019-06-03 18:41:48[app.js] info: "body"
2019-06-03 18:41:48[app.js] info: undefined
2019-06-03 18:43:47[app.js] info: "GET /api/alert/alert-user - - - - ms\n"
2019-06-03 18:44:18[app.js] info: "87cdd773-a72e730e"
2019-06-03 18:44:18[app.js] info: "sandbox434e785782b24c63b6768bcc4c3b874c.mailgun.org"
2019-06-03 18:44:18[app.js] info: "App is running on port: 8080"
2019-06-03 18:44:21[app.js] info: "Connected to database mongodb://caralertservice:caralertservicepassword12345@ds231377.mlab.com:31377/car-alert-service"
2019-06-03 18:45:04[app.js] info: "87cdd773-a72e730e"
2019-06-03 18:45:04[app.js] info: "sandbox434e785782b24c63b6768bcc4c3b874c.mailgun.org"
2019-06-03 18:45:05[app.js] info: "App is running on port: 8080"
2019-06-03 18:45:06[app.js] info: "Connected to database mongodb://caralertservice:caralertservicepassword12345@ds231377.mlab.com:31377/car-alert-service"
2019-06-03 18:45:12[app.js] info: "error"
2019-06-03 18:45:12[app.js] info: undefined
2019-06-03 18:45:12[app.js] info: "body"
2019-06-03 18:45:12[app.js] info: "Queued. Thank you."
2019-06-03 18:46:12[app.js] info: "f67b057c75977a307fa9a3306ad56f3f-87cdd773-a72e730e"
2019-06-03 18:46:12[app.js] info: "sandbox434e785782b24c63b6768bcc4c3b874c.mailgun.org"
2019-06-03 18:46:12[app.js] info: "App is running on port: 8080"
2019-06-03 18:46:15[app.js] info: "Connected to database mongodb://caralertservice:caralertservicepassword12345@ds231377.mlab.com:31377/car-alert-service"
2019-06-03 18:46:52[app.js] info: "f67b057c75977a307fa9a3306ad56f3f-87cdd773-a72e730e"
2019-06-03 18:46:52[app.js] info: "sandbox434e785782b24c63b6768bcc4c3b874c.mailgun.org"
2019-06-03 18:46:52[app.js] info: "App is running on port: 8080"
2019-06-03 18:46:54[app.js] info: "Connected to database mongodb://caralertservice:caralertservicepassword12345@ds231377.mlab.com:31377/car-alert-service"
2019-06-03 18:48:56[app.js] info: "GET /api/alert/alert-user - - - - ms\n"
2019-06-03 18:49:10[app.js] info: "f67b057c75977a307fa9a3306ad56f3f-87cdd773-a72e730e"
2019-06-03 18:49:10[app.js] info: "sandbox434e785782b24c63b6768bcc4c3b874c.mailgun.org"
2019-06-03 18:49:10[app.js] info: "App is running on port: 8080"
2019-06-03 18:49:13[app.js] info: "Connected to database mongodb://caralertservice:caralertservicepassword12345@ds231377.mlab.com:31377/car-alert-service"
2019-06-03 18:49:56[app.js] info: "f67b057c75977a307fa9a3306ad56f3f-87cdd773-a72e730e"
2019-06-03 18:49:56[app.js] info: "sandbox434e785782b24c63b6768bcc4c3b874c.mailgun.org"
2019-06-03 18:49:56[app.js] info: "App is running on port: 8080"
2019-06-03 18:49:59[app.js] info: "Connected to database mongodb://caralertservice:caralertservicepassword12345@ds231377.mlab.com:31377/car-alert-service"
2019-06-03 18:50:43[app.js] info: "f67b057c75977a307fa9a3306ad56f3f-87cdd773-a72e730e"
2019-06-03 18:50:43[app.js] info: "sandbox434e785782b24c63b6768bcc4c3b874c.mailgun.org"
2019-06-03 18:50:43[app.js] info: "App is running on port: 8080"
2019-06-03 18:50:46[app.js] info: "Connected to database mongodb://caralertservice:caralertservicepassword12345@ds231377.mlab.com:31377/car-alert-service"
2019-06-03 18:51:03[app.js] info: "f67b057c75977a307fa9a3306ad56f3f-87cdd773-a72e730e"
2019-06-03 18:51:03[app.js] info: "sandbox434e785782b24c63b6768bcc4c3b874c.mailgun.org"
2019-06-03 18:51:04[app.js] info: "App is running on port: 8080"
2019-06-03 18:51:06[app.js] info: "Connected to database mongodb://caralertservice:caralertservicepassword12345@ds231377.mlab.com:31377/car-alert-service"
2019-06-03 18:52:00[app.js] info: "f67b057c75977a307fa9a3306ad56f3f-87cdd773-a72e730e"
2019-06-03 18:52:00[app.js] info: "sandbox434e785782b24c63b6768bcc4c3b874c.mailgun.org"
2019-06-03 18:52:00[app.js] info: "App is running on port: 8080"
2019-06-03 18:52:03[app.js] info: "Connected to database mongodb://caralertservice:caralertservicepassword12345@ds231377.mlab.com:31377/car-alert-service"
2019-06-03 18:53:06[app.js] info: "f67b057c75977a307fa9a3306ad56f3f-87cdd773-a72e730e"
2019-06-03 18:53:06[app.js] info: "sandbox434e785782b24c63b6768bcc4c3b874c.mailgun.org"
2019-06-03 18:53:06[app.js] info: "App is running on port: 8080"
2019-06-03 18:53:08[app.js] info: "Connected to database mongodb://caralertservice:caralertservicepassword12345@ds231377.mlab.com:31377/car-alert-service"
2019-06-03 18:53:11[app.js] info: "GET /api/alert/alert-user 200 151 - 1470.230 ms\n"
2019-06-03 18:53:26[app.js] info: "f67b057c75977a307fa9a3306ad56f3f-87cdd773-a72e730e"
2019-06-03 18:53:26[app.js] info: "sandbox434e785782b24c63b6768bcc4c3b874c.mailgun.org"
2019-06-03 18:53:26[app.js] info: "App is running on port: 8080"
2019-06-03 18:53:28[app.js] info: "Connected to database mongodb://caralertservice:caralertservicepassword12345@ds231377.mlab.com:31377/car-alert-service"
2019-06-03 19:02:41[app.js] info: "f67b057c75977a307fa9a3306ad56f3f-87cdd773-a72e730e"
2019-06-03 19:02:41[app.js] info: "sandbox434e785782b24c63b6768bcc4c3b874c.mailgun.org"
2019-06-03 19:02:41[app.js] info: "App is running on port: 8080"
2019-06-03 19:02:44[app.js] info: "Connected to database mongodb://caralertservice:caralertservicepassword12345@ds231377.mlab.com:31377/car-alert-service"
2019-06-03 19:02:53[app.js] info: "f67b057c75977a307fa9a3306ad56f3f-87cdd773-a72e730e"
2019-06-03 19:02:53[app.js] info: "sandbox434e785782b24c63b6768bcc4c3b874c.mailgun.org"
2019-06-03 19:02:53[app.js] info: "App is running on port: 8080"
2019-06-03 19:02:56[app.js] info: "Connected to database mongodb://caralertservice:caralertservicepassword12345@ds231377.mlab.com:31377/car-alert-service"
2019-06-03 19:04:24[app.js] info: "App is running on port: 8080"
2019-06-03 19:04:25[app.js] info: "Connected to database mongodb://caralertservice:caralertservicepassword12345@ds231377.mlab.com:31377/car-alert-service"
2019-06-03 19:05:11[app.js] info: "App is running on port: 8080"
2019-06-03 19:05:14[app.js] info: "Connected to database mongodb://caralertservice:caralertservicepassword12345@ds231377.mlab.com:31377/car-alert-service"
2019-06-03 19:05:51[app.js] info: "App is running on port: 8080"
2019-06-03 19:05:53[app.js] info: "Connected to database mongodb://caralertservice:caralertservicepassword12345@ds231377.mlab.com:31377/car-alert-service"
