2019-06-02 06:46:48[app.js] info: "App is running on port: 8080"
2019-06-02 06:46:48[app.js] info: "Connected to database mongodb://localhost:27017/small-node-js-project"
2019-06-02 06:50:49[app.js] info: "GET /api/userList/get-regular-users 304 - - 25.184 ms\n"
2019-06-02 06:50:50[app.js] info: "GET /api/userList/get-regular-users 304 - - 3.214 ms\n"
2019-06-02 06:50:51[app.js] info: "GET /api/cars/get-cars 304 - - 7.242 ms\n"
2019-06-02 06:51:59[app.js] info: "GET /api/cars/get-cars 304 - - 8.595 ms\n"
2019-06-02 06:52:46[app.js] info: "GET /api/cars/get-cars 304 - - 3.972 ms\n"
2019-06-02 06:52:51[app.js] info: "GET /api/cars/get-cars 304 - - 2.588 ms\n"
2019-06-02 06:53:09[app.js] info: "GET /api/cars/get-cars 304 - - 3.000 ms\n"
2019-06-02 06:55:31[app.js] info: "GET /api/cars/get-cars 304 - - 2.990 ms\n"
2019-06-02 06:55:46[app.js] info: "GET /api/cars/get-cars 304 - - 2.532 ms\n"
2019-06-02 06:56:04[app.js] info: "GET /api/cars/get-cars 304 - - 2.547 ms\n"
2019-06-02 06:56:06[app.js] info: "GET /api/cars/get-cars 304 - - 3.330 ms\n"
2019-06-02 06:58:07[app.js] info: "App is running on port: 8080"
2019-06-02 06:58:07[app.js] info: "Connected to database mongodb://localhost:27017/small-node-js-project"
2019-06-02 06:58:08[app.js] info: "GET /api/cars/get-cars 304 - - 35.906 ms\n"
2019-06-02 06:58:37[app.js] info: "App is running on port: 8080"
2019-06-02 06:58:37[app.js] info: "Connected to database mongodb://localhost:27017/small-node-js-project"
2019-06-02 06:58:38[app.js] info: "GET /api/cars/get-cars 304 - - 27.284 ms\n"
2019-06-02 06:59:19[app.js] info: "App is running on port: 8080"
2019-06-02 06:59:19[app.js] info: "Connected to database mongodb://localhost:27017/small-node-js-project"
2019-06-02 07:00:32[app.js] info: "GET /api/cars/get-cars 304 - - 26.927 ms\n"
2019-06-02 07:00:43[app.js] info: "GET /api/cars/get-cars 304 - - 4.496 ms\n"
2019-06-02 07:00:58[app.js] info: "GET /api/cars/get-cars 304 - - 4.097 ms\n"
2019-06-02 07:01:55[app.js] info: "App is running on port: 8080"
2019-06-02 07:01:55[app.js] info: "Connected to database mongodb://localhost:27017/small-node-js-project"
2019-06-02 07:02:03[app.js] info: "GET /api/userList/get-regular-users 304 - - 24.333 ms\n"
2019-06-02 07:02:11[app.js] info: "GET /api/cars/get-cars 304 - - 5.361 ms\n"
2019-06-02 07:02:31[app.js] info: "App is running on port: 8080"
2019-06-02 07:02:31[app.js] info: "Connected to database mongodb://localhost:27017/small-node-js-project"
2019-06-02 07:02:36[app.js] info: "GET /api/cars/get-cars 304 - - 25.357 ms\n"
2019-06-02 07:03:14[app.js] info: "App is running on port: 8080"
2019-06-02 07:03:14[app.js] info: "Connected to database mongodb://localhost:27017/small-node-js-project"
2019-06-02 07:03:57[app.js] info: "GET /api/cars/get-cars 304 - - 26.599 ms\n"
2019-06-02 07:04:01[app.js] info: "GET /api/cars/get-cars 304 - - 3.897 ms\n"
2019-06-02 07:04:34[app.js] info: "App is running on port: 8080"
2019-06-02 07:04:34[app.js] info: "Connected to database mongodb://localhost:27017/small-node-js-project"
2019-06-02 07:04:35[app.js] info: "GET /api/cars/get-cars 304 - - 31.172 ms\n"
2019-06-02 07:04:52[app.js] info: "App is running on port: 8080"
2019-06-02 07:04:52[app.js] info: "Connected to database mongodb://localhost:27017/small-node-js-project"
2019-06-02 07:05:22[app.js] info: "App is running on port: 8080"
2019-06-02 07:05:22[app.js] info: "Connected to database mongodb://localhost:27017/small-node-js-project"
2019-06-02 07:06:46[app.js] info: "App is running on port: 8080"
2019-06-02 07:06:46[app.js] info: "Connected to database mongodb://localhost:27017/small-node-js-project"
2019-06-02 07:06:51[app.js] info: "GET /api/cars/get-cars 304 - - 28.643 ms\n"
2019-06-02 07:07:25[app.js] info: "GET /api/cars/get-cars 304 - - 5.640 ms\n"
2019-06-02 07:07:59[app.js] info: "GET /api/cars/get-cars 304 - - 3.200 ms\n"
2019-06-02 07:17:31[app.js] info: "App is running on port: 8080"
2019-06-02 07:17:31[app.js] info: "Connected to database mongodb://localhost:27017/small-node-js-project"
2019-06-02 07:19:08[app.js] info: "GET /api/cars/get-car/5cf26ce6ef2ca017b4d7763a 200 148 - 24.762 ms\n"
2019-06-02 07:21:08[app.js] info: "GET /api/cars/get-car/5cf26ce6ef2ca017b4d7763a 304 - - 3.487 ms\n"
2019-06-02 07:21:52[app.js] info: "GET /api/cars/get-car/5cf26ce6ef2ca017b4d7763a 304 - - 2.564 ms\n"
2019-06-02 07:22:11[app.js] info: "POST /api/cars/update-car 200 4886 - 49.532 ms\n"
2019-06-02 07:22:14[app.js] info: "GET /api/cars/get-car/5cf26ce6ef2ca017b4d7763a 304 - - 1.754 ms\n"
2019-06-02 07:22:40[app.js] info: "GET /api/cars/get-car/5cf26ce6ef2ca017b4d7763a 304 - - 1.648 ms\n"
2019-06-02 07:22:44[app.js] info: "GET /api/cars/get-car/5cf26ce6ef2ca017b4d7763a 304 - - 2.159 ms\n"
2019-06-02 07:22:48[app.js] info: "POST /api/cars/update-car 200 4886 - 0.798 ms\n"
2019-06-02 07:23:10[app.js] info: "GET /api/cars/get-car/5cf26ce6ef2ca017b4d7763a 304 - - 1.670 ms\n"
2019-06-02 07:23:14[app.js] info: "POST /api/cars/update-car 200 4886 - 1.211 ms\n"
2019-06-02 07:24:02[app.js] info: "App is running on port: 8080"
2019-06-02 07:24:02[app.js] info: "Connected to database mongodb://localhost:27017/small-node-js-project"
2019-06-02 07:24:02[app.js] info: "GET /api/cars/get-car/5cf26ce6ef2ca017b4d7763a 304 - - 42.627 ms\n"
2019-06-02 07:24:07[app.js] info: "PATCH /api/cars/update-car 200 4886 - 7.754 ms\n"
2019-06-02 07:24:51[app.js] info: "GET /api/cars/get-car/5cf26ce6ef2ca017b4d7763a 304 - - 7.059 ms\n"
2019-06-02 07:25:00[app.js] info: "PATCH /api/cars/update-car 200 4886 - 2.008 ms\n"
2019-06-02 07:26:26[app.js] info: "PATCH /api/cars/update-car 200 4886 - 2.088 ms\n"
2019-06-02 07:27:20[app.js] info: "GET /api/cars/get-car/5cf26ce6ef2ca017b4d7763a 304 - - 2.548 ms\n"
2019-06-02 07:27:37[app.js] info: "GET /api/cars/get-car/5cf26ce6ef2ca017b4d7763a 304 - - 3.067 ms\n"
2019-06-02 07:28:49[app.js] info: "GET /api/cars/get-car/5cf26ce6ef2ca017b4d7763a 304 - - 2.538 ms\n"
2019-06-02 07:28:54[app.js] info: "GET /api/cars/get-car/5cf26ce6ef2ca017b4d7763a 304 - - 1.614 ms\n"
2019-06-02 07:29:16[app.js] info: "GET /api/cars/get-car/5cf26ce6ef2ca017b4d7763a 304 - - 2.173 ms\n"
2019-06-02 07:29:19[app.js] info: "GET /api/cars/get-car/5cf26ce6ef2ca017b4d7763a 304 - - 1.420 ms\n"
2019-06-02 07:29:54[app.js] info: "GET /api/cars/get-car/5cf26ce6ef2ca017b4d7763a 304 - - 3.008 ms\n"
2019-06-02 07:30:05[app.js] info: "PATCH /api/cars/update-car 200 4886 - 1.324 ms\n"
2019-06-02 07:36:04[app.js] info: "PATCH /api/cars/update-car 200 4886 - 1.095 ms\n"
2019-06-02 07:38:56[app.js] info: "GET /api/cars/get-car/5cf26ce6ef2ca017b4d7763a 304 - - 1.752 ms\n"
2019-06-02 07:39:00[app.js] info: "GET /api/cars/get-car/5cf26ce6ef2ca017b4d7763a 304 - - 1.480 ms\n"
2019-06-02 07:39:01[app.js] info: "PATCH /api/cars/update-car 200 4886 - 0.709 ms\n"
2019-06-02 07:40:18[app.js] info: "GET /api/cars/get-car/5cf26ce6ef2ca017b4d7763a 304 - - 1.514 ms\n"
2019-06-02 07:40:42[app.js] info: "GET /api/cars/get-car/5cf26ce6ef2ca017b4d7763a 304 - - 2.529 ms\n"
2019-06-02 08:24:05[app.js] info: "PATCH /api/cars/update-car 200 4886 - 0.641 ms\n"
2019-06-02 08:24:40[app.js] info: "GET /api/cars/get-car/5cf26ce6ef2ca017b4d7763a 304 - - 3.253 ms\n"
2019-06-02 08:24:41[app.js] info: "PATCH /api/cars/update-car 200 4886 - 0.550 ms\n"
2019-06-02 08:25:16[app.js] info: "GET /api/cars/get-car/5cf26ce6ef2ca017b4d7763a 304 - - 1.767 ms\n"
2019-06-02 08:25:18[app.js] info: "PATCH /api/cars/update-car 200 4886 - 0.481 ms\n"
2019-06-02 08:25:26[app.js] info: "PATCH /api/cars/update-car 200 4886 - 0.646 ms\n"
2019-06-02 08:25:32[app.js] info: "GET /api/cars/get-car/5cf26ce6ef2ca017b4d7763a 304 - - 1.748 ms\n"
2019-06-02 08:25:37[app.js] info: "PATCH /api/cars/update-car 200 4886 - 0.605 ms\n"
2019-06-02 08:25:44[app.js] info: "PATCH /api/cars/update-car 200 4886 - 0.584 ms\n"
2019-06-02 08:25:52[app.js] info: "PATCH /api/cars/update-car 200 4886 - 0.620 ms\n"
2019-06-02 08:32:58[app.js] info: "GET /api/cars/get-car/5cf26ce6ef2ca017b4d7763a 304 - - 2.850 ms\n"
2019-06-02 08:33:53[app.js] info: "GET /api/cars/get-car/5cf26ce6ef2ca017b4d7763a 304 - - 1.918 ms\n"
2019-06-02 08:34:03[app.js] info: "PATCH /api/cars/update-car 200 4886 - 0.584 ms\n"
2019-06-02 08:34:45[app.js] info: "App is running on port: 8080"
2019-06-02 08:34:45[app.js] info: "Connected to database mongodb://localhost:27017/small-node-js-project"
2019-06-02 08:34:45[app.js] info: "GET /api/cars/get-car/5cf26ce6ef2ca017b4d7763a 304 - - 29.706 ms\n"
2019-06-02 08:34:47[app.js] info: "PATCH /api/cars/update-car 200 4886 - 2.973 ms\n"
2019-06-02 08:35:21[app.js] info: "PATCH /api/cars/update-car 200 4886 - 1.556 ms\n"
2019-06-02 08:35:21[app.js] info: "PATCH /api/cars/update-car 200 4886 - 0.732 ms\n"
2019-06-02 08:35:28[app.js] info: "GET /api/cars/get-car/5cf26ce6ef2ca017b4d7763a 304 - - 2.899 ms\n"
2019-06-02 08:36:17[app.js] info: "App is running on port: 8080"
2019-06-02 08:36:17[app.js] info: "Connected to database mongodb://localhost:27017/small-node-js-project"
2019-06-02 08:36:18[app.js] info: "PATCH /api/cars/update-car 200 4886 - 4.834 ms\n"
2019-06-02 08:36:27[app.js] info: "App is running on port: 8080"
2019-06-02 08:36:27[app.js] info: "App is running on port: 8080"
2019-06-02 08:36:27[app.js] info: "Connected to database mongodb://localhost:27017/small-node-js-project"
2019-06-02 08:37:24[app.js] info: "App is running on port: 8080"
2019-06-02 08:37:24[app.js] info: "Connected to database mongodb://localhost:27017/small-node-js-project"
2019-06-02 08:37:29[app.js] info: "PATCH /api/cars/update-car 200 4886 - 5.407 ms\n"
2019-06-02 08:37:32[app.js] info: "GET /api/cars/get-car/5cf26ce6ef2ca017b4d7763a 304 - - 18.354 ms\n"
2019-06-02 08:38:15[app.js] info: "App is running on port: 8080"
2019-06-02 08:38:15[app.js] info: "Connected to database mongodb://localhost:27017/small-node-js-project"
2019-06-02 08:38:19[app.js] info: "PATCH /api/cars/update-car 200 4886 - 6.242 ms\n"
2019-06-02 08:40:02[app.js] info: "App is running on port: 8080"
2019-06-02 08:40:02[app.js] info: "Connected to database mongodb://localhost:27017/small-node-js-project"
2019-06-02 08:40:33[app.js] info: "App is running on port: 8080"
2019-06-02 08:40:33[app.js] info: "Connected to database mongodb://localhost:27017/small-node-js-project"
2019-06-02 08:40:41[app.js] info: "App is running on port: 8080"
2019-06-02 08:40:41[app.js] info: "Connected to database mongodb://localhost:27017/small-node-js-project"
2019-06-02 08:40:44[app.js] info: "PATCH /api/cars/update-car 200 4886 - 4.658 ms\n"
2019-06-02 08:40:55[app.js] info: "PATCH /api/cars/update-car 200 4886 - 1.884 ms\n"
2019-06-02 08:41:04[app.js] info: "App is running on port: 8080"
2019-06-02 08:41:04[app.js] info: "Connected to database mongodb://localhost:27017/small-node-js-project"
2019-06-02 08:41:07[app.js] info: "PATCH /api/cars/update-car 200 4886 - 4.908 ms\n"
2019-06-02 08:41:42[app.js] info: "GET /api/cars/get-cars 401 63 - 1.470 ms\n"
2019-06-02 08:41:54[app.js] info: "POST /api/authentication/signin 200 347 - 515.611 ms\n"
2019-06-02 08:43:05[app.js] info: "GET /api/cars/get-cars 401 63 - 0.356 ms\n"
2019-06-02 08:43:31[app.js] info: "Updating car"
2019-06-02 08:43:31[app.js] info: "PATCH /api/cars/update-car/5cf26b9b21c5731ee81854d5 400 44 - 5.399 ms\n"
2019-06-02 08:43:39[app.js] info: "GET /api/cars/get-car/5cf26ce6ef2ca017b4d7763a 304 - - 3.115 ms\n"
2019-06-02 08:43:48[app.js] info: "Updating car"
2019-06-02 08:43:48[app.js] info: "Existing car: "
2019-06-02 08:43:48[app.js] info: {"carMilage":0,"_id":"5cf26ce6ef2ca017b4d7763a","carName":"Car 02","carRegistrationDate":"2019-06-01T12:17:42.398Z","__v":0}
2019-06-02 08:43:48[app.js] info: "New Car Info"
2019-06-02 08:43:48[app.js] info: {"carMilage":0,"_id":"5cf337e44a0a7a2af80271b8","carName":"updated name","carRegistrationDate":"2019-06-02T02:43:48.936Z"}
2019-06-02 08:43:48[app.js] info: "PATCH /api/cars/update-car/5cf26ce6ef2ca017b4d7763a 200 154 - 17.930 ms\n"
2019-06-02 08:44:32[app.js] info: "PATCH /api/cars/update-car 200 4886 - 0.885 ms\n"
2019-06-02 08:45:06[app.js] info: "PATCH /api/cars/update-car 200 4886 - 0.528 ms\n"
2019-06-02 08:45:28[app.js] info: "App is running on port: 8080"
2019-06-02 08:45:28[app.js] info: "Connected to database mongodb://localhost:27017/small-node-js-project"
2019-06-02 08:45:47[app.js] info: "App is running on port: 8080"
2019-06-02 08:45:47[app.js] info: "Connected to database mongodb://localhost:27017/small-node-js-project"
2019-06-02 08:45:48[app.js] info: "GET /api/cars/get-car/5cf26ce6ef2ca017b4d7763a 304 - - 43.382 ms\n"
2019-06-02 08:45:49[app.js] info: "App is running on port: 8080"
2019-06-02 08:45:49[app.js] info: "Connected to database mongodb://localhost:27017/small-node-js-project"
2019-06-02 08:45:51[app.js] info: "PATCH /api/cars/update-car 200 4886 - 4.048 ms\n"
2019-06-02 08:46:06[app.js] info: "GET /api/cars/get-car/5cf26ce6ef2ca017b4d7763a 304 - - 22.507 ms\n"
2019-06-02 08:46:11[app.js] info: "PATCH /api/cars/update-car 200 4886 - 1.016 ms\n"
2019-06-02 08:47:42[app.js] info: "App is running on port: 8080"
2019-06-02 08:47:42[app.js] info: "Connected to database mongodb://localhost:27017/small-node-js-project"
2019-06-02 08:47:42[app.js] info: "GET /api/cars/get-car/5cf26ce6ef2ca017b4d7763a 304 - - 19.271 ms\n"
2019-06-02 08:47:45[app.js] info: "PATCH /api/cars/update-car 200 4886 - 2.784 ms\n"
2019-06-02 08:47:48[app.js] info: "PATCH /api/cars/update-car 200 4886 - 0.767 ms\n"
2019-06-02 08:48:40[app.js] info: "GET /api/cars/get-car/5cf26ce6ef2ca017b4d7763a 304 - - 4.881 ms\n"
2019-06-02 08:48:43[app.js] info: "PATCH /api/cars/update-car 200 4886 - 0.877 ms\n"
2019-06-02 08:49:59[app.js] info: "App is running on port: 8080"
2019-06-02 08:49:59[app.js] info: "Connected to database mongodb://localhost:27017/small-node-js-project"
2019-06-02 08:49:59[app.js] info: "GET /api/cars/get-car/5cf26ce6ef2ca017b4d7763a 304 - - 19.136 ms\n"
2019-06-02 08:50:09[app.js] info: "GET /api/cars/get-car/5cf26ce6ef2ca017b4d7763a 304 - - 3.635 ms\n"
2019-06-02 08:50:26[app.js] info: "GET /api/userList/get-regular-users 304 - - 4.776 ms\n"
2019-06-02 08:50:35[app.js] info: "GET /api/userList/get-regular-users 304 - - 2.616 ms\n"
2019-06-02 08:50:41[app.js] info: "GET /api/cars/get-cars 200 860 - 3.280 ms\n"
2019-06-02 08:50:43[app.js] info: "GET /api/cars/get-car/5cf26ce6ef2ca017b4d7763a 304 - - 2.858 ms\n"
2019-06-02 08:50:47[app.js] info: "GET /api/cars/get-cars 304 - - 2.672 ms\n"
2019-06-02 08:51:44[app.js] info: "App is running on port: 8080"
2019-06-02 08:51:44[app.js] info: "Connected to database mongodb://localhost:27017/small-node-js-project"
2019-06-02 08:51:45[app.js] info: "GET /api/cars/get-cars 304 - - 30.355 ms\n"
2019-06-02 08:51:48[app.js] info: "App is running on port: 8080"
2019-06-02 08:51:48[app.js] info: "Connected to database mongodb://localhost:27017/small-node-js-project"
2019-06-02 08:51:55[app.js] info: "App is running on port: 8080"
2019-06-02 08:51:55[app.js] info: "Connected to database mongodb://localhost:27017/small-node-js-project"
2019-06-02 08:51:55[app.js] info: "GET /api/cars/get-cars 304 - - 31.907 ms\n"
2019-06-02 08:52:33[app.js] info: "App is running on port: 8080"
2019-06-02 08:52:33[app.js] info: "Connected to database mongodb://localhost:27017/small-node-js-project"
2019-06-02 08:52:37[app.js] info: "GET /api/cars/get-cars 304 - - 22.227 ms\n"
2019-06-02 08:53:04[app.js] info: "App is running on port: 8080"
2019-06-02 08:53:04[app.js] info: "Connected to database mongodb://localhost:27017/small-node-js-project"
2019-06-02 08:53:09[app.js] error: "Cast to ObjectId failed for value \":id\" at path \"_id\" for model \"Car\""
2019-06-02 08:53:09[app.js] info: "GET /api/cars/get-car/:id 500 402 - 10.847 ms\n"
2019-06-02 08:53:33[app.js] info: "GET /api/cars/get-cars 304 - - 14.955 ms\n"
2019-06-02 08:54:40[app.js] info: "App is running on port: 8080"
2019-06-02 08:54:40[app.js] info: "Connected to database mongodb://localhost:27017/small-node-js-project"
2019-06-02 08:55:00[app.js] info: "GET /api/cars/get-cars 304 - - 19.776 ms\n"
2019-06-02 08:55:14[app.js] info: "App is running on port: 8080"
2019-06-02 08:55:14[app.js] info: "Connected to database mongodb://localhost:27017/small-node-js-project"
2019-06-02 08:55:18[app.js] info: "GET /api/cars/get-cars 304 - - 24.397 ms\n"
2019-06-02 08:56:36[app.js] info: "App is running on port: 8080"
2019-06-02 08:56:36[app.js] info: "Connected to database mongodb://localhost:27017/small-node-js-project"
2019-06-02 08:56:39[app.js] info: "GET /api/cars/get-car/5cf26ce6ef2ca017b4d7763a 304 - - 22.659 ms\n"
2019-06-02 08:56:45[app.js] info: "GET /api/cars/get-car/5cf26ce6ef2ca017b4d7763a 304 - - 5.552 ms\n"
2019-06-02 08:56:50[app.js] info: "GET /api/cars/get-cars 304 - - 4.035 ms\n"
2019-06-02 08:56:52[app.js] info: "GET /api/cars/get-car/5cf26ce6ef2ca017b4d7763a 304 - - 1.722 ms\n"
2019-06-02 08:56:55[app.js] info: "GET /api/cars/get-cars 304 - - 3.073 ms\n"
2019-06-02 08:56:58[app.js] info: "GET /api/cars/get-car/5cf337e44a0a7a2af80271b8 200 154 - 1.758 ms\n"
2019-06-02 08:57:03[app.js] info: "PATCH /api/cars/update-car 200 4886 - 2.944 ms\n"
2019-06-02 08:57:08[app.js] info: "GET /api/cars/get-cars 304 - - 2.881 ms\n"
2019-06-02 08:57:21[app.js] info: "GET /api/cars/get-car/5cf26d32ef2ca017b4d7763d 200 194 - 1.478 ms\n"
2019-06-02 09:12:59[app.js] info: "PATCH /api/cars/update-car 200 4886 - 0.953 ms\n"
2019-06-02 09:15:17[app.js] info: "PATCH /api/cars/update-car 200 4886 - 0.870 ms\n"
2019-06-02 09:17:52[app.js] info: "App is running on port: 8080"
2019-06-02 09:17:52[app.js] info: "Connected to database mongodb://localhost:27017/small-node-js-project"
2019-06-02 09:18:10[app.js] info: "App is running on port: 8080"
2019-06-02 09:18:10[app.js] info: "Connected to database mongodb://localhost:27017/small-node-js-project"
2019-06-02 09:18:12[app.js] info: "GET /api/cars/get-car/5cf26d32ef2ca017b4d7763d 304 - - 28.798 ms\n"
2019-06-02 09:18:15[app.js] info: "POST /api/cars/update-car 200 4886 - 2.624 ms\n"
2019-06-02 09:18:32[app.js] info: "POST /api/cars/add-car 400 75 - 4.110 ms\n"
2019-06-02 09:18:40[app.js] info: "POST /api/cars/add-car 200 183 - 12.793 ms\n"
2019-06-02 09:19:33[app.js] info: "App is running on port: 8080"
2019-06-02 09:19:33[app.js] info: "Connected to database mongodb://localhost:27017/small-node-js-project"
2019-06-02 09:20:33[app.js] error: "Cast to ObjectId failed for value \":id\" at path \"_id\" for model \"Car\""
2019-06-02 09:20:33[app.js] info: "GET /api/cars/get-car/:id 500 402 - 13.012 ms\n"
2019-06-02 09:20:40[app.js] info: "GET /api/cars/get-cars 200 1020 - 17.605 ms\n"
2019-06-02 09:20:42[app.js] info: "GET /api/cars/get-car/5cf26ce6ef2ca017b4d7763a 304 - - 4.099 ms\n"
2019-06-02 09:20:45[app.js] info: "Updating car"
2019-06-02 09:20:45[app.js] info: "Existing car: "
2019-06-02 09:20:45[app.js] info: {"carMilage":0,"_id":"5cf26ce6ef2ca017b4d7763a","carName":"Car 02","carRegistrationDate":"2019-06-01T12:17:42.398Z","__v":0}
2019-06-02 09:20:45[app.js] info: "POST /api/cars/update-car/5cf26ce6ef2ca017b4d7763a 400 75 - 14.884 ms\n"
2019-06-02 09:20:54[app.js] info: "Updating car"
2019-06-02 09:20:54[app.js] info: "Existing car: "
2019-06-02 09:20:54[app.js] info: {"carMilage":0,"_id":"5cf26ce6ef2ca017b4d7763a","carName":"Car 02","carRegistrationDate":"2019-06-01T12:17:42.398Z","__v":0}
2019-06-02 09:20:54[app.js] info: "POST /api/cars/update-car/5cf26ce6ef2ca017b4d7763a 400 52 - 3.925 ms\n"
2019-06-02 09:21:02[app.js] info: "Updating car"
2019-06-02 09:21:02[app.js] info: "Existing car: "
2019-06-02 09:21:02[app.js] info: {"carMilage":0,"_id":"5cf26ce6ef2ca017b4d7763a","carName":"Car 02","carRegistrationDate":"2019-06-01T12:17:42.398Z","__v":0}
2019-06-02 09:21:02[app.js] info: "POST /api/cars/update-car/5cf26ce6ef2ca017b4d7763a 400 52 - 3.563 ms\n"
2019-06-02 09:21:32[app.js] info: "App is running on port: 8080"
2019-06-02 09:21:32[app.js] info: "Connected to database mongodb://localhost:27017/small-node-js-project"
2019-06-02 09:21:42[app.js] info: "App is running on port: 8080"
2019-06-02 09:21:42[app.js] info: "Connected to database mongodb://localhost:27017/small-node-js-project"
2019-06-02 09:21:42[app.js] info: "GET /api/cars/get-car/5cf26ce6ef2ca017b4d7763a 304 - - 22.379 ms\n"
2019-06-02 09:21:45[app.js] info: "Updating car"
2019-06-02 09:21:45[app.js] info: "Existing car: "
2019-06-02 09:21:45[app.js] info: {"carMilage":0,"_id":"5cf26ce6ef2ca017b4d7763a","carName":"Car 02","carRegistrationDate":"2019-06-01T12:17:42.398Z","__v":0}
2019-06-02 09:21:45[app.js] info: "PATCH /api/cars/update-car/5cf26ce6ef2ca017b4d7763a 400 52 - 10.246 ms\n"
2019-06-02 09:22:39[app.js] info: "App is running on port: 8080"
2019-06-02 09:22:39[app.js] info: "Connected to database mongodb://localhost:27017/small-node-js-project"
2019-06-02 09:23:34[app.js] info: "Updating car"
2019-06-02 09:23:34[app.js] info: "Existing car: "
2019-06-02 09:23:34[app.js] info: {"carMilage":0,"_id":"5cf26ce6ef2ca017b4d7763a","carName":"Car 02","carRegistrationDate":"2019-06-01T12:17:42.398Z","__v":0}
2019-06-02 09:23:34[app.js] info: "New Car Info"
2019-06-02 09:23:34[app.js] info: {"carMilage":0,"_id":"5cf26ce6ef2ca017b4d7763a","carName":"Car 02","carRegistrationDate":"2019-06-01T12:17:42.398Z","carDescription":"asdasd"}
2019-06-02 09:23:34[app.js] error: "E11000 duplicate key error collection: small-node-js-project.cars index: _id_ dup key: { : ObjectId('5cf26ce6ef2ca017b4d7763a') }"
2019-06-02 09:23:34[app.js] info: "PATCH /api/cars/update-car/5cf26ce6ef2ca017b4d7763a 500 478 - 56.734 ms\n"
2019-06-02 09:24:31[app.js] info: "Updating car"
2019-06-02 09:24:31[app.js] info: "Existing car: "
2019-06-02 09:24:31[app.js] info: {"carMilage":0,"_id":"5cf26ce6ef2ca017b4d7763a","carName":"Car 02","carRegistrationDate":"2019-06-01T12:17:42.398Z","__v":0}
2019-06-02 09:24:31[app.js] info: "New Car Info"
2019-06-02 09:24:31[app.js] info: {"carMilage":0,"_id":"5cf26ce6ef2ca017b4d7763a","carName":"Car 02","carRegistrationDate":"2019-06-01T12:17:42.398Z","carDescription":"asdasd"}
2019-06-02 09:24:31[app.js] error: "E11000 duplicate key error collection: small-node-js-project.cars index: _id_ dup key: { : ObjectId('5cf26ce6ef2ca017b4d7763a') }"
2019-06-02 09:24:31[app.js] info: "PATCH /api/cars/update-car/5cf26ce6ef2ca017b4d7763a 500 478 - 12.519 ms\n"
2019-06-02 09:25:13[app.js] info: "App is running on port: 8080"
2019-06-02 09:25:13[app.js] info: "Connected to database mongodb://localhost:27017/small-node-js-project"
2019-06-02 09:25:30[app.js] info: "App is running on port: 8080"
2019-06-02 09:25:30[app.js] info: "Connected to database mongodb://localhost:27017/small-node-js-project"
2019-06-02 09:25:33[app.js] info: "PATCH /api/cars/update-car/5cf26ce6ef2ca017b4d7763a 200 154 - 36.632 ms\n"
2019-06-02 09:25:56[app.js] info: "App is running on port: 8080"
2019-06-02 09:25:56[app.js] info: "Connected to database mongodb://localhost:27017/small-node-js-project"
2019-06-02 09:28:57[app.js] info: "App is running on port: 8080"
2019-06-02 09:28:57[app.js] info: "Connected to database mongodb://localhost:27017/small-node-js-project"
2019-06-02 09:29:01[app.js] info: "App is running on port: 8080"
2019-06-02 09:29:01[app.js] info: "Connected to database mongodb://localhost:27017/small-node-js-project"
2019-06-02 09:29:08[app.js] info: "PATCH /api/cars/update-car/5cf26ce6ef2ca017b4d7763a 200 174 - 33.802 ms\n"
2019-06-02 09:29:17[app.js] info: "PATCH /api/cars/update-car/5cf26ce6ef2ca017b4d7763a 200 175 - 8.384 ms\n"
2019-06-02 09:29:22[app.js] info: "GET /api/cars/get-car/5cf26ce6ef2ca017b4d7763a 200 175 - 4.545 ms\n"
2019-06-02 09:29:26[app.js] info: "GET /api/cars/get-cars 200 1178 - 3.514 ms\n"
2019-06-02 09:38:27[app.js] info: "GET /api/cars/get-cars 304 - - 11.061 ms\n"
2019-06-02 09:38:33[app.js] info: "App is running on port: 8080"
2019-06-02 09:38:33[app.js] info: "Connected to database mongodb://localhost:27017/small-node-js-project"
2019-06-02 09:38:34[app.js] info: "GET /api/cars/get-cars 304 - - 33.853 ms\n"
2019-06-02 14:08:07[app.js] info: "App is running on port: 8080"
2019-06-02 14:08:07[app.js] info: "Connected to database mongodb://localhost:27017/small-node-js-project"
2019-06-02 14:08:27[app.js] info: "App is running on port: 8080"
2019-06-02 14:08:27[app.js] info: "Connected to database mongodb://localhost:27017/small-node-js-project"
2019-06-02 14:09:42[app.js] info: "App is running on port: 8080"
2019-06-02 14:09:42[app.js] info: "Connected to database mongodb://localhost:27017/small-node-js-project"
2019-06-02 14:11:15[app.js] info: "App is running on port: 8080"
2019-06-02 14:11:15[app.js] info: "Connected to database mongodb://localhost:27017/small-node-js-project"
2019-06-02 14:13:00[app.js] info: "App is running on port: 8080"
2019-06-02 14:13:00[app.js] info: "Connected to database mongodb://localhost:27017/small-node-js-project"
2019-06-02 14:14:06[app.js] info: "App is running on port: 8080"
2019-06-02 14:14:06[app.js] info: "Connected to database mongodb://localhost:27017/small-node-js-project"
2019-06-02 14:14:41[app.js] info: "POST /api/authentication/signin 200 347 - 238.759 ms\n"
2019-06-02 14:14:43[app.js] info: "POST /api/authentication/signin 400 61 - 3.735 ms\n"
2019-06-02 14:19:24[app.js] info: "POST /api/authentication/signin 200 347 - 78.130 ms\n"
2019-06-02 14:19:32[app.js] info: "POST /api/authentication/signin 200 347 - 87.283 ms\n"
2019-06-02 14:19:42[app.js] info: "App is running on port: 8080"
2019-06-02 14:19:42[app.js] info: "Connected to database mongodb://localhost:27017/small-node-js-project"
2019-06-02 14:19:46[app.js] info: "POST /api/authentication/signin 400 61 - 14.786 ms\n"
2019-06-02 14:19:48[app.js] info: "POST /api/authentication/signin 200 347 - 105.969 ms\n"
2019-06-02 14:20:28[app.js] info: "App is running on port: 8080"
2019-06-02 14:20:28[app.js] info: "Connected to database mongodb://localhost:27017/small-node-js-project"
2019-06-02 14:21:35[app.js] info: "POST /api/authentication/signin 200 347 - 107.060 ms\n"
2019-06-02 14:22:12[app.js] info: "POST /api/authentication/signin 200 347 - 91.295 ms\n"
2019-06-02 14:32:18[app.js] info: "POST /api/authentication/signin 200 347 - 87.861 ms\n"
2019-06-02 14:33:28[app.js] info: "App is running on port: 8080"
2019-06-02 14:33:29[app.js] info: "Connected to database mongodb://localhost:27017/small-node-js-project"
2019-06-02 14:34:05[app.js] info: "POST /api/authentication/signin 400 61 - 16.022 ms\n"
2019-06-02 14:34:08[app.js] info: "POST /api/authentication/signin 200 347 - 107.786 ms\n"
2019-06-02 14:38:22[app.js] info: "App is running on port: 8080"
2019-06-02 14:38:22[app.js] info: "Connected to database mongodb://localhost:27017/small-node-js-project"
2019-06-02 14:38:28[app.js] info: "POST /api/authentication/signin 200 347 - 103.636 ms\n"
2019-06-02 14:38:41[app.js] info: "POST /api/authentication/signin 200 347 - 89.408 ms\n"
2019-06-02 14:39:14[app.js] info: "App is running on port: 8080"
2019-06-02 14:39:14[app.js] info: "Connected to database mongodb://localhost:27017/small-node-js-project"
2019-06-02 14:39:20[app.js] info: "App is running on port: 8080"
2019-06-02 14:39:20[app.js] info: "Connected to database mongodb://localhost:27017/small-node-js-project"
2019-06-02 14:40:05[app.js] info: "App is running on port: 8080"
2019-06-02 14:40:05[app.js] info: "Connected to database mongodb://localhost:27017/small-node-js-project"
2019-06-02 14:40:24[app.js] info: "POST /api/authentication/signin 200 347 - 104.735 ms\n"
2019-06-02 14:40:48[app.js] info: "POST /api/authentication/signin 200 347 - 90.223 ms\n"
2019-06-02 14:41:42[app.js] info: "POST /api/authentication/signin 200 347 - 88.640 ms\n"
2019-06-02 14:42:03[app.js] info: "App is running on port: 8080"
2019-06-02 14:42:03[app.js] info: "Connected to database mongodb://localhost:27017/small-node-js-project"
2019-06-02 14:42:04[app.js] info: "App is running on port: 8080"
2019-06-02 14:42:04[app.js] info: "Connected to database mongodb://localhost:27017/small-node-js-project"
2019-06-02 14:42:25[app.js] info: "POST /api/authentication/signin 200 347 - 105.655 ms\n"
2019-06-02 15:37:29[app.js] info: "App is running on port: 8080"
2019-06-02 15:37:29[app.js] info: "Connected to database mongodb://localhost:27017/small-node-js-project"
2019-06-02 15:39:29[app.js] info: "POST /api/authentication/signin 200 347 - 170.827 ms\n"
2019-06-02 15:39:58[app.js] info: "POST /api/user/logout 200 4886 - 124.160 ms\n"
2019-06-02 15:41:44[app.js] info: "POST /api/authentication/signin 200 347 - 67.073 ms\n"
2019-06-02 15:49:40[app.js] info: "POST /api/authentication/signin 200 347 - 67.062 ms\n"
2019-06-02 15:54:04[app.js] info: "App is running on port: 8080"
2019-06-02 15:54:04[app.js] info: "Connected to database mongodb://localhost:27017/small-node-js-project"
2019-06-02 15:54:22[app.js] info: "App is running on port: 8080"
2019-06-02 15:54:22[app.js] info: "Connected to database mongodb://localhost:27017/small-node-js-project"
2019-06-02 15:54:38[app.js] info: "App is running on port: 8080"
2019-06-02 15:54:38[app.js] info: "Connected to database mongodb://localhost:27017/small-node-js-project"
2019-06-02 15:55:04[app.js] info: "App is running on port: 8080"
2019-06-02 15:55:04[app.js] info: "Connected to database mongodb://localhost:27017/small-node-js-project"
2019-06-02 15:55:17[app.js] info: "App is running on port: 8080"
2019-06-02 15:55:17[app.js] info: "Connected to database mongodb://localhost:27017/small-node-js-project"
2019-06-02 15:55:18[app.js] info: "App is running on port: 8080"
2019-06-02 15:55:18[app.js] info: "Connected to database mongodb://localhost:27017/small-node-js-project"
2019-06-02 15:55:41[app.js] info: "App is running on port: 8080"
2019-06-02 15:55:41[app.js] info: "Connected to database mongodb://localhost:27017/small-node-js-project"
2019-06-02 15:55:43[app.js] info: "App is running on port: 8080"
2019-06-02 15:55:43[app.js] info: "Connected to database mongodb://localhost:27017/small-node-js-project"
2019-06-02 15:56:58[app.js] info: "App is running on port: 8080"
2019-06-02 15:56:58[app.js] info: "Connected to database mongodb://localhost:27017/small-node-js-project"
2019-06-02 15:57:16[app.js] info: "App is running on port: 8080"
2019-06-02 15:57:16[app.js] info: "Connected to database mongodb://localhost:27017/small-node-js-project"
2019-06-02 15:57:22[app.js] info: "App is running on port: 8080"
2019-06-02 15:57:22[app.js] info: "Connected to database mongodb://localhost:27017/small-node-js-project"
2019-06-02 15:57:55[app.js] info: "App is running on port: 8080"
2019-06-02 15:57:55[app.js] info: "Connected to database mongodb://localhost:27017/small-node-js-project"
2019-06-02 15:58:19[app.js] info: "App is running on port: 8080"
2019-06-02 15:58:19[app.js] info: "Connected to database mongodb://localhost:27017/small-node-js-project"
2019-06-02 15:58:30[app.js] info: "App is running on port: 8080"
2019-06-02 15:58:30[app.js] info: "Connected to database mongodb://localhost:27017/small-node-js-project"
2019-06-02 15:58:52[app.js] info: "App is running on port: 8080"
2019-06-02 15:58:52[app.js] info: "Connected to database mongodb://localhost:27017/small-node-js-project"
2019-06-02 15:59:35[app.js] info: "App is running on port: 8080"
2019-06-02 15:59:35[app.js] info: "Connected to database mongodb://localhost:27017/small-node-js-project"
2019-06-02 15:59:47[app.js] info: "App is running on port: 8080"
2019-06-02 15:59:47[app.js] info: "Connected to database mongodb://localhost:27017/small-node-js-project"
2019-06-02 15:59:53[app.js] info: "App is running on port: 8080"
2019-06-02 15:59:53[app.js] info: "Connected to database mongodb://localhost:27017/small-node-js-project"
2019-06-02 16:00:28[app.js] info: "App is running on port: 8080"
2019-06-02 16:00:28[app.js] info: "Connected to database mongodb://localhost:27017/small-node-js-project"
2019-06-02 16:02:07[app.js] info: "App is running on port: 8080"
2019-06-02 16:02:07[app.js] info: "Connected to database mongodb://localhost:27017/small-node-js-project"
2019-06-02 16:02:40[app.js] info: "App is running on port: 8080"
2019-06-02 16:02:40[app.js] info: "Connected to database mongodb://localhost:27017/small-node-js-project"
2019-06-02 16:02:59[app.js] info: "App is running on port: 8080"
2019-06-02 16:02:59[app.js] info: "Connected to database mongodb://localhost:27017/small-node-js-project"
2019-06-02 16:03:03[app.js] info: "App is running on port: 8080"
2019-06-02 16:03:03[app.js] info: "Connected to database mongodb://localhost:27017/small-node-js-project"
2019-06-02 16:03:08[app.js] info: "App is running on port: 8080"
2019-06-02 16:03:08[app.js] info: "Connected to database mongodb://localhost:27017/small-node-js-project"
2019-06-02 16:03:14[app.js] info: "App is running on port: 8080"
2019-06-02 16:03:14[app.js] info: "Connected to database mongodb://localhost:27017/small-node-js-project"
2019-06-02 16:03:20[app.js] info: "App is running on port: 8080"
2019-06-02 16:03:20[app.js] info: "Connected to database mongodb://localhost:27017/small-node-js-project"
2019-06-02 16:03:35[app.js] info: "App is running on port: 8080"
2019-06-02 16:03:35[app.js] info: "Connected to database mongodb://localhost:27017/small-node-js-project"
2019-06-02 16:03:42[app.js] info: "App is running on port: 8080"
2019-06-02 16:03:43[app.js] info: "Connected to database mongodb://localhost:27017/small-node-js-project"
2019-06-02 16:03:46[app.js] info: "App is running on port: 8080"
2019-06-02 16:03:46[app.js] info: "Connected to database mongodb://localhost:27017/small-node-js-project"
2019-06-02 16:03:47[app.js] info: "App is running on port: 8080"
2019-06-02 16:03:47[app.js] info: "Connected to database mongodb://localhost:27017/small-node-js-project"
2019-06-02 16:04:10[app.js] info: "App is running on port: 8080"
2019-06-02 16:04:10[app.js] info: "Connected to database mongodb://localhost:27017/small-node-js-project"
2019-06-02 16:04:35[app.js] info: "App is running on port: 8080"
2019-06-02 16:04:35[app.js] info: "Connected to database mongodb://localhost:27017/small-node-js-project"
2019-06-02 16:04:43[app.js] info: "App is running on port: 8080"
2019-06-02 16:04:43[app.js] info: "Connected to database mongodb://localhost:27017/small-node-js-project"
2019-06-02 16:05:10[app.js] info: "App is running on port: 8080"
2019-06-02 16:05:10[app.js] info: "Connected to database mongodb://localhost:27017/small-node-js-project"
2019-06-02 16:05:26[app.js] info: "App is running on port: 8080"
2019-06-02 16:05:26[app.js] info: "Connected to database mongodb://localhost:27017/small-node-js-project"
2019-06-02 16:05:33[app.js] info: "App is running on port: 8080"
2019-06-02 16:05:33[app.js] info: "Connected to database mongodb://localhost:27017/small-node-js-project"
2019-06-02 16:06:08[app.js] info: "App is running on port: 8080"
2019-06-02 16:06:08[app.js] info: "Connected to database mongodb://localhost:27017/small-node-js-project"
2019-06-02 16:08:28[app.js] info: "App is running on port: 8080"
2019-06-02 16:08:28[app.js] info: "Connected to database mongodb://localhost:27017/small-node-js-project"
2019-06-02 16:09:06[app.js] info: "App is running on port: 8080"
2019-06-02 16:09:06[app.js] info: "Connected to database mongodb://localhost:27017/small-node-js-project"
2019-06-02 16:09:44[app.js] info: "App is running on port: 8080"
2019-06-02 16:09:44[app.js] info: "Connected to database mongodb://localhost:27017/small-node-js-project"
2019-06-02 16:10:02[app.js] info: "App is running on port: 8080"
2019-06-02 16:10:02[app.js] info: "Connected to database mongodb://localhost:27017/small-node-js-project"
2019-06-02 16:10:19[app.js] info: "App is running on port: 8080"
2019-06-02 16:10:19[app.js] info: "Connected to database mongodb://localhost:27017/small-node-js-project"
2019-06-02 16:11:07[app.js] info: "App is running on port: 8080"
2019-06-02 16:11:07[app.js] info: "Connected to database mongodb://localhost:27017/small-node-js-project"
2019-06-02 16:11:28[app.js] info: "App is running on port: 8080"
2019-06-02 16:11:28[app.js] info: "Connected to database mongodb://localhost:27017/small-node-js-project"
2019-06-02 16:11:55[app.js] info: "App is running on port: 8080"
2019-06-02 16:11:55[app.js] info: "Connected to database mongodb://localhost:27017/small-node-js-project"
2019-06-02 16:11:56[app.js] info: "App is running on port: 8080"
2019-06-02 16:11:56[app.js] info: "Connected to database mongodb://localhost:27017/small-node-js-project"
2019-06-02 16:13:14[app.js] info: "App is running on port: 8080"
2019-06-02 16:13:14[app.js] info: "Connected to database mongodb://localhost:27017/small-node-js-project"
2019-06-02 16:13:17[app.js] info: "App is running on port: 8080"
2019-06-02 16:13:17[app.js] info: "Connected to database mongodb://localhost:27017/small-node-js-project"
2019-06-02 16:14:03[app.js] info: "App is running on port: 8080"
2019-06-02 16:14:03[app.js] info: "Connected to database mongodb://localhost:27017/small-node-js-project"
2019-06-02 16:14:11[app.js] info: "App is running on port: 8080"
2019-06-02 16:14:11[app.js] info: "Connected to database mongodb://localhost:27017/small-node-js-project"
2019-06-02 16:14:27[app.js] info: "App is running on port: 8080"
2019-06-02 16:14:27[app.js] info: "Connected to database mongodb://localhost:27017/small-node-js-project"
2019-06-02 16:14:48[app.js] info: "App is running on port: 8080"
2019-06-02 16:14:48[app.js] info: "Connected to database mongodb://localhost:27017/small-node-js-project"
2019-06-02 16:15:38[app.js] info: "App is running on port: 8080"
2019-06-02 16:15:38[app.js] info: "Connected to database mongodb://localhost:27017/small-node-js-project"
2019-06-02 16:15:46[app.js] info: "App is running on port: 8080"
2019-06-02 16:15:46[app.js] info: "Connected to database mongodb://localhost:27017/small-node-js-project"
2019-06-02 16:16:10[app.js] info: "App is running on port: 8080"
2019-06-02 16:16:10[app.js] info: "Connected to database mongodb://localhost:27017/small-node-js-project"
2019-06-02 16:16:12[app.js] info: "App is running on port: 8080"
2019-06-02 16:16:12[app.js] info: "Connected to database mongodb://localhost:27017/small-node-js-project"
2019-06-02 16:16:21[app.js] info: "App is running on port: 8080"
2019-06-02 16:16:21[app.js] info: "Connected to database mongodb://localhost:27017/small-node-js-project"
2019-06-02 16:16:32[app.js] info: "App is running on port: 8080"
2019-06-02 16:16:32[app.js] info: "Connected to database mongodb://localhost:27017/small-node-js-project"
2019-06-02 16:16:34[app.js] info: "App is running on port: 8080"
2019-06-02 16:16:34[app.js] info: "Connected to database mongodb://localhost:27017/small-node-js-project"
2019-06-02 16:16:52[app.js] info: "App is running on port: 8080"
2019-06-02 16:16:52[app.js] info: "Connected to database mongodb://localhost:27017/small-node-js-project"
2019-06-02 16:17:07[app.js] info: "App is running on port: 8080"
2019-06-02 16:17:07[app.js] info: "Connected to database mongodb://localhost:27017/small-node-js-project"
2019-06-02 16:17:13[app.js] info: "App is running on port: 8080"
2019-06-02 16:17:13[app.js] info: "Connected to database mongodb://localhost:27017/small-node-js-project"
2019-06-02 16:17:42[app.js] info: "App is running on port: 8080"
2019-06-02 16:17:42[app.js] info: "Connected to database mongodb://localhost:27017/small-node-js-project"
2019-06-02 16:17:49[app.js] info: "App is running on port: 8080"
2019-06-02 16:17:49[app.js] info: "Connected to database mongodb://localhost:27017/small-node-js-project"
2019-06-02 16:18:09[app.js] info: "App is running on port: 8080"
2019-06-02 16:18:09[app.js] info: "Connected to database mongodb://localhost:27017/small-node-js-project"
2019-06-02 17:46:16[app.js] info: "App is running on port: 8080"
2019-06-02 17:46:16[app.js] info: "Connected to database mongodb://localhost:27017/small-node-js-project"
2019-06-02 17:46:28[app.js] info: "App is running on port: 8080"
2019-06-02 17:46:28[app.js] info: "Connected to database mongodb://localhost:27017/small-node-js-project"
2019-06-02 17:47:08[app.js] info: "App is running on port: 8080"
2019-06-02 17:47:08[app.js] info: "Connected to database mongodb://localhost:27017/small-node-js-project"
2019-06-02 17:48:02[app.js] info: "App is running on port: 8080"
2019-06-02 17:48:02[app.js] info: "Connected to database mongodb://localhost:27017/small-node-js-project"
2019-06-02 17:48:31[app.js] info: "App is running on port: 8080"
2019-06-02 17:48:31[app.js] info: "Connected to database mongodb://localhost:27017/small-node-js-project"
2019-06-02 17:48:40[app.js] info: "App is running on port: 8080"
2019-06-02 17:48:40[app.js] info: "Connected to database mongodb://localhost:27017/small-node-js-project"
2019-06-02 17:49:16[app.js] info: "App is running on port: 8080"
2019-06-02 17:49:16[app.js] info: "Connected to database mongodb://localhost:27017/small-node-js-project"
2019-06-02 17:49:21[app.js] info: "App is running on port: 8080"
2019-06-02 17:49:21[app.js] info: "Connected to database mongodb://localhost:27017/small-node-js-project"
2019-06-02 17:49:47[app.js] info: "App is running on port: 8080"
2019-06-02 17:49:47[app.js] info: "Connected to database mongodb://localhost:27017/small-node-js-project"
2019-06-02 17:49:51[app.js] info: "App is running on port: 8080"
2019-06-02 17:49:51[app.js] info: "Connected to database mongodb://localhost:27017/small-node-js-project"
2019-06-02 17:50:04[app.js] info: "App is running on port: 8080"
2019-06-02 17:50:04[app.js] info: "Connected to database mongodb://localhost:27017/small-node-js-project"
2019-06-02 17:51:44[app.js] info: "App is running on port: 8080"
2019-06-02 17:51:44[app.js] info: "Connected to database mongodb://localhost:27017/small-node-js-project"
2019-06-02 17:51:51[app.js] info: "App is running on port: 8080"
2019-06-02 17:51:51[app.js] info: "Connected to database mongodb://localhost:27017/small-node-js-project"
2019-06-02 17:51:57[app.js] info: "App is running on port: 8080"
2019-06-02 17:51:57[app.js] info: "Connected to database mongodb://localhost:27017/small-node-js-project"
2019-06-02 17:51:58[app.js] info: "App is running on port: 8080"
2019-06-02 17:51:58[app.js] info: "Connected to database mongodb://localhost:27017/small-node-js-project"
2019-06-02 17:52:02[app.js] info: "GET /api/userList/get-regular-users 304 - - 20.010 ms\n"
2019-06-02 17:52:20[app.js] info: "App is running on port: 8080"
2019-06-02 17:52:20[app.js] info: "Connected to database mongodb://localhost:27017/small-node-js-project"
2019-06-02 17:52:26[app.js] info: "GET /api/userList/get-regular-users 304 - - 16.784 ms\n"
2019-06-02 17:52:28[app.js] info: "GET /api/userList/get-regular-users 304 - - 3.004 ms\n"
2019-06-02 17:52:47[app.js] info: "POST /api/authentication/signin 200 331 - 78.861 ms\n"
2019-06-02 17:56:33[app.js] info: "POST /api/authentication/signin 200 347 - 71.518 ms\n"
2019-06-02 17:56:36[app.js] info: "POST /api/authentication/signin 200 347 - 66.611 ms\n"
2019-06-02 17:56:40[app.js] info: "POST /api/authentication/signin 200 347 - 69.988 ms\n"
2019-06-02 17:56:50[app.js] info: "POST /api/authentication/signin 200 347 - 66.819 ms\n"
2019-06-02 17:56:51[app.js] info: "POST /api/authentication/signin 200 347 - 66.555 ms\n"
2019-06-02 17:56:52[app.js] info: "POST /api/authentication/signin 200 347 - 74.054 ms\n"
2019-06-02 17:56:52[app.js] info: "POST /api/authentication/signin 200 347 - 74.519 ms\n"
2019-06-02 17:56:52[app.js] info: "POST /api/authentication/signin 200 347 - 66.727 ms\n"
2019-06-02 17:56:55[app.js] info: "POST /api/authentication/signin 400 61 - 1.691 ms\n"
2019-06-02 17:56:55[app.js] info: "POST /api/authentication/signin 400 61 - 0.769 ms\n"
2019-06-02 17:57:00[app.js] info: "POST /api/authentication/signin 400 61 - 0.631 ms\n"
2019-06-02 17:57:01[app.js] info: "POST /api/authentication/signin 400 61 - 0.583 ms\n"
2019-06-02 17:57:01[app.js] info: "POST /api/authentication/signin 400 61 - 0.667 ms\n"
2019-06-02 17:57:07[app.js] info: "POST /api/authentication/signin 200 347 - 70.407 ms\n"
2019-06-02 17:57:25[app.js] info: "POST /api/authentication/signin 400 61 - 0.888 ms\n"
2019-06-02 17:57:30[app.js] info: "POST /api/authentication/signin 400 49 - 73.140 ms\n"
2019-06-02 17:57:40[app.js] info: "POST /api/authentication/signin 400 49 - 66.338 ms\n"
2019-06-02 17:57:53[app.js] info: "POST /api/authentication/signin 400 49 - 69.164 ms\n"
2019-06-02 17:58:10[app.js] info: "POST /api/authentication/signin 200 331 - 71.125 ms\n"
2019-06-02 17:58:38[app.js] info: "POST /api/authentication/signin 200 331 - 70.139 ms\n"
2019-06-02 17:58:40[app.js] info: "POST /api/authentication/signin 200 331 - 69.007 ms\n"
2019-06-02 17:58:41[app.js] info: "POST /api/authentication/signin 200 331 - 65.009 ms\n"
2019-06-02 17:58:41[app.js] info: "POST /api/authentication/signin 200 331 - 67.857 ms\n"
2019-06-02 17:58:41[app.js] info: "POST /api/authentication/signin 200 331 - 65.750 ms\n"
2019-06-02 17:58:42[app.js] info: "POST /api/authentication/signin 200 331 - 64.778 ms\n"
2019-06-02 17:59:11[app.js] info: "POST /api/authentication/signin 200 347 - 64.005 ms\n"
2019-06-02 17:59:31[app.js] info: "POST /api/authentication/signin 200 347 - 67.236 ms\n"
2019-06-02 18:00:09[app.js] info: "POST /api/authentication/signin 200 331 - 72.497 ms\n"
2019-06-02 18:00:11[app.js] info: "POST /api/authentication/signin 200 331 - 78.709 ms\n"
2019-06-02 18:00:12[app.js] info: "POST /api/authentication/signin 200 331 - 65.627 ms\n"
2019-06-02 18:00:12[app.js] info: "POST /api/authentication/signin 200 331 - 64.644 ms\n"
2019-06-02 18:00:35[app.js] info: "POST /api/authentication/signin 200 347 - 66.752 ms\n"
2019-06-02 18:00:47[app.js] info: "POST /api/authentication/signin 200 331 - 75.751 ms\n"
2019-06-02 18:01:21[app.js] info: "POST /api/authentication/signin 200 347 - 65.391 ms\n"
2019-06-02 18:01:57[app.js] info: "App is running on port: 8080"
2019-06-02 18:01:57[app.js] info: "Connected to database mongodb://localhost:27017/small-node-js-project"
2019-06-02 18:02:05[app.js] info: "POST /api/authentication/signin 200 347 - 88.606 ms\n"
2019-06-02 18:02:20[app.js] info: "App is running on port: 8080"
2019-06-02 18:02:20[app.js] info: "Connected to database mongodb://localhost:27017/small-node-js-project"
2019-06-02 18:02:58[app.js] info: "App is running on port: 8080"
2019-06-02 18:02:58[app.js] info: "Connected to database mongodb://localhost:27017/small-node-js-project"
2019-06-02 18:03:22[app.js] info: "POST /api/authentication/signin 200 331 - 89.166 ms\n"
2019-06-02 18:04:05[app.js] info: "App is running on port: 8080"
2019-06-02 18:04:05[app.js] info: "Connected to database mongodb://localhost:27017/small-node-js-project"
2019-06-02 18:04:34[app.js] info: "POST /api/authentication/signin 200 347 - 87.665 ms\n"
2019-06-02 18:05:00[app.js] info: "POST /api/authentication/signin 200 347 - 72.857 ms\n"
2019-06-02 18:05:02[app.js] info: "POST /api/authentication/signin 200 347 - 66.580 ms\n"
2019-06-02 18:05:03[app.js] info: "POST /api/authentication/signin 200 347 - 69.235 ms\n"
2019-06-02 18:05:03[app.js] info: "POST /api/authentication/signin 200 347 - 78.722 ms\n"
2019-06-02 18:05:03[app.js] info: "POST /api/authentication/signin 200 347 - 70.127 ms\n"
2019-06-02 18:05:03[app.js] info: "POST /api/authentication/signin 200 347 - 68.566 ms\n"
2019-06-02 18:07:41[app.js] info: "POST /api/authentication/signin 200 347 - 67.421 ms\n"
2019-06-02 18:07:58[app.js] info: "POST /api/authentication/signin 200 347 - 66.819 ms\n"
2019-06-02 18:09:22[app.js] info: "POST /api/authentication/signin 200 347 - 67.047 ms\n"
2019-06-02 18:09:34[app.js] info: "POST /api/authentication/signin 200 331 - 61.831 ms\n"
2019-06-02 18:09:43[app.js] info: "POST /api/authentication/signin 200 347 - 65.500 ms\n"
2019-06-02 18:22:37[app.js] info: "GET /api/userList/get-regular-users 304 - - 6.497 ms\n"
2019-06-02 18:22:39[app.js] info: "GET /api/userList/get-regular-users 304 - - 2.858 ms\n"
2019-06-02 18:22:55[app.js] info: "GET /api/userList/get-regular-users 304 - - 1.587 ms\n"
2019-06-02 18:22:56[app.js] info: "GET /api/userList/get-regular-users 304 - - 1.999 ms\n"
2019-06-02 18:23:15[app.js] info: "POST /api/authentication/signin 200 331 - 64.696 ms\n"
2019-06-02 18:23:22[app.js] info: "GET /api/cars/get-cars 304 - - 4.955 ms\n"
2019-06-02 18:23:25[app.js] info: "GET /api/cars/get-car/5cf26ce6ef2ca017b4d7763a 304 - - 5.354 ms\n"
2019-06-02 18:38:51[app.js] info: "GET /api/cars/get-cars 304 - - 2.564 ms\n"
2019-06-02 18:38:54[app.js] info: "GET /api/cars/get-car/5cf26ce6ef2ca017b4d7763a 304 - - 2.125 ms\n"
2019-06-02 18:40:07[app.js] info: "App is running on port: 8080"
2019-06-02 18:40:07[app.js] info: "Connected to database mongodb://localhost:27017/small-node-js-project"
2019-06-02 18:40:28[app.js] info: "App is running on port: 8080"
2019-06-02 18:40:28[app.js] info: "Connected to database mongodb://localhost:27017/small-node-js-project"
2019-06-02 18:40:52[app.js] info: "App is running on port: 8080"
2019-06-02 18:40:52[app.js] info: "Connected to database mongodb://localhost:27017/small-node-js-project"
2019-06-02 18:40:53[app.js] info: "App is running on port: 8080"
2019-06-02 18:40:53[app.js] info: "Connected to database mongodb://localhost:27017/small-node-js-project"
2019-06-02 18:41:34[app.js] info: "App is running on port: 8080"
2019-06-02 18:41:34[app.js] info: "Connected to database mongodb://localhost:27017/small-node-js-project"
2019-06-02 18:42:24[app.js] info: "App is running on port: 8080"
2019-06-02 18:42:24[app.js] info: "Connected to database mongodb://localhost:27017/small-node-js-project"
2019-06-02 18:42:46[app.js] info: "App is running on port: 8080"
2019-06-02 18:42:46[app.js] info: "Connected to database mongodb://localhost:27017/small-node-js-project"
2019-06-02 18:56:47[app.js] info: "POST /api/cars/add-car 400 68 - 6.453 ms\n"
2019-06-02 18:56:53[app.js] info: "POST /api/cars/add-car 200 235 - 22.120 ms\n"
2019-06-02 18:56:58[app.js] info: "GET /api/cars/get-cars 200 1390 - 12.172 ms\n"
2019-06-02 18:57:48[app.js] error: "Cast to ObjectId failed for value \":id\" at path \"_id\" for model \"Car\""
2019-06-02 18:57:48[app.js] info: "GET /api/cars/get-car/:id 500 402 - 3.456 ms\n"
2019-06-02 18:57:59[app.js] info: "GET /api/cars/get-cars 304 - - 3.420 ms\n"
2019-06-02 18:58:05[app.js] info: "GET /api/cars/get-car/5cf3c79573782423e83b4571 200 235 - 2.685 ms\n"
2019-06-02 18:58:48[app.js] info: "GET /api/cars/get-car/5cf3c79573782423e83b4571 304 - - 3.253 ms\n"
2019-06-02 18:59:28[app.js] info: "GET /api/cars/get-car/5cf3c79573782423e83b4571 304 - - 2.696 ms\n"
2019-06-02 19:00:12[app.js] info: "GET /api/cars/get-car/5cf3c79573782423e83b4571 304 - - 4.358 ms\n"
2019-06-02 19:00:55[app.js] info: "GET /api/cars/get-car/5cf3c79573782423e83b4571 304 - - 2.010 ms\n"
2019-06-02 19:01:01[app.js] info: "GET /api/cars/get-car/5cf3c79573782423e83b4571 304 - - 1.757 ms\n"
2019-06-02 19:01:34[app.js] info: "GET /api/cars/get-car/5cf3c79573782423e83b4571 304 - - 1.777 ms\n"
2019-06-02 19:02:14[app.js] info: "GET /api/cars/get-cars 304 - - 4.336 ms\n"
2019-06-02 19:02:16[app.js] info: "GET /api/cars/get-car/5cf26ce6ef2ca017b4d7763a 304 - - 3.793 ms\n"
2019-06-02 19:02:46[app.js] info: "GET /api/cars/get-car/5cf26ce6ef2ca017b4d7763a 304 - - 2.855 ms\n"
2019-06-02 19:03:49[app.js] info: "GET /api/cars/get-car/5cf26ce6ef2ca017b4d7763a 304 - - 3.647 ms\n"
2019-06-02 19:03:57[app.js] info: "GET /api/cars/get-car/5cf26ce6ef2ca017b4d7763a 304 - - 3.007 ms\n"
2019-06-02 19:04:04[app.js] info: "GET /api/cars/get-cars 304 - - 2.949 ms\n"
2019-06-02 19:04:06[app.js] info: "GET /api/cars/get-car/5cf3c79573782423e83b4571 304 - - 3.407 ms\n"
2019-06-02 19:04:22[app.js] info: "PATCH /api/cars/update-car/5cf3c79573782423e83b4571 200 226 - 5.045 ms\n"
2019-06-02 19:04:26[app.js] info: "GET /api/cars/get-cars 200 1381 - 2.528 ms\n"
2019-06-02 19:04:29[app.js] info: "GET /api/cars/get-car/5cf3c79573782423e83b4571 200 226 - 1.467 ms\n"
2019-06-02 19:05:11[app.js] info: "GET /api/cars/get-car/5cf3c79573782423e83b4571 304 - - 1.474 ms\n"
2019-06-02 19:05:17[app.js] info: "PATCH /api/cars/update-car/5cf3c79573782423e83b4571 200 227 - 3.027 ms\n"
2019-06-02 19:05:26[app.js] info: "GET /api/cars/get-cars 200 1382 - 3.462 ms\n"
2019-06-02 19:07:09[app.js] info: "GET /api/cars/get-car/5cf26ce6ef2ca017b4d7763a 304 - - 2.223 ms\n"
2019-06-02 19:07:22[app.js] info: "PATCH /api/cars/update-car/5cf26ce6ef2ca017b4d7763a 200 223 - 3.275 ms\n"
2019-06-02 19:08:35[app.js] info: "GET /api/cars/get-car/5cf26ce6ef2ca017b4d7763a 200 223 - 1.425 ms\n"
2019-06-02 19:08:37[app.js] info: "GET /api/cars/get-car/5cf26ce6ef2ca017b4d7763a 304 - - 2.182 ms\n"
2019-06-02 19:08:38[app.js] info: "PATCH /api/cars/update-car/5cf26ce6ef2ca017b4d7763a 200 223 - 1.822 ms\n"
2019-06-02 19:08:42[app.js] info: "GET /api/cars/get-cars 200 1430 - 1.966 ms\n"
2019-06-02 19:08:53[app.js] info: "GET /api/cars/get-car/5cf26ce6ef2ca017b4d7763a 304 - - 3.176 ms\n"
2019-06-02 19:08:54[app.js] info: "PATCH /api/cars/update-car/5cf26ce6ef2ca017b4d7763a 200 223 - 2.197 ms\n"
2019-06-02 19:08:54[app.js] info: "GET /api/cars/get-cars 304 - - 3.768 ms\n"
2019-06-02 19:10:07[app.js] info: "App is running on port: 8080"
2019-06-02 19:10:07[app.js] info: "Connected to database mongodb://localhost:27017/small-node-js-project"
2019-06-02 19:10:08[app.js] info: "GET /api/cars/get-cars 304 - - 26.466 ms\n"
2019-06-02 19:10:12[app.js] info: "GET /api/cars/get-car/5cf26ce6ef2ca017b4d7763a 304 - - 5.757 ms\n"
2019-06-02 19:10:15[app.js] error: "Cast to ObjectId failed for value \":id\" at path \"_id\" for model \"Car\""
2019-06-02 19:10:15[app.js] info: "GET /api/cars/get-car/:id 500 402 - 3.706 ms\n"
2019-06-02 19:10:22[app.js] info: "GET /api/cars/get-car/5cf26ce6ef2ca017b4d7763a 304 - - 2.199 ms\n"
2019-06-02 19:10:41[app.js] error: "Cast to ObjectId failed for value \":id\" at path \"_id\" for model \"Car\""
2019-06-02 19:10:41[app.js] info: "GET /api/cars/get-car/:id 500 402 - 1.605 ms\n"
2019-06-02 19:11:34[app.js] error: "Cast to ObjectId failed for value \":id\" at path \"_id\" for model \"Car\""
2019-06-02 19:11:34[app.js] info: "GET /api/cars/get-car/:id 500 402 - 2.429 ms\n"
2019-06-02 19:12:09[app.js] error: "Cast to ObjectId failed for value \":id\" at path \"_id\" for model \"Car\""
2019-06-02 19:12:09[app.js] info: "GET /api/cars/get-car/:id 500 402 - 2.504 ms\n"
2019-06-02 19:12:09[app.js] info: "GET /api/cars/get-cars 304 - - 3.375 ms\n"
2019-06-02 19:12:38[app.js] info: "GET /api/cars/get-cars 304 - - 2.327 ms\n"
2019-06-02 19:12:41[app.js] info: "GET /api/cars/get-car/5cf26ce6ef2ca017b4d7763a 304 - - 2.091 ms\n"
2019-06-02 19:12:42[app.js] info: "PATCH /api/cars/update-car/5cf26ce6ef2ca017b4d7763a 200 223 - 14.562 ms\n"
2019-06-02 19:12:43[app.js] info: "GET /api/cars/get-cars 304 - - 3.728 ms\n"
2019-06-02 19:12:46[app.js] info: "GET /api/cars/get-car/5cf26ce6ef2ca017b4d7763a 304 - - 1.822 ms\n"
2019-06-02 19:13:03[app.js] info: "GET /api/cars/get-cars 304 - - 4.427 ms\n"
2019-06-02 19:13:04[app.js] info: "GET /api/userList/get-regular-users 304 - - 4.695 ms\n"
2019-06-02 19:14:05[app.js] info: "GET /api/cars/get-cars 304 - - 3.983 ms\n"
2019-06-02 19:15:39[app.js] info: "App is running on port: 8080"
2019-06-02 19:15:39[app.js] info: "Connected to database mongodb://localhost:27017/small-node-js-project"
2019-06-02 19:15:51[app.js] info: "App is running on port: 8080"
2019-06-02 19:15:51[app.js] info: "Connected to database mongodb://localhost:27017/small-node-js-project"
2019-06-02 19:15:52[app.js] info: "GET /api/cars/get-cars 304 - - 30.139 ms\n"
2019-06-02 19:15:56[app.js] info: "App is running on port: 8080"
2019-06-02 19:15:56[app.js] info: "Connected to database mongodb://localhost:27017/small-node-js-project"
2019-06-02 19:15:56[app.js] info: "GET /api/cars/get-cars 304 - - 21.047 ms\n"
2019-06-02 19:16:38[app.js] info: "App is running on port: 8080"
2019-06-02 19:16:38[app.js] info: "Connected to database mongodb://localhost:27017/small-node-js-project"
2019-06-02 19:16:58[app.js] info: "App is running on port: 8080"
2019-06-02 19:16:58[app.js] info: "Connected to database mongodb://localhost:27017/small-node-js-project"
2019-06-02 19:16:59[app.js] info: "GET /api/cars/get-cars 304 - - 19.735 ms\n"
2019-06-02 19:17:33[app.js] info: "App is running on port: 8080"
2019-06-02 19:17:33[app.js] info: "Connected to database mongodb://localhost:27017/small-node-js-project"
2019-06-02 19:18:24[app.js] info: "GET /api/cars/get-cars 304 - - 21.020 ms\n"
2019-06-02 19:20:02[app.js] info: "GET /api/cars/get-cars 304 - - 4.686 ms\n"
2019-06-02 19:20:11[app.js] info: "GET /api/cars/get-cars 304 - - 3.515 ms\n"
2019-06-02 19:20:13[app.js] info: "DELETE /api/cars/delete-car/5cf26ce6ef2ca017b4d7763a 200 223 - 8.195 ms\n"
2019-06-02 19:20:17[app.js] info: "GET /api/cars/get-cars 200 1230 - 4.772 ms\n"
2019-06-02 19:21:14[app.js] info: "GET /api/cars/get-cars 304 - - 2.738 ms\n"
2019-06-02 19:21:16[app.js] info: "DELETE /api/cars/delete-car/5cf3c79573782423e83b4571 200 227 - 1.929 ms\n"
2019-06-02 19:21:18[app.js] info: "DELETE /api/cars/delete-car/5cf26d32ef2ca017b4d7763d 200 194 - 1.296 ms\n"
2019-06-02 19:21:44[app.js] info: "GET /api/cars/get-cars 200 855 - 4.630 ms\n"
2019-06-02 19:21:53[app.js] info: "GET /api/userList/get-regular-users 304 - - 2.435 ms\n"
2019-06-02 19:22:12[app.js] info: "GET /api/cars/get-cars 304 - - 3.441 ms\n"
2019-06-02 19:22:16[app.js] info: "GET /api/userList/get-regular-users 304 - - 2.564 ms\n"
2019-06-02 19:30:12[app.js] info: "App is running on port: 8080"
2019-06-02 19:30:19[app.js] info: "App is running on port: 8080"
2019-06-02 19:30:50[app.js] info: "App is running on port: 8080"
2019-06-02 19:33:00[app.js] info: "GET /api/cars/get-cars - - - - ms\n"
2019-06-02 19:33:36[app.js] info: "App is running on port: 8080"
2019-06-02 19:35:35[app.js] info: "POST /api/authentication/signin 400 61 - 2.708 ms\n"
2019-06-02 19:36:50[app.js] info: "POST /api/authentication/signup - - - - ms\n"
2019-06-02 19:37:13[app.js] info: "App is running on port: 8080"
2019-06-02 19:37:15[app.js] info: "Connected to database mongodb://caralertservice:caralertservicepassword12345@ds231377.mlab.com:31377/car-alert-service"
2019-06-02 19:37:15[app.js] info: "POST /api/authentication/signin 400 49 - 1981.233 ms\n"
2019-06-02 19:37:16[app.js] info: "POST /api/authentication/signin 400 49 - 3331.352 ms\n"
2019-06-02 19:37:16[app.js] info: "POST /api/authentication/signin 400 49 - 3334.361 ms\n"
2019-06-02 19:37:22[app.js] info: "POST /api/authentication/signin 400 49 - 274.310 ms\n"
2019-06-02 19:38:20[app.js] info: "POST /api/authentication/signup 200 441 - 968.606 ms\n"
2019-06-02 19:38:28[app.js] info: "POST /api/authentication/signin 400 61 - 2.013 ms\n"
2019-06-02 19:39:17[app.js] info: "POST /api/authentication/signin 400 61 - 0.714 ms\n"
2019-06-02 19:39:30[app.js] info: "POST /api/authentication/signin 200 346 - 337.185 ms\n"
2019-06-02 19:40:29[app.js] info: "POST /api/authentication/signin 200 345 - 347.405 ms\n"
2019-06-02 19:40:32[app.js] info: "GET /api/userList/get-regular-users 200 26 - 274.128 ms\n"
2019-06-02 19:40:34[app.js] info: "GET /api/userList/get-regular-users 304 - - 283.652 ms\n"
2019-06-02 19:40:38[app.js] info: "GET /api/userList/get-regular-users 304 - - 271.640 ms\n"
2019-06-02 19:42:07[app.js] info: "POST /api/authentication/signup 200 414 - 635.522 ms\n"
2019-06-02 19:42:21[app.js] info: "POST /api/authentication/signin 200 331 - 1496.692 ms\n"
2019-06-02 19:43:04[app.js] info: "POST /api/authentication/signin 400 61 - 0.610 ms\n"
2019-06-02 19:43:07[app.js] info: "POST /api/authentication/signin 200 345 - 345.131 ms\n"
2019-06-02 19:43:36[app.js] info: "GET /api/userList/get-regular-users 304 - - 711.909 ms\n"
2019-06-02 19:43:42[app.js] info: "GET /api/userList/get-regular-users 304 - - 461.165 ms\n"
2019-06-02 19:43:44[app.js] info: "GET /api/userList/get-regular-users 304 - - 411.480 ms\n"
2019-06-02 19:43:50[app.js] info: "POST /api/authentication/signin 400 49 - 980.569 ms\n"
2019-06-02 19:44:04[app.js] info: "POST /api/authentication/signin 200 330 - 335.160 ms\n"
2019-06-02 19:44:08[app.js] info: "GET /api/userList/get-regular-users 304 - - 271.313 ms\n"
2019-06-02 19:44:17[app.js] info: "POST /api/authentication/signin 200 345 - 334.475 ms\n"
2019-06-02 19:44:22[app.js] info: "GET /api/userList/get-regular-users 304 - - 281.521 ms\n"
2019-06-02 19:44:34[app.js] info: "GET /api/userList/get-regular-users 304 - - 271.204 ms\n"
2019-06-02 19:44:38[app.js] info: "GET /api/userList/get-regular-users 304 - - 282.442 ms\n"
2019-06-02 19:46:00[app.js] info: "App is running on port: 8080"
2019-06-02 19:46:02[app.js] info: "Connected to database mongodb://caralertservice:caralertservicepassword12345@ds231377.mlab.com:31377/car-alert-service"
2019-06-02 19:46:02[app.js] info: "GET /api/userList/get-admin-users 200 287 - 1192.135 ms\n"
2019-06-02 19:48:36[app.js] info: "POST /api/authentication/signin 400 49 - 509.735 ms\n"
2019-06-02 19:48:45[app.js] info: "POST /api/authentication/signin 200 330 - 465.418 ms\n"
2019-06-02 19:48:51[app.js] info: "GET /api/cars/get-cars 200 26 - 301.991 ms\n"
2019-06-02 19:49:23[app.js] info: "POST /api/cars/add-car 200 232 - 277.449 ms\n"
2019-06-02 19:49:24[app.js] info: "GET /api/cars/get-cars 200 234 - 265.838 ms\n"
2019-06-02 19:49:27[app.js] info: "GET /api/cars/get-car/5cf3d3e3724d253fd4d0ef72 200 232 - 397.131 ms\n"
2019-06-02 19:49:29[app.js] info: "GET /api/cars/get-cars 304 - - 379.128 ms\n"
2019-06-02 19:50:05[app.js] info: "GET /api/userList/get-regular-users 304 - - 514.663 ms\n"
2019-06-02 19:52:47[app.js] info: "App is running on port: 8080"
2019-06-02 19:52:49[app.js] info: "Connected to database mongodb://caralertservice:caralertservicepassword12345@ds231377.mlab.com:31377/car-alert-service"
2019-06-02 19:53:12[app.js] info: "App is running on port: 8080"
2019-06-02 19:53:14[app.js] info: "Connected to database mongodb://caralertservice:caralertservicepassword12345@ds231377.mlab.com:31377/car-alert-service"
2019-06-02 19:55:29[app.js] info: "App is running on port: 8080"
2019-06-02 19:55:31[app.js] info: "Connected to database mongodb://caralertservice:caralertservicepassword12345@ds231377.mlab.com:31377/car-alert-service"
2019-06-02 19:56:11[app.js] info: "GET /login 200 4588 - 4.923 ms\n"
2019-06-02 19:58:53[app.js] info: "App is running on port: 8080"
2019-06-02 19:58:55[app.js] info: "Connected to database mongodb://caralertservice:caralertservicepassword12345@ds231377.mlab.com:31377/car-alert-service"
2019-06-02 20:00:11[app.js] info: "App is running on port: 8080"
2019-06-02 20:00:13[app.js] info: "App is running on port: 8080"
2019-06-02 20:00:14[app.js] info: "Connected to database mongodb://caralertservice:caralertservicepassword12345@ds231377.mlab.com:31377/car-alert-service"
2019-06-02 20:01:01[app.js] info: "App is running on port: 8080"
2019-06-02 20:01:05[app.js] info: "Connected to database mongodb://caralertservice:caralertservicepassword12345@ds231377.mlab.com:31377/car-alert-service"
2019-06-02 20:04:01[app.js] info: "App is running on port: 8080"
2019-06-02 20:04:03[app.js] info: "Connected to database mongodb://caralertservice:caralertservicepassword12345@ds231377.mlab.com:31377/car-alert-service"
2019-06-02 20:05:17[app.js] info: "App is running on port: 8080"
2019-06-02 20:05:19[app.js] info: "Connected to database mongodb://caralertservice:caralertservicepassword12345@ds231377.mlab.com:31377/car-alert-service"
2019-06-02 20:06:41[app.js] info: "App is running on port: 8080"
2019-06-02 20:06:43[app.js] info: "Connected to database mongodb://caralertservice:caralertservicepassword12345@ds231377.mlab.com:31377/car-alert-service"
2019-06-02 20:07:50[app.js] info: "App is running on port: 8080"
2019-06-02 20:07:51[app.js] info: "Connected to database mongodb://caralertservice:caralertservicepassword12345@ds231377.mlab.com:31377/car-alert-service"
2019-06-02 20:07:52[app.js] info: "App is running on port: 8080"
2019-06-02 20:07:53[app.js] info: "Connected to database mongodb://caralertservice:caralertservicepassword12345@ds231377.mlab.com:31377/car-alert-service"
2019-06-02 20:08:08[app.js] info: "App is running on port: 8080"
2019-06-02 20:08:10[app.js] info: "Connected to database mongodb://caralertservice:caralertservicepassword12345@ds231377.mlab.com:31377/car-alert-service"
2019-06-02 20:13:12[app.js] info: "App is running on port: 8080"
2019-06-02 20:13:14[app.js] info: "Connected to database mongodb://caralertservice:caralertservicepassword12345@ds231377.mlab.com:31377/car-alert-service"
2019-06-02 20:13:32[app.js] info: "App is running on port: 8080"
2019-06-02 20:13:34[app.js] info: "Connected to database mongodb://caralertservice:caralertservicepassword12345@ds231377.mlab.com:31377/car-alert-service"
2019-06-02 20:19:36[app.js] info: "App is running on port: 8080"
2019-06-02 20:19:38[app.js] info: "Connected to database mongodb://caralertservice:caralertservicepassword12345@ds231377.mlab.com:31377/car-alert-service"
2019-06-02 20:20:33[app.js] info: "App is running on port: 8080"
2019-06-02 20:20:34[app.js] info: "Connected to database mongodb://caralertservice:caralertservicepassword12345@ds231377.mlab.com:31377/car-alert-service"
2019-06-02 20:20:49[app.js] info: "App is running on port: 8080"
2019-06-02 20:20:50[app.js] info: "Connected to database mongodb://caralertservice:caralertservicepassword12345@ds231377.mlab.com:31377/car-alert-service"
2019-06-02 20:21:05[app.js] info: "App is running on port: 8080"
2019-06-02 20:21:07[app.js] info: "Connected to database mongodb://caralertservice:caralertservicepassword12345@ds231377.mlab.com:31377/car-alert-service"
2019-06-02 20:21:37[app.js] info: "App is running on port: 8080"
2019-06-02 20:21:38[app.js] info: "App is running on port: 8080"
2019-06-02 20:21:40[app.js] info: "Connected to database mongodb://caralertservice:caralertservicepassword12345@ds231377.mlab.com:31377/car-alert-service"
2019-06-02 20:26:38[app.js] info: "GET /login 200 4588 - 2.924 ms\n"
2019-06-02 20:27:36[app.js] info: "App is running on port: 8080"
2019-06-02 20:27:39[app.js] info: "Connected to database mongodb://caralertservice:caralertservicepassword12345@ds231377.mlab.com:31377/car-alert-service"
2019-06-02 20:27:50[app.js] info: "App is running on port: 8080"
2019-06-02 20:27:51[app.js] info: "Connected to database mongodb://caralertservice:caralertservicepassword12345@ds231377.mlab.com:31377/car-alert-service"
2019-06-02 20:29:21[app.js] info: "App is running on port: 8080"
2019-06-02 20:29:22[app.js] info: "Connected to database mongodb://caralertservice:caralertservicepassword12345@ds231377.mlab.com:31377/car-alert-service"
2019-06-02 20:30:42[app.js] info: "App is running on port: 8080"
2019-06-02 20:30:43[app.js] info: "Connected to database mongodb://caralertservice:caralertservicepassword12345@ds231377.mlab.com:31377/car-alert-service"
2019-06-02 20:30:49[app.js] info: "App is running on port: 8080"
2019-06-02 20:30:51[app.js] info: "Connected to database mongodb://caralertservice:caralertservicepassword12345@ds231377.mlab.com:31377/car-alert-service"
2019-06-02 20:31:05[app.js] info: "App is running on port: 8080"
2019-06-02 20:31:07[app.js] info: "Connected to database mongodb://caralertservice:caralertservicepassword12345@ds231377.mlab.com:31377/car-alert-service"
2019-06-02 20:31:13[app.js] info: "App is running on port: 8080"
2019-06-02 20:31:14[app.js] info: "Connected to database mongodb://caralertservice:caralertservicepassword12345@ds231377.mlab.com:31377/car-alert-service"
2019-06-02 20:31:32[app.js] info: "App is running on port: 8080"
2019-06-02 20:31:34[app.js] info: "Connected to database mongodb://caralertservice:caralertservicepassword12345@ds231377.mlab.com:31377/car-alert-service"
