2019-06-01 04:03:37[app.js] info: "App is running on port: 8080"
2019-06-01 04:03:37[app.js] info: "Connected to database mongodb://localhost:27017/small-node-js-project"
2019-06-01 04:03:54[app.js] info: "POST /api/authentication/signin 200 246 - 220.221 ms\n"
2019-06-01 04:29:17[app.js] info: "App is running on port: 8080"
2019-06-01 04:29:17[app.js] info: "Connected to database mongodb://localhost:27017/small-node-js-project"
2019-06-01 05:09:03[app.js] info: "App is running on port: 8080"
2019-06-01 05:09:03[app.js] info: "Connected to database mongodb://localhost:27017/small-node-js-project"
2019-06-01 05:09:11[app.js] info: "POST /api/authentication/signup 400 64 - 64.945 ms\n"
2019-06-01 05:10:33[app.js] info: "App is running on port: 8080"
2019-06-01 05:10:33[app.js] info: "Connected to database mongodb://localhost:27017/small-node-js-project"
2019-06-01 05:10:54[app.js] info: "App is running on port: 8080"
2019-06-01 05:10:54[app.js] info: "Connected to database mongodb://localhost:27017/small-node-js-project"
2019-06-01 05:11:01[app.js] info: "POST /api/authentication/signup 200 441 - 296.347 ms\n"
2019-06-01 05:33:54[app.js] info: "App is running on port: 8080"
2019-06-01 05:33:54[app.js] info: "Connected to database mongodb://localhost:27017/small-node-js-project"
2019-06-01 05:34:37[app.js] info: "POST /api/authentication/signup 400 53 - 25.657 ms\n"
2019-06-01 05:34:50[app.js] info: "POST /api/authentication/signup 200 434 - 74.708 ms\n"
2019-06-01 05:48:11[app.js] info: "POST /api/authentication/signup 200 425 - 67.578 ms\n"
2019-06-01 05:55:33[app.js] info: "App is running on port: 8080"
2019-06-01 05:55:33[app.js] info: "Connected to database mongodb://localhost:27017/small-node-js-project"
2019-06-01 05:55:39[app.js] info: "App is running on port: 8080"
2019-06-01 05:55:39[app.js] info: "Connected to database mongodb://localhost:27017/small-node-js-project"
2019-06-01 05:56:04[app.js] info: "App is running on port: 8080"
2019-06-01 05:56:04[app.js] info: "Connected to database mongodb://localhost:27017/small-node-js-project"
2019-06-01 05:57:21[app.js] info: "App is running on port: 8080"
2019-06-01 05:57:21[app.js] info: "Connected to database mongodb://localhost:27017/small-node-js-project"
2019-06-01 05:57:31[app.js] info: "App is running on port: 8080"
2019-06-01 05:57:31[app.js] info: "Connected to database mongodb://localhost:27017/small-node-js-project"
2019-06-01 05:58:45[app.js] info: "App is running on port: 8080"
2019-06-01 05:58:45[app.js] info: "Connected to database mongodb://localhost:27017/small-node-js-project"
2019-06-01 05:58:49[app.js] info: "App is running on port: 8080"
2019-06-01 05:58:49[app.js] info: "Connected to database mongodb://localhost:27017/small-node-js-project"
2019-06-01 05:58:51[app.js] info: "App is running on port: 8080"
2019-06-01 05:58:51[app.js] info: "Connected to database mongodb://localhost:27017/small-node-js-project"
2019-06-01 06:00:02[app.js] info: "App is running on port: 8080"
2019-06-01 06:00:02[app.js] info: "Connected to database mongodb://localhost:27017/small-node-js-project"
2019-06-01 06:00:08[app.js] info: "App is running on port: 8080"
2019-06-01 06:00:08[app.js] info: "Connected to database mongodb://localhost:27017/small-node-js-project"
2019-06-01 06:00:30[app.js] info: "App is running on port: 8080"
2019-06-01 06:00:30[app.js] info: "Connected to database mongodb://localhost:27017/small-node-js-project"
2019-06-01 06:00:44[app.js] info: "App is running on port: 8080"
2019-06-01 06:00:44[app.js] info: "Connected to database mongodb://localhost:27017/small-node-js-project"
2019-06-01 06:00:50[app.js] info: "App is running on port: 8080"
2019-06-01 06:00:50[app.js] info: "Connected to database mongodb://localhost:27017/small-node-js-project"
2019-06-01 06:01:42[app.js] info: "App is running on port: 8080"
2019-06-01 06:01:42[app.js] info: "Connected to database mongodb://localhost:27017/small-node-js-project"
2019-06-01 06:02:46[app.js] info: "App is running on port: 8080"
2019-06-01 06:02:46[app.js] info: "Connected to database mongodb://localhost:27017/small-node-js-project"
2019-06-01 06:03:45[app.js] info: "App is running on port: 8080"
2019-06-01 06:03:45[app.js] info: "Connected to database mongodb://localhost:27017/small-node-js-project"
2019-06-01 06:03:56[app.js] info: "App is running on port: 8080"
2019-06-01 06:03:56[app.js] info: "Connected to database mongodb://localhost:27017/small-node-js-project"
2019-06-01 06:04:45[app.js] info: "App is running on port: 8080"
2019-06-01 06:04:45[app.js] info: "Connected to database mongodb://localhost:27017/small-node-js-project"
2019-06-01 06:04:49[app.js] info: "App is running on port: 8080"
2019-06-01 06:04:49[app.js] info: "Connected to database mongodb://localhost:27017/small-node-js-project"
2019-06-01 06:04:59[app.js] info: "App is running on port: 8080"
2019-06-01 06:04:59[app.js] info: "Connected to database mongodb://localhost:27017/small-node-js-project"
2019-06-01 06:05:41[app.js] info: "POST /api/user/logout 404 155 - 2.270 ms\n"
2019-06-01 06:06:14[app.js] info: "POST /api/authentication/signup 200 411 - 1121.094 ms\n"
2019-06-01 06:06:42[app.js] info: "POST /api/authentication/signup 200 416 - 70.924 ms\n"
2019-06-01 06:07:15[app.js] info: "POST /api/authentication/signup 200 444 - 71.611 ms\n"
2019-06-01 06:09:31[app.js] info: "App is running on port: 8080"
2019-06-01 06:09:31[app.js] info: "Connected to database mongodb://localhost:27017/small-node-js-project"
2019-06-01 06:10:24[app.js] info: "POST /api/authentication/signin 200 331 - 92.852 ms\n"
2019-06-01 06:11:11[app.js] error: "Cannot read property 'isAdmin' of undefined"
2019-06-01 06:11:11[app.js] info: "GET /api/userList//get-regular-users 500 194 - 1.530 ms\n"
2019-06-01 06:14:35[app.js] info: "App is running on port: 8080"
2019-06-01 06:14:35[app.js] info: "Connected to database mongodb://localhost:27017/small-node-js-project"
2019-06-01 06:14:44[app.js] info: "App is running on port: 8080"
2019-06-01 06:14:44[app.js] info: "Connected to database mongodb://localhost:27017/small-node-js-project"
2019-06-01 06:14:46[app.js] info: "App is running on port: 8080"
2019-06-01 06:14:46[app.js] info: "Connected to database mongodb://localhost:27017/small-node-js-project"
2019-06-01 06:14:48[app.js] info: "App is running on port: 8080"
2019-06-01 06:14:48[app.js] info: "Connected to database mongodb://localhost:27017/small-node-js-project"
2019-06-01 06:15:07[app.js] info: "GET /api/userList//get-regular-users 200 287 - 20.373 ms\n"
2019-06-01 06:15:58[app.js] info: "GET /api/userList//get-admin-users 403 62 - 0.579 ms\n"
2019-06-01 06:16:40[app.js] info: "POST /api/authentication/signin 200 347 - 79.409 ms\n"
2019-06-01 06:16:52[app.js] info: "GET /api/userList//get-admin-users 200 288 - 2.361 ms\n"
2019-06-01 06:17:31[app.js] info: "App is running on port: 8080"
2019-06-01 06:17:31[app.js] info: "Connected to database mongodb://localhost:27017/small-node-js-project"
2019-06-01 06:23:07[app.js] info: "App is running on port: 8080"
2019-06-01 06:23:07[app.js] info: "Connected to database mongodb://localhost:27017/small-node-js-project"
2019-06-01 06:27:36[app.js] info: "GET /api/table/list 404 153 - 2.111 ms\n"
2019-06-01 06:28:09[app.js] info: "App is running on port: 8080"
2019-06-01 06:28:09[app.js] info: "Connected to database mongodb://localhost:27017/small-node-js-project"
2019-06-01 06:28:10[app.js] info: "GET /api/table/list 404 153 - 2.218 ms\n"
2019-06-01 06:28:56[app.js] info: "App is running on port: 8080"
2019-06-01 06:28:56[app.js] info: "Connected to database mongodb://localhost:27017/small-node-js-project"
2019-06-01 06:28:56[app.js] info: "GET /api/table/list 404 153 - 1.982 ms\n"
2019-06-01 06:28:58[app.js] info: "App is running on port: 8080"
2019-06-01 06:28:58[app.js] info: "Connected to database mongodb://localhost:27017/small-node-js-project"
2019-06-01 06:56:39[app.js] info: "App is running on port: 8080"
2019-06-01 06:56:39[app.js] info: "Connected to database mongodb://localhost:27017/small-node-js-project"
2019-06-01 07:27:13[app.js] info: "App is running on port: 8080"
2019-06-01 07:27:13[app.js] info: "Connected to database mongodb://localhost:27017/small-node-js-project"
2019-06-01 07:31:44[app.js] info: "App is running on port: 8080"
2019-06-01 07:31:44[app.js] info: "Connected to database mongodb://localhost:27017/small-node-js-project"
2019-06-01 07:31:59[app.js] info: "App is running on port: 8080"
2019-06-01 07:31:59[app.js] info: "Connected to database mongodb://localhost:27017/small-node-js-project"
2019-06-01 07:32:49[app.js] info: "App is running on port: 8080"
2019-06-01 07:32:49[app.js] info: "Connected to database mongodb://localhost:27017/small-node-js-project"
2019-06-01 07:32:59[app.js] info: "App is running on port: 8080"
2019-06-01 07:32:59[app.js] info: "Connected to database mongodb://localhost:27017/small-node-js-project"
2019-06-01 07:38:17[app.js] info: "App is running on port: 8080"
2019-06-01 07:38:17[app.js] info: "Connected to database mongodb://localhost:27017/small-node-js-project"
2019-06-01 07:38:23[app.js] info: "App is running on port: 8080"
2019-06-01 07:38:23[app.js] info: "Connected to database mongodb://localhost:27017/small-node-js-project"
2019-06-01 07:39:15[app.js] info: "App is running on port: 8080"
2019-06-01 07:39:15[app.js] info: "Connected to database mongodb://localhost:27017/small-node-js-project"
2019-06-01 07:39:22[app.js] info: "App is running on port: 8080"
2019-06-01 07:39:22[app.js] info: "Connected to database mongodb://localhost:27017/small-node-js-project"
2019-06-01 07:39:26[app.js] info: "App is running on port: 8080"
2019-06-01 07:39:26[app.js] info: "Connected to database mongodb://localhost:27017/small-node-js-project"
2019-06-01 07:39:31[app.js] info: "App is running on port: 8080"
2019-06-01 07:39:31[app.js] info: "Connected to database mongodb://localhost:27017/small-node-js-project"
2019-06-01 07:40:14[app.js] info: "App is running on port: 8080"
2019-06-01 07:40:14[app.js] info: "Connected to database mongodb://localhost:27017/small-node-js-project"
2019-06-01 07:40:18[app.js] info: "App is running on port: 8080"
2019-06-01 07:40:18[app.js] info: "Connected to database mongodb://localhost:27017/small-node-js-project"
2019-06-01 07:40:57[app.js] info: "POST /api/userList/get-regular-users 404 170 - 2.992 ms\n"
2019-06-01 07:41:15[app.js] info: "POST /api/userList/get-regular-users 404 170 - 0.343 ms\n"
2019-06-01 07:41:44[app.js] info: "POST /api/userList/get-regular-users 404 170 - 0.320 ms\n"
2019-06-01 07:42:06[app.js] info: "GET /api/userList//get-regular-users 401 63 - 1.973 ms\n"
2019-06-01 07:42:29[app.js] info: "POST /api/user/logout 404 155 - 0.209 ms\n"
2019-06-01 07:43:14[app.js] info: "POST /api/authentication/signin 200 347 - 171.871 ms\n"
2019-06-01 07:44:10[app.js] info: "POST /api/authentication/signin 200 347 - 69.636 ms\n"
2019-06-01 07:44:58[app.js] info: "App is running on port: 8080"
2019-06-01 07:44:58[app.js] info: "Connected to database mongodb://localhost:27017/small-node-js-project"
2019-06-01 07:45:03[app.js] info: "App is running on port: 8080"
2019-06-01 07:45:03[app.js] info: "Connected to database mongodb://localhost:27017/small-node-js-project"
2019-06-01 07:45:09[app.js] info: "App is running on port: 8080"
2019-06-01 07:45:09[app.js] info: "Connected to database mongodb://localhost:27017/small-node-js-project"
2019-06-01 07:45:21[app.js] info: "App is running on port: 8080"
2019-06-01 07:45:21[app.js] info: "Connected to database mongodb://localhost:27017/small-node-js-project"
2019-06-01 07:45:30[app.js] info: "App is running on port: 8080"
2019-06-01 07:45:30[app.js] info: "Connected to database mongodb://localhost:27017/small-node-js-project"
2019-06-01 07:45:34[app.js] info: "App is running on port: 8080"
2019-06-01 07:45:34[app.js] info: "Connected to database mongodb://localhost:27017/small-node-js-project"
2019-06-01 07:45:36[app.js] info: "App is running on port: 8080"
2019-06-01 07:45:36[app.js] info: "Connected to database mongodb://localhost:27017/small-node-js-project"
2019-06-01 07:45:36[app.js] info: "App is running on port: 8080"
2019-06-01 07:45:37[app.js] info: "Connected to database mongodb://localhost:27017/small-node-js-project"
2019-06-01 07:45:55[app.js] info: "POST /api/authentication/signin 200 347 - 94.476 ms\n"
2019-06-01 07:47:49[app.js] info: "App is running on port: 8080"
2019-06-01 07:47:49[app.js] info: "Connected to database mongodb://localhost:27017/small-node-js-project"
2019-06-01 07:48:05[app.js] info: "App is running on port: 8080"
2019-06-01 07:48:05[app.js] info: "Connected to database mongodb://localhost:27017/small-node-js-project"
2019-06-01 07:48:16[app.js] info: "App is running on port: 8080"
2019-06-01 07:48:16[app.js] info: "Connected to database mongodb://localhost:27017/small-node-js-project"
2019-06-01 07:49:16[app.js] info: "App is running on port: 8080"
2019-06-01 07:49:16[app.js] info: "Connected to database mongodb://localhost:27017/small-node-js-project"
2019-06-01 07:49:25[app.js] info: "App is running on port: 8080"
2019-06-01 07:49:25[app.js] info: "Connected to database mongodb://localhost:27017/small-node-js-project"
2019-06-01 07:49:38[app.js] info: "App is running on port: 8080"
2019-06-01 07:49:38[app.js] info: "Connected to database mongodb://localhost:27017/small-node-js-project"
2019-06-01 07:49:52[app.js] info: "App is running on port: 8080"
2019-06-01 07:49:52[app.js] info: "Connected to database mongodb://localhost:27017/small-node-js-project"
2019-06-01 07:50:10[app.js] info: "POST /api/authentication/signin 200 347 - 88.208 ms\n"
2019-06-01 07:50:28[app.js] info: "POST /api/authentication/signin 200 347 - 66.767 ms\n"
2019-06-01 07:50:56[app.js] info: "App is running on port: 8080"
2019-06-01 07:50:56[app.js] info: "Connected to database mongodb://localhost:27017/small-node-js-project"
2019-06-01 07:51:01[app.js] info: "POST /api/authentication/signin 200 347 - 88.559 ms\n"
2019-06-01 07:51:12[app.js] info: "POST /api/authentication/signin 200 347 - 69.716 ms\n"
2019-06-01 07:51:29[app.js] info: "App is running on port: 8080"
2019-06-01 07:51:29[app.js] info: "Connected to database mongodb://localhost:27017/small-node-js-project"
2019-06-01 07:51:38[app.js] info: "POST /api/authentication/signin 200 347 - 88.960 ms\n"
2019-06-01 07:51:49[app.js] info: "POST /api/authentication/signin 200 347 - 77.769 ms\n"
2019-06-01 07:51:51[app.js] info: "POST /api/authentication/signin 200 347 - 71.004 ms\n"
2019-06-01 07:52:00[app.js] info: "POST /api/authentication/signin 200 347 - 69.018 ms\n"
2019-06-01 07:52:05[app.js] info: "POST /api/authentication/signin 200 347 - 74.144 ms\n"
2019-06-01 07:52:12[app.js] info: "App is running on port: 8080"
2019-06-01 07:52:12[app.js] info: "Connected to database mongodb://localhost:27017/small-node-js-project"
2019-06-01 07:52:40[app.js] info: "POST /api/authentication/signin 200 347 - 89.547 ms\n"
2019-06-01 07:52:45[app.js] info: "POST /api/authentication/signin 200 347 - 68.020 ms\n"
2019-06-01 07:53:11[app.js] info: "App is running on port: 8080"
2019-06-01 07:53:11[app.js] info: "Connected to database mongodb://localhost:27017/small-node-js-project"
2019-06-01 07:53:16[app.js] info: "POST /api/authentication/signin 200 347 - 99.522 ms\n"
2019-06-01 07:53:52[app.js] info: "App is running on port: 8080"
2019-06-01 07:53:52[app.js] info: "Connected to database mongodb://localhost:27017/small-node-js-project"
2019-06-01 07:53:57[app.js] info: "POST /api/authentication/signin 200 347 - 91.228 ms\n"
2019-06-01 07:54:59[app.js] info: "App is running on port: 8080"
2019-06-01 07:54:59[app.js] info: "Connected to database mongodb://localhost:27017/small-node-js-project"
2019-06-01 07:55:10[app.js] info: "App is running on port: 8080"
2019-06-01 07:55:10[app.js] info: "Connected to database mongodb://localhost:27017/small-node-js-project"
2019-06-01 07:55:11[app.js] info: "App is running on port: 8080"
2019-06-01 07:55:11[app.js] info: "Connected to database mongodb://localhost:27017/small-node-js-project"
2019-06-01 07:55:34[app.js] info: "POST /api/authentication/signin 200 347 - 88.803 ms\n"
2019-06-01 07:55:35[app.js] info: "POST /api/authentication/signin 200 347 - 65.825 ms\n"
2019-06-01 07:55:41[app.js] info: "POST /api/authentication/signin 200 347 - 65.718 ms\n"
2019-06-01 07:55:41[app.js] info: "POST /api/authentication/signin 200 347 - 64.938 ms\n"
2019-06-01 07:55:42[app.js] info: "POST /api/authentication/signin 200 347 - 65.336 ms\n"
2019-06-01 07:55:57[app.js] info: "POST /api/authentication/signin 200 347 - 71.326 ms\n"
2019-06-01 07:56:08[app.js] info: "App is running on port: 8080"
2019-06-01 07:56:08[app.js] info: "Connected to database mongodb://localhost:27017/small-node-js-project"
2019-06-01 07:56:26[app.js] info: "POST /api/authentication/signin 200 347 - 89.116 ms\n"
2019-06-01 07:56:29[app.js] info: "POST /api/authentication/signin 200 347 - 66.986 ms\n"
2019-06-01 07:57:56[app.js] info: "App is running on port: 8080"
2019-06-01 07:57:56[app.js] info: "Connected to database mongodb://localhost:27017/small-node-js-project"
2019-06-01 07:57:58[app.js] info: "App is running on port: 8080"
2019-06-01 07:57:58[app.js] info: "Connected to database mongodb://localhost:27017/small-node-js-project"
2019-06-01 07:58:00[app.js] info: "POST /api/authentication/signin 400 61 - 11.082 ms\n"
2019-06-01 07:58:14[app.js] info: "POST /api/authentication/signin 200 347 - 81.966 ms\n"
2019-06-01 07:58:42[app.js] info: "App is running on port: 8080"
2019-06-01 07:58:42[app.js] info: "Connected to database mongodb://localhost:27017/small-node-js-project"
2019-06-01 07:58:43[app.js] info: "App is running on port: 8080"
2019-06-01 07:58:43[app.js] info: "Connected to database mongodb://localhost:27017/small-node-js-project"
2019-06-01 08:09:46[app.js] info: "POST /api/authentication/signin 200 347 - 88.249 ms\n"
2019-06-01 08:09:53[app.js] info: "App is running on port: 8080"
2019-06-01 08:09:53[app.js] info: "Connected to database mongodb://localhost:27017/small-node-js-project"
2019-06-01 08:10:10[app.js] info: "App is running on port: 8080"
2019-06-01 08:10:10[app.js] info: "Connected to database mongodb://localhost:27017/small-node-js-project"
2019-06-01 08:10:22[app.js] info: "App is running on port: 8080"
2019-06-01 08:10:22[app.js] info: "Connected to database mongodb://localhost:27017/small-node-js-project"
2019-06-01 08:10:52[app.js] info: "App is running on port: 8080"
2019-06-01 08:10:52[app.js] info: "Connected to database mongodb://localhost:27017/small-node-js-project"
2019-06-01 08:10:58[app.js] info: "POST /api/authentication/signin 200 347 - 87.063 ms\n"
2019-06-01 08:11:08[app.js] info: "POST /api/authentication/signin 200 347 - 76.229 ms\n"
2019-06-01 08:11:50[app.js] info: "App is running on port: 8080"
2019-06-01 08:11:50[app.js] info: "Connected to database mongodb://localhost:27017/small-node-js-project"
2019-06-01 08:11:54[app.js] info: "POST /api/authentication/signin 200 347 - 92.370 ms\n"
2019-06-01 08:13:33[app.js] info: "App is running on port: 8080"
2019-06-01 08:13:33[app.js] info: "Connected to database mongodb://localhost:27017/small-node-js-project"
2019-06-01 08:13:36[app.js] info: "POST /api/authentication/signin 200 347 - 90.371 ms\n"
2019-06-01 08:14:05[app.js] info: "App is running on port: 8080"
2019-06-01 08:14:05[app.js] info: "Connected to database mongodb://localhost:27017/small-node-js-project"
2019-06-01 08:14:51[app.js] info: "App is running on port: 8080"
2019-06-01 08:14:51[app.js] info: "Connected to database mongodb://localhost:27017/small-node-js-project"
2019-06-01 08:14:55[app.js] info: "App is running on port: 8080"
2019-06-01 08:14:55[app.js] info: "Connected to database mongodb://localhost:27017/small-node-js-project"
2019-06-01 08:15:21[app.js] info: "App is running on port: 8080"
2019-06-01 08:15:21[app.js] info: "Connected to database mongodb://localhost:27017/small-node-js-project"
2019-06-01 08:19:54[app.js] info: "App is running on port: 8080"
2019-06-01 08:19:54[app.js] info: "Connected to database mongodb://localhost:27017/small-node-js-project"
2019-06-01 08:20:07[app.js] info: "App is running on port: 8080"
2019-06-01 08:20:07[app.js] info: "Connected to database mongodb://localhost:27017/small-node-js-project"
2019-06-01 08:20:24[app.js] info: "App is running on port: 8080"
2019-06-01 08:20:24[app.js] info: "Connected to database mongodb://localhost:27017/small-node-js-project"
2019-06-01 08:20:32[app.js] info: "App is running on port: 8080"
2019-06-01 08:20:32[app.js] info: "Connected to database mongodb://localhost:27017/small-node-js-project"
2019-06-01 08:21:20[app.js] info: "App is running on port: 8080"
2019-06-01 08:21:20[app.js] info: "Connected to database mongodb://localhost:27017/small-node-js-project"
2019-06-01 08:21:28[app.js] info: "App is running on port: 8080"
2019-06-01 08:21:28[app.js] info: "Connected to database mongodb://localhost:27017/small-node-js-project"
2019-06-01 16:25:04[app.js] info: "App is running on port: 8080"
2019-06-01 16:25:04[app.js] info: "Connected to database mongodb://localhost:27017/small-node-js-project"
2019-06-01 16:32:03[app.js] info: "App is running on port: 8080"
2019-06-01 16:32:03[app.js] info: "Connected to database mongodb://localhost:27017/small-node-js-project"
2019-06-01 16:32:07[app.js] info: "App is running on port: 8080"
2019-06-01 16:32:07[app.js] info: "Connected to database mongodb://localhost:27017/small-node-js-project"
2019-06-01 16:32:30[app.js] info: "App is running on port: 8080"
2019-06-01 16:32:30[app.js] info: "Connected to database mongodb://localhost:27017/small-node-js-project"
2019-06-01 16:32:44[app.js] info: "GET /api/userList/get-regular-users 200 287 - 23.389 ms\n"
2019-06-01 16:33:40[app.js] info: "GET /api/userList/get-regular-users 304 - - 2.969 ms\n"
2019-06-01 16:34:18[app.js] info: "GET /api/userList/get-regular-users 304 - - 1.544 ms\n"
2019-06-01 16:36:13[app.js] info: "GET /api/userList/get-regular-users 304 - - 1.862 ms\n"
2019-06-01 16:37:44[app.js] info: "GET /api/userList/get-regular-users 304 - - 2.410 ms\n"
2019-06-01 16:38:30[app.js] info: "GET /api/userList/get-regular-users 304 - - 3.102 ms\n"
2019-06-01 16:47:41[app.js] info: "App is running on port: 8080"
2019-06-01 16:47:41[app.js] info: "Connected to database mongodb://localhost:27017/small-node-js-project"
2019-06-01 16:48:39[app.js] info: "App is running on port: 8080"
2019-06-01 16:48:39[app.js] info: "Connected to database mongodb://localhost:27017/small-node-js-project"
2019-06-01 16:48:46[app.js] info: "App is running on port: 8080"
2019-06-01 16:48:46[app.js] info: "Connected to database mongodb://localhost:27017/small-node-js-project"
2019-06-01 16:48:47[app.js] info: "App is running on port: 8080"
2019-06-01 16:48:47[app.js] info: "Connected to database mongodb://localhost:27017/small-node-js-project"
2019-06-01 16:48:49[app.js] info: "App is running on port: 8080"
2019-06-01 16:48:49[app.js] info: "Connected to database mongodb://localhost:27017/small-node-js-project"
2019-06-01 16:48:59[app.js] info: "App is running on port: 8080"
2019-06-01 16:48:59[app.js] info: "Connected to database mongodb://localhost:27017/small-node-js-project"
2019-06-01 16:49:29[app.js] info: "App is running on port: 8080"
2019-06-01 16:49:29[app.js] info: "Connected to database mongodb://localhost:27017/small-node-js-project"
2019-06-01 16:49:35[app.js] info: "App is running on port: 8080"
2019-06-01 16:49:35[app.js] info: "Connected to database mongodb://localhost:27017/small-node-js-project"
2019-06-01 16:51:19[app.js] info: "App is running on port: 8080"
2019-06-01 16:51:19[app.js] info: "Connected to database mongodb://localhost:27017/small-node-js-project"
2019-06-01 16:52:25[app.js] info: "App is running on port: 8080"
2019-06-01 16:52:25[app.js] info: "Connected to database mongodb://localhost:27017/small-node-js-project"
2019-06-01 16:52:33[app.js] info: "App is running on port: 8080"
2019-06-01 16:52:33[app.js] info: "Connected to database mongodb://localhost:27017/small-node-js-project"
2019-06-01 16:52:40[app.js] error: "ENOENT: no such file or directory, stat 'D:\\Node\\small-node-js-project\\startup\\public\\dist\\index.html'"
2019-06-01 16:52:40[app.js] info: "GET / 500 427 - 6.597 ms\n"
2019-06-01 16:52:40[app.js] error: "ENOENT: no such file or directory, stat 'D:\\Node\\small-node-js-project\\startup\\public\\dist\\index.html'"
2019-06-01 16:52:40[app.js] info: "GET /favicon.ico 500 427 - 1.592 ms\n"
2019-06-01 16:53:06[app.js] info: "App is running on port: 8080"
2019-06-01 16:53:06[app.js] info: "Connected to database mongodb://localhost:27017/small-node-js-project"
2019-06-01 16:53:08[app.js] info: "GET / 200 4886 - 3.694 ms\n"
2019-06-01 16:53:08[app.js] info: "GET /static/css/chunk-elementUI.18b11d0e.css 200 4886 - 2.686 ms\n"
2019-06-01 16:53:08[app.js] info: "GET /static/css/chunk-libs.5cf311f0.css 200 4886 - 3.822 ms\n"
2019-06-01 16:53:08[app.js] info: "GET /static/css/app.78ea0770.css 200 4886 - 2.630 ms\n"
2019-06-01 16:53:08[app.js] info: "GET /static/js/chunk-elementUI.9b080ed8.js 200 4886 - 3.339 ms\n"
2019-06-01 16:53:08[app.js] info: "GET /static/js/chunk-libs.81b9c307.js 200 4886 - 4.431 ms\n"
2019-06-01 16:53:08[app.js] info: "GET /static/js/app.9f49e1fc.js 200 4886 - 6.164 ms\n"
2019-06-01 16:53:08[app.js] info: "GET /favicon.ico 200 4886 - 1.053 ms\n"
2019-06-01 16:53:12[app.js] info: "GET /static/css/chunk-elementUI.18b11d0e.css 304 - - 3.217 ms\n"
2019-06-01 16:53:12[app.js] info: "GET /static/css/chunk-libs.5cf311f0.css 304 - - 4.493 ms\n"
2019-06-01 16:53:12[app.js] info: "GET /static/css/app.78ea0770.css 304 - - 5.558 ms\n"
2019-06-01 16:53:37[app.js] info: "GET /favicon.ico 304 - - 1.557 ms\n"
2019-06-01 16:54:08[app.js] info: "App is running on port: 8080"
2019-06-01 16:54:08[app.js] info: "Connected to database mongodb://localhost:27017/small-node-js-project"
2019-06-01 16:54:26[app.js] info: "Connected to database mongodb://localhost:27017/small-node-js-project"
2019-06-01 16:54:38[app.js] info: "Connected to database mongodb://localhost:27017/small-node-js-project"
2019-06-01 16:54:43[app.js] info: "App is running on port: 8080"
2019-06-01 16:54:43[app.js] info: "Connected to database mongodb://localhost:27017/small-node-js-project"
2019-06-01 16:54:48[app.js] info: "GET / 304 - - 2.919 ms\n"
2019-06-01 16:54:48[app.js] info: "GET /static/css/chunk-elementUI.18b11d0e.css 304 - - 3.132 ms\n"
2019-06-01 16:54:48[app.js] info: "GET /static/css/chunk-libs.5cf311f0.css 304 - - 3.756 ms\n"
2019-06-01 16:54:48[app.js] info: "GET /static/css/app.78ea0770.css 304 - - 4.104 ms\n"
2019-06-01 16:54:48[app.js] info: "GET /static/js/chunk-elementUI.9b080ed8.js 304 - - 4.889 ms\n"
2019-06-01 16:54:48[app.js] info: "GET /static/js/chunk-libs.81b9c307.js 304 - - 5.602 ms\n"
2019-06-01 16:54:48[app.js] info: "GET /static/js/app.9f49e1fc.js 304 - - 6.409 ms\n"
2019-06-01 16:54:49[app.js] info: "GET /favicon.ico 304 - - 0.344 ms\n"
2019-06-01 16:55:50[app.js] info: "GET / 200 4886 - 1.772 ms\n"
2019-06-01 16:55:50[app.js] info: "GET /static/css/chunk-elementUI.18b11d0e.css 200 4886 - 2.362 ms\n"
2019-06-01 16:55:50[app.js] info: "GET /static/css/chunk-libs.5cf311f0.css 200 4886 - 4.070 ms\n"
2019-06-01 16:55:50[app.js] info: "GET /static/css/app.78ea0770.css 200 4886 - 3.818 ms\n"
2019-06-01 16:55:50[app.js] info: "GET /static/js/chunk-elementUI.9b080ed8.js 200 4886 - 5.247 ms\n"
2019-06-01 16:55:50[app.js] info: "GET /static/js/chunk-libs.81b9c307.js 200 4886 - 8.447 ms\n"
2019-06-01 16:55:50[app.js] info: "GET /static/js/app.9f49e1fc.js 200 4886 - 10.470 ms\n"
2019-06-01 16:55:50[app.js] info: "GET /favicon.ico 200 4886 - 0.645 ms\n"
2019-06-01 16:55:52[app.js] info: "GET /static/css/chunk-elementUI.18b11d0e.css 304 - - 1.691 ms\n"
2019-06-01 16:55:52[app.js] info: "GET /static/css/chunk-libs.5cf311f0.css 304 - - 3.817 ms\n"
2019-06-01 16:55:52[app.js] info: "GET /static/css/app.78ea0770.css 304 - - 6.460 ms\n"
2019-06-01 16:56:33[app.js] info: "App is running on port: 8080"
2019-06-01 16:56:33[app.js] info: "Connected to database mongodb://localhost:27017/small-node-js-project"
2019-06-01 17:27:35[app.js] info: "GET /api/userList/get-regular-users 304 - - 16.010 ms\n"
2019-06-01 17:27:55[app.js] info: "GET /api/userList/get-regular-users 304 - - 3.451 ms\n"
2019-06-01 17:29:29[app.js] info: "App is running on port: 8080"
2019-06-01 17:29:29[app.js] info: "Connected to database mongodb://localhost:27017/small-node-js-project"
2019-06-01 17:29:29[app.js] info: "GET /api/userList/get-regular-users 304 - - 41.349 ms\n"
2019-06-01 17:30:07[app.js] info: "App is running on port: 8080"
2019-06-01 17:30:07[app.js] info: "Connected to database mongodb://localhost:27017/small-node-js-project"
2019-06-01 17:30:08[app.js] info: "GET /api/userList/get-regular-users 304 - - 32.303 ms\n"
2019-06-01 17:30:23[app.js] info: "App is running on port: 8080"
2019-06-01 17:30:23[app.js] info: "Connected to database mongodb://localhost:27017/small-node-js-project"
2019-06-01 17:30:24[app.js] info: "GET /api/userList/get-regular-users 304 - - 27.338 ms\n"
2019-06-01 17:31:11[app.js] info: "App is running on port: 8080"
2019-06-01 17:31:11[app.js] info: "Connected to database mongodb://localhost:27017/small-node-js-project"
2019-06-01 17:31:12[app.js] info: "GET /api/userList/get-regular-users 304 - - 24.516 ms\n"
2019-06-01 17:31:35[app.js] info: "App is running on port: 8080"
2019-06-01 17:31:35[app.js] info: "Connected to database mongodb://localhost:27017/small-node-js-project"
2019-06-01 17:31:35[app.js] info: "GET /api/userList/get-regular-users 304 - - 28.896 ms\n"
2019-06-01 17:31:37[app.js] info: "App is running on port: 8080"
2019-06-01 17:31:37[app.js] info: "Connected to database mongodb://localhost:27017/small-node-js-project"
2019-06-01 17:31:39[app.js] info: "GET /api/userList/get-regular-users 304 - - 22.921 ms\n"
2019-06-01 17:31:50[app.js] info: "App is running on port: 8080"
2019-06-01 17:31:50[app.js] info: "Connected to database mongodb://localhost:27017/small-node-js-project"
2019-06-01 17:47:02[app.js] info: "App is running on port: 8080"
2019-06-01 17:47:02[app.js] info: "Connected to database mongodb://localhost:27017/small-node-js-project"
2019-06-01 17:50:58[app.js] info: "App is running on port: 8080"
2019-06-01 17:50:58[app.js] info: "Connected to database mongodb://localhost:27017/small-node-js-project"
2019-06-01 17:51:32[app.js] info: "App is running on port: 8080"
2019-06-01 17:51:32[app.js] info: "Connected to database mongodb://localhost:27017/small-node-js-project"
2019-06-01 17:51:44[app.js] info: "App is running on port: 8080"
2019-06-01 17:51:44[app.js] info: "Connected to database mongodb://localhost:27017/small-node-js-project"
2019-06-01 17:52:25[app.js] info: "App is running on port: 8080"
2019-06-01 17:52:25[app.js] info: "Connected to database mongodb://localhost:27017/small-node-js-project"
2019-06-01 17:52:26[app.js] info: "App is running on port: 8080"
2019-06-01 17:52:26[app.js] info: "Connected to database mongodb://localhost:27017/small-node-js-project"
2019-06-01 17:53:37[app.js] info: "App is running on port: 8080"
2019-06-01 17:53:37[app.js] info: "Connected to database mongodb://localhost:27017/small-node-js-project"
2019-06-01 17:53:42[app.js] info: "App is running on port: 8080"
2019-06-01 17:53:42[app.js] info: "Connected to database mongodb://localhost:27017/small-node-js-project"
2019-06-01 17:54:27[app.js] info: "App is running on port: 8080"
2019-06-01 17:54:27[app.js] info: "Connected to database mongodb://localhost:27017/small-node-js-project"
2019-06-01 17:54:35[app.js] info: "App is running on port: 8080"
2019-06-01 17:54:35[app.js] info: "Connected to database mongodb://localhost:27017/small-node-js-project"
2019-06-01 17:55:40[app.js] info: "App is running on port: 8080"
2019-06-01 17:55:40[app.js] info: "Connected to database mongodb://localhost:27017/small-node-js-project"
2019-06-01 17:56:42[app.js] info: "App is running on port: 8080"
2019-06-01 17:56:42[app.js] info: "Connected to database mongodb://localhost:27017/small-node-js-project"
2019-06-01 17:56:56[app.js] info: "App is running on port: 8080"
2019-06-01 17:56:56[app.js] info: "Connected to database mongodb://localhost:27017/small-node-js-project"
2019-06-01 17:56:57[app.js] info: "App is running on port: 8080"
2019-06-01 17:56:57[app.js] info: "Connected to database mongodb://localhost:27017/small-node-js-project"
2019-06-01 17:59:06[app.js] info: "App is running on port: 8080"
2019-06-01 17:59:06[app.js] info: "Connected to database mongodb://localhost:27017/small-node-js-project"
2019-06-01 17:59:23[app.js] info: "App is running on port: 8080"
2019-06-01 17:59:23[app.js] info: "Connected to database mongodb://localhost:27017/small-node-js-project"
2019-06-01 17:59:25[app.js] info: "App is running on port: 8080"
2019-06-01 17:59:25[app.js] info: "Connected to database mongodb://localhost:27017/small-node-js-project"
2019-06-01 17:59:51[app.js] info: "App is running on port: 8080"
2019-06-01 17:59:51[app.js] info: "Connected to database mongodb://localhost:27017/small-node-js-project"
2019-06-01 18:00:48[app.js] info: "App is running on port: 8080"
2019-06-01 18:00:48[app.js] info: "Connected to database mongodb://localhost:27017/small-node-js-project"
2019-06-01 18:01:11[app.js] info: "App is running on port: 8080"
2019-06-01 18:01:11[app.js] info: "Connected to database mongodb://localhost:27017/small-node-js-project"
2019-06-01 18:01:49[app.js] info: "App is running on port: 8080"
2019-06-01 18:01:49[app.js] info: "Connected to database mongodb://localhost:27017/small-node-js-project"
2019-06-01 18:02:32[app.js] info: "App is running on port: 8080"
2019-06-01 18:02:32[app.js] info: "Connected to database mongodb://localhost:27017/small-node-js-project"
2019-06-01 18:03:06[app.js] info: "App is running on port: 8080"
2019-06-01 18:03:06[app.js] info: "Connected to database mongodb://localhost:27017/small-node-js-project"
2019-06-01 18:03:35[app.js] info: "App is running on port: 8080"
2019-06-01 18:03:35[app.js] info: "Connected to database mongodb://localhost:27017/small-node-js-project"
2019-06-01 18:03:53[app.js] info: "App is running on port: 8080"
2019-06-01 18:03:53[app.js] info: "Connected to database mongodb://localhost:27017/small-node-js-project"
2019-06-01 18:04:01[app.js] info: "App is running on port: 8080"
2019-06-01 18:04:01[app.js] info: "Connected to database mongodb://localhost:27017/small-node-js-project"
2019-06-01 18:04:40[app.js] info: "App is running on port: 8080"
2019-06-01 18:04:40[app.js] info: "Connected to database mongodb://localhost:27017/small-node-js-project"
2019-06-01 18:04:50[app.js] info: "App is running on port: 8080"
2019-06-01 18:04:50[app.js] info: "Connected to database mongodb://localhost:27017/small-node-js-project"
2019-06-01 18:05:01[app.js] info: "App is running on port: 8080"
2019-06-01 18:05:01[app.js] info: "Connected to database mongodb://localhost:27017/small-node-js-project"
2019-06-01 18:05:32[app.js] info: "App is running on port: 8080"
2019-06-01 18:05:32[app.js] info: "Connected to database mongodb://localhost:27017/small-node-js-project"
2019-06-01 18:05:37[app.js] info: "App is running on port: 8080"
2019-06-01 18:05:37[app.js] info: "Connected to database mongodb://localhost:27017/small-node-js-project"
2019-06-01 18:06:11[app.js] info: "App is running on port: 8080"
2019-06-01 18:06:11[app.js] info: "Connected to database mongodb://localhost:27017/small-node-js-project"
2019-06-01 18:06:26[app.js] info: "App is running on port: 8080"
2019-06-01 18:06:26[app.js] info: "Connected to database mongodb://localhost:27017/small-node-js-project"
2019-06-01 18:07:10[app.js] info: "App is running on port: 8080"
2019-06-01 18:07:10[app.js] info: "Connected to database mongodb://localhost:27017/small-node-js-project"
2019-06-01 18:07:34[app.js] info: "App is running on port: 8080"
2019-06-01 18:07:34[app.js] info: "Connected to database mongodb://localhost:27017/small-node-js-project"
2019-06-01 18:08:25[app.js] info: "App is running on port: 8080"
2019-06-01 18:08:25[app.js] info: "Connected to database mongodb://localhost:27017/small-node-js-project"
2019-06-01 18:09:14[app.js] info: "App is running on port: 8080"
2019-06-01 18:09:14[app.js] info: "Connected to database mongodb://localhost:27017/small-node-js-project"
2019-06-01 18:09:42[app.js] info: "App is running on port: 8080"
2019-06-01 18:09:42[app.js] info: "Connected to database mongodb://localhost:27017/small-node-js-project"
2019-06-01 18:09:44[app.js] info: "App is running on port: 8080"
2019-06-01 18:09:44[app.js] info: "Connected to database mongodb://localhost:27017/small-node-js-project"
2019-06-01 18:09:57[app.js] info: "App is running on port: 8080"
2019-06-01 18:09:57[app.js] info: "Connected to database mongodb://localhost:27017/small-node-js-project"
2019-06-01 18:10:20[app.js] info: "GET /api/cars/get-cars 200 26 - 14.418 ms\n"
2019-06-01 18:11:59[app.js] error: "Unexpected token } in JSON at position 24"
2019-06-01 18:12:11[app.js] info: "POST /api/cars/add-car 200 148 - 42.227 ms\n"
2019-06-01 18:13:02[app.js] info: "App is running on port: 8080"
2019-06-01 18:13:02[app.js] info: "Connected to database mongodb://localhost:27017/small-node-js-project"
2019-06-01 18:13:43[app.js] info: "App is running on port: 8080"
2019-06-01 18:13:43[app.js] info: "Connected to database mongodb://localhost:27017/small-node-js-project"
2019-06-01 18:14:10[app.js] info: "App is running on port: 8080"
2019-06-01 18:14:10[app.js] info: "Connected to database mongodb://localhost:27017/small-node-js-project"
2019-06-01 18:14:26[app.js] info: "App is running on port: 8080"
2019-06-01 18:14:26[app.js] info: "Connected to database mongodb://localhost:27017/small-node-js-project"
2019-06-01 18:14:31[app.js] info: "App is running on port: 8080"
2019-06-01 18:14:31[app.js] info: "Connected to database mongodb://localhost:27017/small-node-js-project"
2019-06-01 18:14:39[app.js] info: "App is running on port: 8080"
2019-06-01 18:14:39[app.js] info: "Connected to database mongodb://localhost:27017/small-node-js-project"
2019-06-01 18:15:02[app.js] info: "App is running on port: 8080"
2019-06-01 18:15:02[app.js] info: "Connected to database mongodb://localhost:27017/small-node-js-project"
2019-06-01 18:16:09[app.js] info: "App is running on port: 8080"
2019-06-01 18:16:09[app.js] info: "Connected to database mongodb://localhost:27017/small-node-js-project"
2019-06-01 18:16:33[app.js] info: "App is running on port: 8080"
2019-06-01 18:16:33[app.js] info: "Connected to database mongodb://localhost:27017/small-node-js-project"
2019-06-01 18:17:23[app.js] info: "App is running on port: 8080"
2019-06-01 18:17:23[app.js] info: "Connected to database mongodb://localhost:27017/small-node-js-project"
2019-06-01 18:17:30[app.js] info: "App is running on port: 8080"
2019-06-01 18:17:30[app.js] info: "Connected to database mongodb://localhost:27017/small-node-js-project"
2019-06-01 18:17:42[app.js] info: "POST /api/cars/add-car 200 148 - 20.002 ms\n"
2019-06-01 18:17:59[app.js] info: "POST /api/cars/add-car 200 151 - 5.599 ms\n"
2019-06-01 18:18:21[app.js] info: "POST /api/cars/add-car 200 151 - 3.409 ms\n"
2019-06-01 18:18:58[app.js] info: "POST /api/cars/add-car 200 194 - 3.399 ms\n"
2019-06-01 18:19:06[app.js] info: "POST /api/cars/add-car 400 53 - 1.302 ms\n"
2019-06-01 18:19:18[app.js] info: "GET /api/cars/get-cars 200 702 - 12.962 ms\n"
2019-06-01 18:19:58[app.js] info: "App is running on port: 8080"
2019-06-01 18:19:58[app.js] info: "Connected to database mongodb://localhost:27017/small-node-js-project"
2019-06-01 18:20:00[app.js] info: "GET /api/cars/get-car/5cf26b9b21c5731ee81854d5 200 702 - 20.515 ms\n"
2019-06-01 18:20:07[app.js] info: "App is running on port: 8080"
2019-06-01 18:20:07[app.js] info: "Connected to database mongodb://localhost:27017/small-node-js-project"
2019-06-01 18:20:18[app.js] info: "App is running on port: 8080"
2019-06-01 18:20:18[app.js] info: "Connected to database mongodb://localhost:27017/small-node-js-project"
2019-06-01 18:20:27[app.js] info: "GET /api/cars/get-car/5cf26b9b21c5731ee81854d5 200 702 - 18.543 ms\n"
2019-06-01 18:21:45[app.js] info: "App is running on port: 8080"
2019-06-01 18:21:45[app.js] info: "Connected to database mongodb://localhost:27017/small-node-js-project"
2019-06-01 18:21:49[app.js] info: "GET /api/cars/get-car/5cf26b9b21c5731ee81854d5 200 148 - 25.094 ms\n"
2019-06-01 18:22:03[app.js] info: "DELETE /api/cars/get-car/5cf26b9b21c5731ee81854d5 200 148 - 5.567 ms\n"
2019-06-01 18:22:09[app.js] info: "GET /api/cars/get-car/5cf26b9b21c5731ee81854d5 400 44 - 3.001 ms\n"
2019-06-01 19:33:15[app.js] info: "App is running on port: 8080"
2019-06-01 19:33:15[app.js] info: "Connected to database mongodb://localhost:27017/small-node-js-project"
2019-06-01 19:33:30[app.js] info: "App is running on port: 8080"
2019-06-01 19:33:30[app.js] info: "Connected to database mongodb://localhost:27017/small-node-js-project"
2019-06-01 19:34:18[app.js] info: "App is running on port: 8080"
2019-06-01 19:34:18[app.js] info: "Connected to database mongodb://localhost:27017/small-node-js-project"
2019-06-01 19:34:46[app.js] info: "App is running on port: 8080"
2019-06-01 19:34:46[app.js] info: "Connected to database mongodb://localhost:27017/small-node-js-project"
2019-06-01 19:34:48[app.js] info: "App is running on port: 8080"
2019-06-01 19:34:48[app.js] info: "Connected to database mongodb://localhost:27017/small-node-js-project"
2019-06-01 19:34:54[app.js] info: "App is running on port: 8080"
2019-06-01 19:34:54[app.js] info: "Connected to database mongodb://localhost:27017/small-node-js-project"
2019-06-01 19:35:16[app.js] info: "App is running on port: 8080"
2019-06-01 19:35:16[app.js] info: "Connected to database mongodb://localhost:27017/small-node-js-project"
2019-06-01 19:35:28[app.js] info: "App is running on port: 8080"
2019-06-01 19:35:28[app.js] info: "Connected to database mongodb://localhost:27017/small-node-js-project"
2019-06-01 19:35:52[app.js] info: "App is running on port: 8080"
2019-06-01 19:35:52[app.js] info: "Connected to database mongodb://localhost:27017/small-node-js-project"
2019-06-01 19:35:52[app.js] info: "App is running on port: 8080"
2019-06-01 19:35:52[app.js] info: "Connected to database mongodb://localhost:27017/small-node-js-project"
2019-06-01 19:36:20[app.js] info: "App is running on port: 8080"
2019-06-01 19:36:20[app.js] info: "Connected to database mongodb://localhost:27017/small-node-js-project"
2019-06-01 19:36:22[app.js] info: "App is running on port: 8080"
2019-06-01 19:36:22[app.js] info: "Connected to database mongodb://localhost:27017/small-node-js-project"
2019-06-01 19:39:41[app.js] info: "App is running on port: 8080"
2019-06-01 19:39:41[app.js] info: "Connected to database mongodb://localhost:27017/small-node-js-project"
2019-06-01 19:39:55[app.js] info: "App is running on port: 8080"
2019-06-01 19:39:55[app.js] info: "Connected to database mongodb://localhost:27017/small-node-js-project"
2019-06-01 19:39:57[app.js] info: "App is running on port: 8080"
2019-06-01 19:39:57[app.js] info: "Connected to database mongodb://localhost:27017/small-node-js-project"
2019-06-01 19:42:46[app.js] info: "App is running on port: 8080"
2019-06-01 19:42:46[app.js] info: "Connected to database mongodb://localhost:27017/small-node-js-project"
2019-06-01 19:43:10[app.js] info: "App is running on port: 8080"
2019-06-01 19:43:10[app.js] info: "Connected to database mongodb://localhost:27017/small-node-js-project"
2019-06-01 19:43:14[app.js] info: "GET /api/cars/get-cars 200 577 - 26.004 ms\n"
2019-06-01 19:44:41[app.js] info: "GET /api/cars/get-cars 304 - - 4.435 ms\n"
2019-06-01 19:44:53[app.js] info: "GET /api/cars/get-cars 304 - - 3.503 ms\n"
2019-06-01 19:45:44[app.js] info: "GET /api/cars/get-cars 304 - - 2.807 ms\n"
2019-06-01 19:46:10[app.js] info: "GET /api/cars/get-cars 304 - - 3.884 ms\n"
2019-06-01 19:48:50[app.js] info: "POST /api/cars/add-car 400 53 - 2.564 ms\n"
2019-06-01 19:49:26[app.js] info: "POST /api/cars/add-car 400 53 - 0.517 ms\n"
2019-06-01 19:49:44[app.js] info: "POST /api/cars/add-car 400 53 - 0.437 ms\n"
2019-06-01 19:50:48[app.js] info: "App is running on port: 8080"
2019-06-01 19:50:48[app.js] info: "Connected to database mongodb://localhost:27017/small-node-js-project"
2019-06-01 19:50:53[app.js] info: "POST /api/cars/add-car 400 53 - 5.615 ms\n"
2019-06-01 19:51:40[app.js] info: "App is running on port: 8080"
2019-06-01 19:51:40[app.js] info: "Connected to database mongodb://localhost:27017/small-node-js-project"
2019-06-01 19:52:02[app.js] info: "App is running on port: 8080"
2019-06-01 19:52:02[app.js] info: "Connected to database mongodb://localhost:27017/small-node-js-project"
2019-06-01 19:52:03[app.js] info: "App is running on port: 8080"
2019-06-01 19:52:03[app.js] info: "Connected to database mongodb://localhost:27017/small-node-js-project"
2019-06-01 19:52:13[app.js] info: "POST /api/cars/add-car 400 65 - 9.240 ms\n"
2019-06-01 19:52:52[app.js] info: "POST /api/cars/add-car 400 65 - 1.185 ms\n"
2019-06-01 19:53:01[app.js] info: "POST /api/cars/add-car 400 65 - 0.845 ms\n"
2019-06-01 19:53:41[app.js] info: "POST /api/cars/add-car 400 107 - 0.785 ms\n"
2019-06-01 19:54:04[app.js] info: "POST /api/cars/add-car 400 59 - 1.526 ms\n"
2019-06-01 19:54:38[app.js] info: "POST /api/cars/add-car 400 107 - 0.479 ms\n"
2019-06-01 19:57:36[app.js] info: "POST /api/cars/add-car 400 59 - 0.894 ms\n"
2019-06-01 19:58:25[app.js] info: "POST /api/cars/add-car 400 75 - 0.735 ms\n"
2019-06-01 19:58:46[app.js] info: "POST /api/cars/add-car 400 90 - 0.861 ms\n"
2019-06-01 19:58:54[app.js] info: "POST /api/cars/add-car 200 175 - 19.123 ms\n"
2019-06-01 19:59:01[app.js] info: "GET /api/cars/get-cars 200 729 - 13.966 ms\n"
2019-06-01 19:59:43[app.js] info: "App is running on port: 8080"
2019-06-01 19:59:43[app.js] info: "Connected to database mongodb://localhost:27017/small-node-js-project"
2019-06-01 20:00:28[app.js] info: "POST /api/cars/add-car 400 68 - 6.435 ms\n"
2019-06-01 20:00:33[app.js] info: "POST /api/cars/add-car 400 68 - 0.921 ms\n"
2019-06-01 20:00:49[app.js] info: "POST /api/cars/add-car 400 68 - 0.431 ms\n"
2019-06-01 20:01:04[app.js] info: "POST /api/cars/add-car 400 68 - 0.374 ms\n"
2019-06-01 20:01:25[app.js] info: "POST /api/cars/add-car 400 68 - 0.410 ms\n"
2019-06-01 20:01:50[app.js] info: "POST /api/cars/add-car 400 68 - 1.111 ms\n"
2019-06-01 20:02:45[app.js] info: "POST /api/cars/add-car 400 68 - 0.789 ms\n"
2019-06-01 20:04:21[app.js] info: "GET /api/userList/get-regular-users 304 - - 12.645 ms\n"
2019-06-01 20:04:24[app.js] info: "GET /api/userList/get-regular-users 304 - - 2.506 ms\n"
2019-06-01 20:04:26[app.js] info: "GET /api/cars/get-cars 304 - - 4.041 ms\n"
